MPASM 5.84                          CODE.ASM   11-18-2019  16:49:09         PAGE  1


LOC  OBJECT CODE     LINE SOURCE TEXT
  VALUE

                      00001 ; Universidade Federal do Ceará
                      00002 ; Departamento de Engenharia Elétrica
                      00003 ; Disciplina : Microprocessadores
                      00004 ; Aluno : Thyago Freitas da Silva
                      00005 ; Parte I do Projeto de Laboratório
                      00006     
                      00007 #INCLUDE <P16F628A.INC>
                      00001         LIST
                      00002 
                      00003 ;==========================================================================
                      00004 ; Build date : Mar 17 2019
                      00005 ;  MPASM PIC16F628A processor include
                      00006 ; 
                      00007 ;  (c) Copyright 1999-2019 Microchip Technology, All rights reserved
                      00008 ;==========================================================================
                      00009 
                      00386         LIST
                      00008 
                      00009 #DEFINE  MOTOR_ESQ   PORTB,0
                      00010 #DEFINE  MOTOR_DIR   PORTB,1
                      00011     
                      00012 #DEFINE  SENSOR      PORTA,2
                      00013     
                      00014 #DEFINE  CHAVE_MSB   PORTA,0
                      00015 #DEFINE  CHAVE_LSB   PORTA,1
                      00016     
                      00017 
                      00018 #DEFINE  CONTROLE2   PORTB,2
                      00019 #DEFINE  CONTROLE1   PORTB,3
                      00020     
                      00021 #DEFINE  LED         PORTB,4
                      00022     
  00000021            00023 CONT1   EQU 0X21
  00000022            00024 CONT2   EQU 0X22
  00000023            00025 CONT3   EQU 0X23
                      00026 
Warning[205]: Found directive in column 1. (ORG)
                      00027 ORG     0x00
0000   2???           00028     GOTO    INI
                      00029 
Warning[205]: Found directive in column 1. (ORG)
                      00030 ORG     0x04
0004   0009           00031     RETFIE
                      00032     
0005                  00033 INI:
                      00034   ; DESLIGANDO MODULO COMPARADOR 
0005   1283 1303      00035     BANKSEL CMCON
0007   3007           00036     MOVLW   0x07
0008   009F           00037     MOVWF   CMCON
                      00038     
                      00039   ; CONFIGURANDO PORTA COMO INPUT ATRAVES DO REGISTRADOR TRISA
0009   1683 1303      00040     BANKSEL TRISA
000B   3007           00041     MOVLW   B'00000111'
MPASM 5.84                          CODE.ASM   11-18-2019  16:49:09         PAGE  2


LOC  OBJECT CODE     LINE SOURCE TEXT
  VALUE

Message[302]: Register in operand not in bank 0.  Ensure that bank bits are correct.
000C   0085           00042     MOVWF   TRISA
                      00043     
                      00044   ; CONFIGURANDO PORTB COMO OUTPUT ATRAVES DO REGISTRADOR TRISB
000D   1683 1303      00045     BANKSEL TRISB
000F   3000           00046     MOVLW   0x00
Message[302]: Register in operand not in bank 0.  Ensure that bank bits are correct.
0010   0086           00047     MOVWF   TRISB
                      00048     
                      00049   ; CONFIGURAÇAO INICIAL DOS MOTORES = ATIVO
                      00050  
                      00051     ; LIMPANDO REGISTRADORES
0011   1283 1303      00052     BANKSEL PORTA
0013   0185           00053     CLRF    PORTA
0014   1283 1303      00054     BANKSEL PORTB
0016   0186           00055     CLRF    PORTB
                      00056     
0017   1206           00057     BCF     PORTB,4
                      00058     
0018   1686           00059     BSF     PORTB,5
                      00060     
0019                  00061 GIROINICIAL: 
                      00062     
                      00063     ; GIRO REVERSO - 180
0019   1283 1303      00064     BANKSEL PORTB
001B   1406           00065     BSF     MOTOR_ESQ
001C   1186           00066     BCF     CONTROLE1
                      00067     
001D   1086           00068     BCF     MOTOR_DIR
001E   1506           00069     BSF     CONTROLE2
                      00070     
                      00071     ; VOLTANDO AO NORMAL
001F   2???           00072     CALL    DELAY
0020   1006           00073     BCF     MOTOR_ESQ
0021   1586           00074     BSF     CONTROLE1
0022   1086           00075     BCF     MOTOR_DIR
0023   1506           00076     BSF     CONTROLE2
0024   2???           00077     GOTO    MAIN_1
                      00078     
0025                  00079 MAIN_1:
0025   1D05           00080     BTFSS   SENSOR          ; SE FOR 1, QUER DIZER QUE UMA LINHA FOI DETECTADA.
0026   0000           00081     NOP
0027   1905           00082     BTFSC   SENSOR           ; SE FOR 1, QUER DIZER QUE UMA OUTRA LINHA FOI DETECTADA.
0028   2???           00083     CALL    ANALISE_CURVA_1
0029   2???           00084     GOTO    MAIN_1 
                      00085 
002A                  00086 ANALISE_CURVA_1:
002A   1805           00087     BTFSC   CHAVE_MSB       ; SE CHAVE MSB = 1, CURVA PRA DIREITA
002B   2???           00088     CALL    CURVA_DIREITA
002C   1C05           00089     BTFSS   CHAVE_MSB
002D   2???           00090     CALL    CURVA_ESQUERDA  ; SE CHAVE MSB = 0, CURVA PRA ESQUERDA
002E   2???           00091     GOTO    MAIN_2
                      00092     
MPASM 5.84                          CODE.ASM   11-18-2019  16:49:09         PAGE  3


LOC  OBJECT CODE     LINE SOURCE TEXT
  VALUE

002F                  00093 MAIN_2:
002F   1D05           00094     BTFSS   SENSOR          ; SE FOR 1, QUER DIZER QUE UMA LINHA FOI DETECTADA.
0030   0000           00095     NOP
0031   1905           00096     BTFSC   SENSOR           ; SE FOR 1, QUER DIZER QUE UMA OUTRA LINHA FOI DETECTADA.
0032   2???           00097     CALL    ANALISE_CURVA_2
0033   2???           00098     GOTO    MAIN_2
                      00099     
0034                  00100 ANALISE_CURVA_2:
0034   1885           00101     BTFSC   CHAVE_LSB       ; SE CHAVE MSB = 1, CURVA PRA DIREITA
0035   2???           00102     CALL    CURVA_DIREITA
0036   1C85           00103     BTFSS   CHAVE_LSB
0037   2???           00104     CALL    CURVA_ESQUERDA  ; SE CHAVE MSB = 0, CURVA PRA ESQUERDA
0038   2???           00105     GOTO    ESPERAR_FIM
                      00106     
0039                  00107 ESPERAR_FIM:
0039   1D05           00108     BTFSS   SENSOR           ; SE FOR 1, QUER DIZER QUE UMA LINHA FOI DETECTADA.
003A   0000           00109     NOP
003B   1905           00110     BTFSC   SENSOR           ; SE FOR 1, QUER DIZER QUE UMA OUTRA LINHA FOI DETECTADA.
003C   2???           00111     CALL    ACENDER_LED
003D   2???           00112     GOTO    ESPERAR_FIM
                      00113 
003E                  00114 ACENDER_LED:
003E   1283 1303      00115     BANKSEL PORTA
0040   1606           00116     BSF     LED
0041   1283 1303      00117     BANKSEL PORTB
0043   1486           00118     BSF     MOTOR_DIR
0044   1406           00119     BSF     MOTOR_ESQ
0045   2???           00120     GOTO    LOOP_INFINITO
                      00121     
0046                  00122 LOOP_INFINITO:
0046   2???           00123     GOTO    LOOP_INFINITO
                      00124     
0047                  00125 CURVA_DIREITA:
0047   1486           00126     BSF     MOTOR_DIR
0048   2???           00127     CALL    DELAY
0049   1086           00128     BCF     MOTOR_DIR
004A   0008           00129     RETURN
                      00130     
004B                  00131 CURVA_ESQUERDA:
004B   1406           00132     BSF     MOTOR_ESQ
004C   2???           00133     CALL    DELAY
004D   1006           00134     BCF     MOTOR_ESQ
004E   0008           00135     RETURN
                      00136 
004F                  00137 DELAY:
004F   306D           00138     MOVLW 0X6D
0050   00A1           00139     MOVWF CONT1
0051   305E           00140     MOVLW 0X5E
0052   00A2           00141     MOVWF CONT2
0053   301A           00142     MOVLW 0X1A
0054   00A3           00143     MOVWF CONT3
Warning[207]: Found label after column 1. (LOOP)
0055                  00144     LOOP
MPASM 5.84                          CODE.ASM   11-18-2019  16:49:09         PAGE  4


LOC  OBJECT CODE     LINE SOURCE TEXT
  VALUE

0055   0BA1           00145     DECFSZ CONT1, 1
0056   2???           00146     GOTO LOOP
0057   0BA2           00147     DECFSZ CONT2, 1
0058   2???           00148     GOTO LOOP
0059   0BA3           00149     DECFSZ CONT3, 1
005A   2???           00150     GOTO LOOP
005B   0008           00151     RETURN
                      00152 
Warning[205]: Found directive in column 1. (END)
                      00153 END
MPASM 5.84                          CODE.ASM   11-18-2019  16:49:09         PAGE  5


SYMBOL TABLE
  LABEL                             VALUE 

ACENDER_LED                       0000003E
ADDEN                             00000003
ADEN                              00000003
ANALISE_CURVA_1                   0000002A
ANALISE_CURVA_2                   00000034
BRGH                              00000002
C                                 00000000
C1INV                             00000004
C1OUT                             00000006
C2INV                             00000005
C2OUT                             00000007
CCP1CON                           00000017
CCP1IE                            00000002
CCP1IF                            00000002
CCP1M0                            00000000
CCP1M1                            00000001
CCP1M2                            00000002
CCP1M3                            00000003
CCP1X                             00000005
CCP1Y                             00000004
CCPR1                             00000015
CCPR1H                            00000016
CCPR1L                            00000015
CHAVE_LSB                         PORTA,1
CHAVE_MSB                         PORTA,0
CIS                               00000003
CM0                               00000000
CM1                               00000001
CM2                               00000002
CMCON                             0000001F
CMIE                              00000006
CMIF                              00000006
CONT1                             00000021
CONT2                             00000022
CONT3                             00000023
CONTROLE1                         PORTB,3
CONTROLE2                         PORTB,2
CREN                              00000004
CSRC                              00000007
CURVA_DIREITA                     00000047
CURVA_ESQUERDA                    0000004B
DATA_CP_OFF                       00003FFF
DATA_CP_ON                        00003EFF
DC                                00000001
DELAY                             0000004F
EEADR                             0000009B
EECON1                            0000009C
EECON2                            0000009D
EEDATA                            0000009A
EEIE                              00000007
EEIF                              00000007
ESPERAR_FIM                       00000039
F                                 00000001
MPASM 5.84                          CODE.ASM   11-18-2019  16:49:09         PAGE  6


SYMBOL TABLE
  LABEL                             VALUE 

FERR                              00000002
FSR                               00000004
GIE                               00000007
GIROINICIAL                       00000019
INDF                              00000000
INI                               00000005
INTCON                            0000000B
INTE                              00000004
INTEDG                            00000006
INTF                              00000001
IRP                               00000007
LED                               PORTB,4
LOOP                              00000055
LOOP_INFINITO                     00000046
MAIN_1                            00000025
MAIN_2                            0000002F
MOTOR_DIR                         PORTB,1
MOTOR_ESQ                         PORTB,0
NOT_BO                            00000000
NOT_BOD                           00000000
NOT_BOR                           00000000
NOT_PD                            00000003
NOT_POR                           00000001
NOT_RBPU                          00000007
NOT_T1SYNC                        00000002
NOT_TO                            00000004
OERR                              00000001
OPTION_REG                        00000081
OSCF                              00000003
PCL                               00000002
PCLATH                            0000000A
PCON                              0000008E
PEIE                              00000006
PIE1                              0000008C
PIR1                              0000000C
PORTA                             00000005
PORTB                             00000006
PR2                               00000092
PS0                               00000000
PS1                               00000001
PS2                               00000002
PSA                               00000003
RA0                               00000000
RA1                               00000001
RA2                               00000002
RA3                               00000003
RA4                               00000004
RA5                               00000005
RA6                               00000006
RA7                               00000007
RB0                               00000000
RB1                               00000001
RB2                               00000002
MPASM 5.84                          CODE.ASM   11-18-2019  16:49:09         PAGE  7


SYMBOL TABLE
  LABEL                             VALUE 

RB3                               00000003
RB4                               00000004
RB5                               00000005
RB6                               00000006
RB7                               00000007
RBIE                              00000003
RBIF                              00000000
RCIE                              00000005
RCIF                              00000005
RCREG                             0000001A
RCSTA                             00000018
RD                                00000000
RP0                               00000005
RP1                               00000006
RX9                               00000006
RX9D                              00000000
SENSOR                            PORTA,2
SPBRG                             00000099
SPEN                              00000007
SREN                              00000005
STATUS                            00000003
SYNC                              00000004
T0CS                              00000005
T0IE                              00000005
T0IF                              00000002
T0SE                              00000004
T1CKPS0                           00000004
T1CKPS1                           00000005
T1CON                             00000010
T1OSCEN                           00000003
T2CKPS0                           00000000
T2CKPS1                           00000001
T2CON                             00000012
TMR0                              00000001
TMR0IE                            00000005
TMR0IF                            00000002
TMR1                              0000000E
TMR1CS                            00000001
TMR1H                             0000000F
TMR1IE                            00000000
TMR1IF                            00000000
TMR1L                             0000000E
TMR1ON                            00000000
TMR2                              00000011
TMR2IE                            00000001
TMR2IF                            00000001
TMR2ON                            00000002
TOUTPS0                           00000003
TOUTPS1                           00000004
TOUTPS2                           00000005
TOUTPS3                           00000006
TRISA                             00000085
TRISA0                            00000000
MPASM 5.84                          CODE.ASM   11-18-2019  16:49:09         PAGE  8


SYMBOL TABLE
  LABEL                             VALUE 

TRISA1                            00000001
TRISA2                            00000002
TRISA3                            00000003
TRISA4                            00000004
TRISA5                            00000005
TRISA6                            00000006
TRISA7                            00000007
TRISB                             00000086
TRISB0                            00000000
TRISB1                            00000001
TRISB2                            00000002
TRISB3                            00000003
TRISB4                            00000004
TRISB5                            00000005
TRISB6                            00000006
TRISB7                            00000007
TRMT                              00000001
TX9                               00000006
TX9D                              00000000
TXEN                              00000005
TXIE                              00000004
TXIF                              00000004
TXREG                             00000019
TXSTA                             00000098
VR0                               00000000
VR1                               00000001
VR2                               00000002
VR3                               00000003
VRCON                             0000009F
VREN                              00000007
VROE                              00000006
VRR                               00000005
W                                 00000000
WR                                00000001
WREN                              00000002
WRERR                             00000003
Z                                 00000002
_BODEN_OFF                        00003FBF
_BODEN_ON                         00003FFF
_BOREN_OFF                        00003FBF
_BOREN_ON                         00003FFF
_CONFIG                           00002007
_CPD_OFF                          00003FFF
_CPD_ON                           00003EFF
_CP_OFF                           00003FFF
_CP_ON                            00001FFF
_DEVID1                           00002006
_ER_OSC_CLKOUT                    00003FFF
_ER_OSC_NOCLKOUT                  00003FFE
_EXTCLK_OSC                       00003FEF
_FOSC_ECIO                        00003FEF
_FOSC_EXTRCCLK                    00003FFF
_FOSC_EXTRCIO                     00003FFE
MPASM 5.84                          CODE.ASM   11-18-2019  16:49:09         PAGE  9


SYMBOL TABLE
  LABEL                             VALUE 

_FOSC_HS                          00003FEE
_FOSC_INTOSCCLK                   00003FFD
_FOSC_INTOSCIO                    00003FFC
_FOSC_LP                          00003FEC
_FOSC_XT                          00003FED
_HS_OSC                           00003FEE
_IDLOC0                           00002000
_IDLOC1                           00002001
_IDLOC2                           00002002
_IDLOC3                           00002003
_INTOSC_OSC_CLKOUT                00003FFD
_INTOSC_OSC_NOCLKOUT              00003FFC
_INTRC_OSC_CLKOUT                 00003FFD
_INTRC_OSC_NOCLKOUT               00003FFC
_LP_OSC                           00003FEC
_LVP_OFF                          00003F7F
_LVP_ON                           00003FFF
_MCLRE_OFF                        00003FDF
_MCLRE_ON                         00003FFF
_PWRTE_OFF                        00003FFF
_PWRTE_ON                         00003FF7
_RC_OSC_CLKOUT                    00003FFF
_RC_OSC_NOCLKOUT                  00003FFE
_WDTE_OFF                         00003FFB
_WDTE_ON                          00003FFF
_WDT_OFF                          00003FFB
_WDT_ON                           00003FFF
_XT_OSC                           00003FED
__16F628A                         00000001

Errors   :     0
Warnings :     4 reported,     0 suppressed
Messages :     2 reported,     0 suppressed

