MPASM 5.84                     PIC16F628.ASM   11-5-2019  14:05:09         PAGE  1


LOC  OBJECT CODE     LINE SOURCE TEXT
  VALUE

                      00001 ; Universidade Federal do Ceará
                      00002 ; Departamento de Engenharia Elétrica
                      00003 ; Disciplina : Microprocessadores
                      00004 ; Aluno : Thyago Freitas da Silva
                      00005 ; Parte V do Projeto de Laboratório
                      00006     
                      00007 #INCLUDE <P16F628.INC>
                      00001         LIST
                      00002 
                      00003 ;==========================================================================
                      00004 ; Build date : Mar 17 2019
                      00005 ;  MPASM PIC16F628 processor include
                      00006 ; 
                      00007 ;  (c) Copyright 1999-2019 Microchip Technology, All rights reserved
                      00008 ;==========================================================================
                      00009 
                      00382         LIST
                      00008 
                      00009 #DEFINE  CHAVE_MSB   PORTA,0
                      00010 #DEFINE  CHAVE_LSB   PORTA,1
                      00011 #DEFINE  BOTAO       PORTA,2
                      00012     
                      00013 #DEFINE  MOTOR_ESQ   PORTB,0
                      00014 #DEFINE  MOTOR_DIR   PORTB,1
                      00015 #DEFINE  LED         PORTB,2
                      00016     
                      00017     
  00000021            00018 CONT1   EQU 0X21
  00000022            00019 CONT2   EQU 0X22
  00000023            00020 CONT3   EQU 0X23
                      00021 
Warning[205]: Found directive in column 1. (ORG)
                      00022 ORG     0x00
0000   2???           00023     GOTO    INI
                      00024 
Warning[205]: Found directive in column 1. (ORG)
                      00025 ORG     0x04
0004   0009           00026     RETFIE
                      00027     
0005                  00028 INI:
                      00029   ; DESLIGANDO MODULO COMPARADOR 
0005   1283 1303      00030     BANKSEL CMCON
0007   3007           00031     MOVLW   0x07
0008   009F           00032     MOVWF   CMCON
                      00033     
                      00034   ; CONFIGURANDO PORTA COMO INPUT ATRAVES DO REGISTRADOR TRISA
0009   1683 1303      00035     BANKSEL TRISA
000B   3007           00036     MOVLW   B'00000111'
Message[302]: Register in operand not in bank 0.  Ensure that bank bits are correct.
000C   0085           00037     MOVWF   TRISA
                      00038     
                      00039   ; CONFIGURANDO PORTB COMO OUTPUT ATRAVES DO REGISTRADOR TRISB
000D   1683 1303      00040     BANKSEL TRISB
MPASM 5.84                     PIC16F628.ASM   11-5-2019  14:05:09         PAGE  2


LOC  OBJECT CODE     LINE SOURCE TEXT
  VALUE

000F   3000           00041     MOVLW   0x00
Message[302]: Register in operand not in bank 0.  Ensure that bank bits are correct.
0010   0086           00042     MOVWF   TRISB
                      00043     
                      00044   ; CONFIGURACAO INICIAL DOS MOTORES = ATIVO
0011   1283 1303      00045     BANKSEL PORTB
0013   0186           00046     CLRF    PORTB  
                      00047     
0014   1283 1303      00048     BANKSEL PORTA
0016   1585           00049     BSF     PORTA,3
                      00050        
0017                  00051 MAIN_X:
0017   1283 1303      00052     BANKSEL PORTA
0019   1905           00053     BTFSC   BOTAO              ; SE FOR 1, QUER DIZER QUE UMA LINHA FOI DETECTADA.
001A   2???           00054     CALL    ANALISE_CURVA_X
001B   2???           00055     GOTO    MAIN_X
                      00056 
001C                  00057 ANALISE_CURVA_X:
001C   1805           00058     BTFSC   CHAVE_MSB           
001D   2???           00059     CALL    ANALISE_CURVA_1     ; SE CHAVE MSB = 1, ANALISE PARA VER O LSB
001E   1C05           00060     BTFSS   CHAVE_MSB
001F   2???           00061     CALL    ANALISE_CURVA_0     ; SE CHAVE MSB = 0, ANALISE PARA VER O LSB
                      00062     
0020                  00063 ANALISE_CURVA_0:
0020   1885           00064     BTFSC   CHAVE_LSB
0021   2???           00065     CALL    CURVA_ESQUERDA      ; SE CHAVE LSB = 1, CURVA A ESQUERDA
0022   1C85           00066     BTFSS   CHAVE_LSB
0023   2???           00067     CALL    CURVA_DIREITA       ; SE CHAVE LSB = 0, CURVA A DIREITA
0024   2???           00068     GOTO    ANALISE_CURVA_FINAL_0
                      00069     
0025                  00070 ANALISE_CURVA_1:
0025   1885           00071     BTFSC   CHAVE_LSB           
0026   2???           00072     CALL    CURVA_ESQUERDA      ; SE CHAVE LSB = 1, CURVA PRA ESQUERDA
0027   1C85           00073     BTFSS   CHAVE_LSB
0028   2???           00074     CALL    CURVA_DIREITA       ; SE CHAVE LSB = 0, CURVA PRA DIREITA
0029   2???           00075     GOTO    ANALISE_CURVA_FINAL_1
                      00076     
002A                  00077 ANALISE_CURVA_FINAL_0:
002A   1905           00078     BTFSC   BOTAO
002B   2???           00079     CALL    CURVA_FINAL_0
002C   2???           00080     GOTO    ANALISE_CURVA_FINAL_0
                      00081     
002D                  00082 ANALISE_CURVA_FINAL_1:
002D   1905           00083     BTFSC   BOTAO
002E   2???           00084     CALL    CURVA_FINAL_1
002F   2???           00085     GOTO    ANALISE_CURVA_FINAL_1
                      00086 
0030                  00087 CURVA_FINAL_0:
0030   2???           00088     CALL    CURVA_DIREITA
0031   2???           00089     GOTO    ESPERAR_FIM
                      00090   
0032                  00091 CURVA_FINAL_1:
0032   2???           00092     CALL    CURVA_ESQUERDA
MPASM 5.84                     PIC16F628.ASM   11-5-2019  14:05:09         PAGE  3


LOC  OBJECT CODE     LINE SOURCE TEXT
  VALUE

0033   2???           00093     GOTO    ESPERAR_FIM
                      00094     
0034                  00095 ESPERAR_FIM:
0034   1905           00096     BTFSC   BOTAO
0035   2???           00097     CALL    PARAR
0036   2???           00098     GOTO    ESPERAR_FIM
                      00099    
0037                  00100 PARAR:
0037   1283 1303      00101     BANKSEL PORTB
0039   1506           00102     BSF     LED
003A   1486           00103     BSF     MOTOR_DIR
003B   1406           00104     BSF     MOTOR_ESQ
003C   2???           00105     GOTO    LOOP_INFINITO
                      00106     
003D                  00107 LOOP_INFINITO:
003D   2???           00108     GOTO    LOOP_INFINITO
                      00109     
003E                  00110 CURVA_DIREITA:
003E   1283 1303      00111     BANKSEL PORTB
0040   1486           00112     BSF     MOTOR_DIR
0041   2???           00113     CALL    DELAY
0042   1283 1303      00114     BANKSEL PORTB
0044   1086           00115     BCF     MOTOR_DIR
0045   0008           00116     RETURN
                      00117     
0046                  00118 CURVA_ESQUERDA:
0046   1283 1303      00119     BANKSEL PORTB
0048   1406           00120     BSF     MOTOR_ESQ
0049   2???           00121     CALL    DELAY
004A   1283 1303      00122     BANKSEL PORTB
004C   1006           00123     BCF     MOTOR_ESQ
004D   0008           00124     RETURN
                      00125 
004E                  00126 DELAY:
004E   306D           00127     MOVLW 0X6D
004F   00A1           00128     MOVWF CONT1
0050   305E           00129     MOVLW 0X5E
0051   00A2           00130     MOVWF CONT2
0052   301A           00131     MOVLW 0X1A
0053   00A3           00132     MOVWF CONT3
Warning[207]: Found label after column 1. (LOOP)
0054                  00133     LOOP
0054   0BA1           00134     DECFSZ CONT1, 1
0055   2???           00135     GOTO LOOP
0056   0BA2           00136     DECFSZ CONT2, 1
0057   2???           00137     GOTO LOOP
0058   0BA3           00138     DECFSZ CONT3, 1
0059   2???           00139     GOTO LOOP
005A   0008           00140     RETURN
                      00141 
Warning[205]: Found directive in column 1. (END)
                      00142 END
MPASM 5.84                     PIC16F628.ASM   11-5-2019  14:05:09         PAGE  4


SYMBOL TABLE
  LABEL                             VALUE 

ADDEN                             00000003
ADEN                              00000003
ANALISE_CURVA_0                   00000020
ANALISE_CURVA_1                   00000025
ANALISE_CURVA_FINAL_0             0000002A
ANALISE_CURVA_FINAL_1             0000002D
ANALISE_CURVA_X                   0000001C
BOTAO                             PORTA,2
BRGH                              00000002
C                                 00000000
C1INV                             00000004
C1OUT                             00000006
C2INV                             00000005
C2OUT                             00000007
CCP1CON                           00000017
CCP1IE                            00000002
CCP1IF                            00000002
CCP1M0                            00000000
CCP1M1                            00000001
CCP1M2                            00000002
CCP1M3                            00000003
CCP1X                             00000005
CCP1Y                             00000004
CCPR1                             00000015
CCPR1H                            00000016
CCPR1L                            00000015
CHAVE_LSB                         PORTA,1
CHAVE_MSB                         PORTA,0
CIS                               00000003
CM0                               00000000
CM1                               00000001
CM2                               00000002
CMCON                             0000001F
CMIE                              00000006
CMIF                              00000006
CONT1                             00000021
CONT2                             00000022
CONT3                             00000023
CREN                              00000004
CSRC                              00000007
CURVA_DIREITA                     0000003E
CURVA_ESQUERDA                    00000046
CURVA_FINAL_0                     00000030
CURVA_FINAL_1                     00000032
DATA_CP_OFF                       00003FFF
DATA_CP_ON                        00003EFF
DC                                00000001
DELAY                             0000004E
EEADR                             0000009B
EECON1                            0000009C
EECON2                            0000009D
EEDATA                            0000009A
EEIE                              00000007
MPASM 5.84                     PIC16F628.ASM   11-5-2019  14:05:09         PAGE  5


SYMBOL TABLE
  LABEL                             VALUE 

EEIF                              00000007
ESPERAR_FIM                       00000034
F                                 00000001
FERR                              00000002
FSR                               00000004
GIE                               00000007
INDF                              00000000
INI                               00000005
INTCON                            0000000B
INTE                              00000004
INTEDG                            00000006
INTF                              00000001
IRP                               00000007
LED                               PORTB,2
LOOP                              00000054
LOOP_INFINITO                     0000003D
MAIN_X                            00000017
MOTOR_DIR                         PORTB,1
MOTOR_ESQ                         PORTB,0
NOT_BO                            00000000
NOT_BOD                           00000000
NOT_BOR                           00000000
NOT_PD                            00000003
NOT_POR                           00000001
NOT_RBPU                          00000007
NOT_T1SYNC                        00000002
NOT_TO                            00000004
OERR                              00000001
OPTION_REG                        00000081
OSCF                              00000003
PARAR                             00000037
PCL                               00000002
PCLATH                            0000000A
PCON                              0000008E
PEIE                              00000006
PIE1                              0000008C
PIR1                              0000000C
PORTA                             00000005
PORTB                             00000006
PR2                               00000092
PS0                               00000000
PS1                               00000001
PS2                               00000002
PSA                               00000003
RA0                               00000000
RA1                               00000001
RA2                               00000002
RA3                               00000003
RA4                               00000004
RA5                               00000005
RA6                               00000006
RA7                               00000007
RB0                               00000000
MPASM 5.84                     PIC16F628.ASM   11-5-2019  14:05:09         PAGE  6


SYMBOL TABLE
  LABEL                             VALUE 

RB1                               00000001
RB2                               00000002
RB3                               00000003
RB4                               00000004
RB5                               00000005
RB6                               00000006
RB7                               00000007
RBIE                              00000003
RBIF                              00000000
RCIE                              00000005
RCIF                              00000005
RCREG                             0000001A
RCSTA                             00000018
RD                                00000000
RP0                               00000005
RP1                               00000006
RX9                               00000006
RX9D                              00000000
SPBRG                             00000099
SPEN                              00000007
SREN                              00000005
STATUS                            00000003
SYNC                              00000004
T0CS                              00000005
T0IE                              00000005
T0IF                              00000002
T0SE                              00000004
T1CKPS0                           00000004
T1CKPS1                           00000005
T1CON                             00000010
T1OSCEN                           00000003
T2CKPS0                           00000000
T2CKPS1                           00000001
T2CON                             00000012
TMR0                              00000001
TMR0IE                            00000005
TMR0IF                            00000002
TMR1                              0000000E
TMR1CS                            00000001
TMR1H                             0000000F
TMR1IE                            00000000
TMR1IF                            00000000
TMR1L                             0000000E
TMR1ON                            00000000
TMR2                              00000011
TMR2IE                            00000001
TMR2IF                            00000001
TMR2ON                            00000002
TOUTPS0                           00000003
TOUTPS1                           00000004
TOUTPS2                           00000005
TOUTPS3                           00000006
TRISA                             00000085
MPASM 5.84                     PIC16F628.ASM   11-5-2019  14:05:09         PAGE  7


SYMBOL TABLE
  LABEL                             VALUE 

TRISA0                            00000000
TRISA1                            00000001
TRISA2                            00000002
TRISA3                            00000003
TRISA4                            00000004
TRISA5                            00000005
TRISA6                            00000006
TRISA7                            00000007
TRISB                             00000086
TRISB0                            00000000
TRISB1                            00000001
TRISB2                            00000002
TRISB3                            00000003
TRISB4                            00000004
TRISB5                            00000005
TRISB6                            00000006
TRISB7                            00000007
TRMT                              00000001
TX9                               00000006
TX9D                              00000000
TXEN                              00000005
TXIE                              00000004
TXIF                              00000004
TXREG                             00000019
TXSTA                             00000098
VR0                               00000000
VR1                               00000001
VR2                               00000002
VR3                               00000003
VRCON                             0000009F
VREN                              00000007
VROE                              00000006
VRR                               00000005
W                                 00000000
WR                                00000001
WREN                              00000002
WRERR                             00000003
Z                                 00000002
_BODEN_OFF                        00003FBF
_BODEN_ON                         00003FFF
_BOREN_OFF                        00003FBF
_BOREN_ON                         00003FFF
_CONFIG                           00002007
_CPD_OFF                          00003FFF
_CPD_ON                           00003EFF
_CP_50                            00002BFF
_CP_75                            000017FF
_CP_ALL                           000003FF
_CP_OFF                           00003FFF
_DEVID1                           00002006
_ER_OSC_CLKOUT                    00003FFF
_ER_OSC_NOCLKOUT                  00003FFE
_EXTCLK_OSC                       00003FEF
MPASM 5.84                     PIC16F628.ASM   11-5-2019  14:05:09         PAGE  8


SYMBOL TABLE
  LABEL                             VALUE 

_FOSC_ECIO                        00003FEF
_FOSC_ERCLK                       00003FFF
_FOSC_ERIO                        00003FFE
_FOSC_HS                          00003FEE
_FOSC_INTOSCCLK                   00003FFD
_FOSC_INTOSCIO                    00003FFC
_FOSC_LP                          00003FEC
_FOSC_XT                          00003FED
_HS_OSC                           00003FEE
_IDLOC0                           00002000
_IDLOC1                           00002001
_IDLOC2                           00002002
_IDLOC3                           00002003
_INTRC_OSC_CLKOUT                 00003FFD
_INTRC_OSC_NOCLKOUT               00003FFC
_LP_OSC                           00003FEC
_LVP_OFF                          00003F7F
_LVP_ON                           00003FFF
_MCLRE_OFF                        00003FDF
_MCLRE_ON                         00003FFF
_PWRTE_OFF                        00003FFF
_PWRTE_ON                         00003FF7
_WDTE_OFF                         00003FFB
_WDTE_ON                          00003FFF
_WDT_OFF                          00003FFB
_WDT_ON                           00003FFF
_XT_OSC                           00003FED
__16F628                          00000001

Errors   :     0
Warnings :     4 reported,     0 suppressed
Messages :     2 reported,     0 suppressed

