MPASM 5.84                          LAB3.ASM   9-13-2019  19:02:16         PAGE  1


LOC  OBJECT CODE     LINE SOURCE TEXT
  VALUE

                      00001 #INCLUDE <P16F628A.INC>
                      00001         LIST
                      00002 
                      00003 ;==========================================================================
                      00004 ; Build date : Mar 17 2019
                      00005 ;  MPASM PIC16F628A processor include
                      00006 ; 
                      00007 ;  (c) Copyright 1999-2019 Microchip Technology, All rights reserved
                      00008 ;==========================================================================
                      00009 
                      00386         LIST
                      00002 
  00000070            00003 at_x       EQU   0x70
  00000071            00004 tempd1     EQU   0x71
  00000072            00005 tempd2     EQU   0x72
                      00006 
Warning[205]: Found directive in column 1. (ORG)
                      00007 ORG     0x00
Warning[203]: Found opcode in column 1. (GOTO)
0000   2???           00008 GOTO    INI
                      00009 
Warning[205]: Found directive in column 1. (ORG)
                      00010 ORG     0x04
Warning[203]: Found opcode in column 1. (RETFIE)
0004   0009           00011 RETFIE
                      00012 
0005                  00013 INI
Warning[205]: Found directive in column 1. (BANKSEL)
0005   1683 1303      00014 BANKSEL SPBRG
Warning[203]: Found opcode in column 1. (MOVLW)
0007   3040           00015 MOVLW   D'64'
Warning[203]: Found opcode in column 1. (MOVWF)
Message[302]: Register in operand not in bank 0.  Ensure that bank bits are correct.
0008   0099           00016 MOVWF   SPBRG
                      00017 
Warning[205]: Found directive in column 1. (BANKSEL)
0009   1683 1303      00018 BANKSEL TXSTA
Warning[203]: Found opcode in column 1. (MOVLW)
000B   3024           00019 MOVLW   0X24
Warning[203]: Found opcode in column 1. (MOVWF)
Message[302]: Register in operand not in bank 0.  Ensure that bank bits are correct.
000C   0098           00020 MOVWF   TXSTA
                      00021 
Warning[205]: Found directive in column 1. (BANKSEL)
000D   1683 1303      00022 BANKSEL TRISA
Warning[203]: Found opcode in column 1. (BCF)
Message[302]: Register in operand not in bank 0.  Ensure that bank bits are correct.
000F   1005           00023 BCF     TRISA,RA0
Warning[203]: Found opcode in column 1. (BCF)
Message[302]: Register in operand not in bank 0.  Ensure that bank bits are correct.
0010   1085           00024 BCF     TRISA,RA1
                      00025 
Warning[205]: Found directive in column 1. (BANKSEL)
MPASM 5.84                          LAB3.ASM   9-13-2019  19:02:16         PAGE  2


LOC  OBJECT CODE     LINE SOURCE TEXT
  VALUE

0011   1283 1303      00026 BANKSEL CMCON
Warning[203]: Found opcode in column 1. (MOVLW)
0013   3007           00027 MOVLW   0x07
Warning[203]: Found opcode in column 1. (MOVWF)
0014   009F           00028 MOVWF   CMCON
                      00029 
Warning[205]: Found directive in column 1. (BANKSEL)
0015   1283 1303      00030 BANKSEL RCSTA
Warning[203]: Found opcode in column 1. (MOVLW)
0017   3090           00031 MOVLW   0X90
Warning[203]: Found opcode in column 1. (MOVWF)
0018   0098           00032 MOVWF   RCSTA
                      00033 
Warning[205]: Found directive in column 1. (BANKSEL)
0019   1683 1303      00034 BANKSEL TRISB
Warning[203]: Found opcode in column 1. (BCF)
Message[302]: Register in operand not in bank 0.  Ensure that bank bits are correct.
001B   1106           00035 BCF     TRISB,2
Warning[203]: Found opcode in column 1. (BSF)
Message[302]: Register in operand not in bank 0.  Ensure that bank bits are correct.
001C   1486           00036 BSF     TRISB,1
                      00037 
001D                  00038 MAIN
Warning[203]: Found opcode in column 1. (BTFSC)
001D   1805           00039 BTFSC   PORTA,0
Warning[203]: Found opcode in column 1. (CALL)
001E   2???           00040 CALL    MANDAR_X
Warning[203]: Found opcode in column 1. (BTFSS)
001F   1C05           00041 BTFSS   PORTA,0
Warning[203]: Found opcode in column 1. (CALL)
0020   2???           00042 CALL    MANDAR_A
Warning[203]: Found opcode in column 1. (CALL)
0021   2???           00043 CALL    d10_10ms
Warning[203]: Found opcode in column 1. (GOTO)
0022   2???           00044 GOTO    MAIN
                      00045 
                      00046 
0023                  00047 MANDAR_X:
0023   1283 1303      00048     BANKSEL TXREG
0025   3058           00049     MOVLW   A'X'
0026   0099           00050     MOVWF   TXREG
0027   0008           00051     RETURN
                      00052 
0028                  00053 MANDAR_A:
0028   1283 1303      00054     BANKSEL TXREG
002A   3041           00055     MOVLW   A'A'
002B   0099           00056     MOVWF   TXREG
002C   0008           00057     RETURN
                      00058 
                      00059 ;10 ms delay routine (10 MHz)
                      00060 ;*******************
002D                  00061 d10_10ms
002D   3020           00062         movlw   .32             ;
MPASM 5.84                          LAB3.ASM   9-13-2019  19:02:16         PAGE  3


LOC  OBJECT CODE     LINE SOURCE TEXT
  VALUE

002E   00F1           00063         movwf   tempd1          ;
002F   30FF           00064 dly_10y movlw   .255            ;
0030   00F2           00065         movwf   tempd2          ;
0031   0BF2           00066 dly_10x decfsz  tempd2,1        ;
0032   2???           00067         goto    dly_10x         ;
0033   0064           00068         clrwdt                  ;
0034   0BF1           00069         decfsz  tempd1,1        ;
0035   2???           00070         goto    dly_10y         ;
0036   0008           00071         return                  ;
                      00072 
Warning[205]: Found directive in column 1. (END)
                      00073 END
MPASM 5.84                          LAB3.ASM   9-13-2019  19:02:16         PAGE  4


SYMBOL TABLE
  LABEL                             VALUE 

ADDEN                             00000003
ADEN                              00000003
BRGH                              00000002
C                                 00000000
C1INV                             00000004
C1OUT                             00000006
C2INV                             00000005
C2OUT                             00000007
CCP1CON                           00000017
CCP1IE                            00000002
CCP1IF                            00000002
CCP1M0                            00000000
CCP1M1                            00000001
CCP1M2                            00000002
CCP1M3                            00000003
CCP1X                             00000005
CCP1Y                             00000004
CCPR1                             00000015
CCPR1H                            00000016
CCPR1L                            00000015
CIS                               00000003
CM0                               00000000
CM1                               00000001
CM2                               00000002
CMCON                             0000001F
CMIE                              00000006
CMIF                              00000006
CREN                              00000004
CSRC                              00000007
DATA_CP_OFF                       00003FFF
DATA_CP_ON                        00003EFF
DC                                00000001
EEADR                             0000009B
EECON1                            0000009C
EECON2                            0000009D
EEDATA                            0000009A
EEIE                              00000007
EEIF                              00000007
F                                 00000001
FERR                              00000002
FSR                               00000004
GIE                               00000007
INDF                              00000000
INI                               00000005
INTCON                            0000000B
INTE                              00000004
INTEDG                            00000006
INTF                              00000001
IRP                               00000007
MAIN                              0000001D
MANDAR_A                          00000028
MANDAR_X                          00000023
NOT_BO                            00000000
MPASM 5.84                          LAB3.ASM   9-13-2019  19:02:16         PAGE  5


SYMBOL TABLE
  LABEL                             VALUE 

NOT_BOD                           00000000
NOT_BOR                           00000000
NOT_PD                            00000003
NOT_POR                           00000001
NOT_RBPU                          00000007
NOT_T1SYNC                        00000002
NOT_TO                            00000004
OERR                              00000001
OPTION_REG                        00000081
OSCF                              00000003
PCL                               00000002
PCLATH                            0000000A
PCON                              0000008E
PEIE                              00000006
PIE1                              0000008C
PIR1                              0000000C
PORTA                             00000005
PORTB                             00000006
PR2                               00000092
PS0                               00000000
PS1                               00000001
PS2                               00000002
PSA                               00000003
RA0                               00000000
RA1                               00000001
RA2                               00000002
RA3                               00000003
RA4                               00000004
RA5                               00000005
RA6                               00000006
RA7                               00000007
RB0                               00000000
RB1                               00000001
RB2                               00000002
RB3                               00000003
RB4                               00000004
RB5                               00000005
RB6                               00000006
RB7                               00000007
RBIE                              00000003
RBIF                              00000000
RCIE                              00000005
RCIF                              00000005
RCREG                             0000001A
RCSTA                             00000018
RD                                00000000
RP0                               00000005
RP1                               00000006
RX9                               00000006
RX9D                              00000000
SPBRG                             00000099
SPEN                              00000007
SREN                              00000005
MPASM 5.84                          LAB3.ASM   9-13-2019  19:02:16         PAGE  6


SYMBOL TABLE
  LABEL                             VALUE 

STATUS                            00000003
SYNC                              00000004
T0CS                              00000005
T0IE                              00000005
T0IF                              00000002
T0SE                              00000004
T1CKPS0                           00000004
T1CKPS1                           00000005
T1CON                             00000010
T1OSCEN                           00000003
T2CKPS0                           00000000
T2CKPS1                           00000001
T2CON                             00000012
TMR0                              00000001
TMR0IE                            00000005
TMR0IF                            00000002
TMR1                              0000000E
TMR1CS                            00000001
TMR1H                             0000000F
TMR1IE                            00000000
TMR1IF                            00000000
TMR1L                             0000000E
TMR1ON                            00000000
TMR2                              00000011
TMR2IE                            00000001
TMR2IF                            00000001
TMR2ON                            00000002
TOUTPS0                           00000003
TOUTPS1                           00000004
TOUTPS2                           00000005
TOUTPS3                           00000006
TRISA                             00000085
TRISA0                            00000000
TRISA1                            00000001
TRISA2                            00000002
TRISA3                            00000003
TRISA4                            00000004
TRISA5                            00000005
TRISA6                            00000006
TRISA7                            00000007
TRISB                             00000086
TRISB0                            00000000
TRISB1                            00000001
TRISB2                            00000002
TRISB3                            00000003
TRISB4                            00000004
TRISB5                            00000005
TRISB6                            00000006
TRISB7                            00000007
TRMT                              00000001
TX9                               00000006
TX9D                              00000000
TXEN                              00000005
MPASM 5.84                          LAB3.ASM   9-13-2019  19:02:16         PAGE  7


SYMBOL TABLE
  LABEL                             VALUE 

TXIE                              00000004
TXIF                              00000004
TXREG                             00000019
TXSTA                             00000098
VR0                               00000000
VR1                               00000001
VR2                               00000002
VR3                               00000003
VRCON                             0000009F
VREN                              00000007
VROE                              00000006
VRR                               00000005
W                                 00000000
WR                                00000001
WREN                              00000002
WRERR                             00000003
Z                                 00000002
_BODEN_OFF                        00003FBF
_BODEN_ON                         00003FFF
_BOREN_OFF                        00003FBF
_BOREN_ON                         00003FFF
_CONFIG                           00002007
_CPD_OFF                          00003FFF
_CPD_ON                           00003EFF
_CP_OFF                           00003FFF
_CP_ON                            00001FFF
_DEVID1                           00002006
_ER_OSC_CLKOUT                    00003FFF
_ER_OSC_NOCLKOUT                  00003FFE
_EXTCLK_OSC                       00003FEF
_FOSC_ECIO                        00003FEF
_FOSC_EXTRCCLK                    00003FFF
_FOSC_EXTRCIO                     00003FFE
_FOSC_HS                          00003FEE
_FOSC_INTOSCCLK                   00003FFD
_FOSC_INTOSCIO                    00003FFC
_FOSC_LP                          00003FEC
_FOSC_XT                          00003FED
_HS_OSC                           00003FEE
_IDLOC0                           00002000
_IDLOC1                           00002001
_IDLOC2                           00002002
_IDLOC3                           00002003
_INTOSC_OSC_CLKOUT                00003FFD
_INTOSC_OSC_NOCLKOUT              00003FFC
_INTRC_OSC_CLKOUT                 00003FFD
_INTRC_OSC_NOCLKOUT               00003FFC
_LP_OSC                           00003FEC
_LVP_OFF                          00003F7F
_LVP_ON                           00003FFF
_MCLRE_OFF                        00003FDF
_MCLRE_ON                         00003FFF
_PWRTE_OFF                        00003FFF
MPASM 5.84                          LAB3.ASM   9-13-2019  19:02:16         PAGE  8


SYMBOL TABLE
  LABEL                             VALUE 

_PWRTE_ON                         00003FF7
_RC_OSC_CLKOUT                    00003FFF
_RC_OSC_NOCLKOUT                  00003FFE
_WDTE_OFF                         00003FFB
_WDTE_ON                          00003FFF
_WDT_OFF                          00003FFB
_WDT_ON                           00003FFF
_XT_OSC                           00003FED
__16F628A                         00000001
at_x                              00000070
d10_10ms                          0000002D
dly_10x                           00000031
dly_10y                           0000002F
tempd1                            00000071
tempd2                            00000072

Errors   :     0
Warnings :    29 reported,     0 suppressed
Messages :     6 reported,     0 suppressed

