Warning[205] C:\USERS\THYAG\ONEDRIVE\DOCUMENTOS\GITHUB\MICROPROCESSORS-MICROCONTROLLERS\ASSIGNMENT 03 - LAB\LAB3.X\LAB3.ASM 7 : Found directive in column 1. (ORG)
Warning[203] C:\USERS\THYAG\ONEDRIVE\DOCUMENTOS\GITHUB\MICROPROCESSORS-MICROCONTROLLERS\ASSIGNMENT 03 - LAB\LAB3.X\LAB3.ASM 8 : Found opcode in column 1. (GOTO)
Warning[205] C:\USERS\THYAG\ONEDRIVE\DOCUMENTOS\GITHUB\MICROPROCESSORS-MICROCONTROLLERS\ASSIGNMENT 03 - LAB\LAB3.X\LAB3.ASM 10 : Found directive in column 1. (ORG)
Warning[203] C:\USERS\THYAG\ONEDRIVE\DOCUMENTOS\GITHUB\MICROPROCESSORS-MICROCONTROLLERS\ASSIGNMENT 03 - LAB\LAB3.X\LAB3.ASM 11 : Found opcode in column 1. (RETFIE)
Warning[205] C:\USERS\THYAG\ONEDRIVE\DOCUMENTOS\GITHUB\MICROPROCESSORS-MICROCONTROLLERS\ASSIGNMENT 03 - LAB\LAB3.X\LAB3.ASM 14 : Found directive in column 1. (BANKSEL)
Warning[203] C:\USERS\THYAG\ONEDRIVE\DOCUMENTOS\GITHUB\MICROPROCESSORS-MICROCONTROLLERS\ASSIGNMENT 03 - LAB\LAB3.X\LAB3.ASM 15 : Found opcode in column 1. (MOVLW)
Warning[203] C:\USERS\THYAG\ONEDRIVE\DOCUMENTOS\GITHUB\MICROPROCESSORS-MICROCONTROLLERS\ASSIGNMENT 03 - LAB\LAB3.X\LAB3.ASM 16 : Found opcode in column 1. (MOVWF)
Message[302] C:\USERS\THYAG\ONEDRIVE\DOCUMENTOS\GITHUB\MICROPROCESSORS-MICROCONTROLLERS\ASSIGNMENT 03 - LAB\LAB3.X\LAB3.ASM 16 : Register in operand not in bank 0.  Ensure that bank bits are correct.
Warning[205] C:\USERS\THYAG\ONEDRIVE\DOCUMENTOS\GITHUB\MICROPROCESSORS-MICROCONTROLLERS\ASSIGNMENT 03 - LAB\LAB3.X\LAB3.ASM 18 : Found directive in column 1. (BANKSEL)
Warning[203] C:\USERS\THYAG\ONEDRIVE\DOCUMENTOS\GITHUB\MICROPROCESSORS-MICROCONTROLLERS\ASSIGNMENT 03 - LAB\LAB3.X\LAB3.ASM 19 : Found opcode in column 1. (MOVLW)
Warning[203] C:\USERS\THYAG\ONEDRIVE\DOCUMENTOS\GITHUB\MICROPROCESSORS-MICROCONTROLLERS\ASSIGNMENT 03 - LAB\LAB3.X\LAB3.ASM 20 : Found opcode in column 1. (MOVWF)
Message[302] C:\USERS\THYAG\ONEDRIVE\DOCUMENTOS\GITHUB\MICROPROCESSORS-MICROCONTROLLERS\ASSIGNMENT 03 - LAB\LAB3.X\LAB3.ASM 20 : Register in operand not in bank 0.  Ensure that bank bits are correct.
Warning[205] C:\USERS\THYAG\ONEDRIVE\DOCUMENTOS\GITHUB\MICROPROCESSORS-MICROCONTROLLERS\ASSIGNMENT 03 - LAB\LAB3.X\LAB3.ASM 22 : Found directive in column 1. (BANKSEL)
Warning[203] C:\USERS\THYAG\ONEDRIVE\DOCUMENTOS\GITHUB\MICROPROCESSORS-MICROCONTROLLERS\ASSIGNMENT 03 - LAB\LAB3.X\LAB3.ASM 23 : Found opcode in column 1. (BCF)
Message[302] C:\USERS\THYAG\ONEDRIVE\DOCUMENTOS\GITHUB\MICROPROCESSORS-MICROCONTROLLERS\ASSIGNMENT 03 - LAB\LAB3.X\LAB3.ASM 23 : Register in operand not in bank 0.  Ensure that bank bits are correct.
Warning[203] C:\USERS\THYAG\ONEDRIVE\DOCUMENTOS\GITHUB\MICROPROCESSORS-MICROCONTROLLERS\ASSIGNMENT 03 - LAB\LAB3.X\LAB3.ASM 24 : Found opcode in column 1. (BCF)
Message[302] C:\USERS\THYAG\ONEDRIVE\DOCUMENTOS\GITHUB\MICROPROCESSORS-MICROCONTROLLERS\ASSIGNMENT 03 - LAB\LAB3.X\LAB3.ASM 24 : Register in operand not in bank 0.  Ensure that bank bits are correct.
Warning[205] C:\USERS\THYAG\ONEDRIVE\DOCUMENTOS\GITHUB\MICROPROCESSORS-MICROCONTROLLERS\ASSIGNMENT 03 - LAB\LAB3.X\LAB3.ASM 26 : Found directive in column 1. (BANKSEL)
Warning[203] C:\USERS\THYAG\ONEDRIVE\DOCUMENTOS\GITHUB\MICROPROCESSORS-MICROCONTROLLERS\ASSIGNMENT 03 - LAB\LAB3.X\LAB3.ASM 27 : Found opcode in column 1. (MOVLW)
Warning[203] C:\USERS\THYAG\ONEDRIVE\DOCUMENTOS\GITHUB\MICROPROCESSORS-MICROCONTROLLERS\ASSIGNMENT 03 - LAB\LAB3.X\LAB3.ASM 28 : Found opcode in column 1. (MOVWF)
Warning[205] C:\USERS\THYAG\ONEDRIVE\DOCUMENTOS\GITHUB\MICROPROCESSORS-MICROCONTROLLERS\ASSIGNMENT 03 - LAB\LAB3.X\LAB3.ASM 30 : Found directive in column 1. (BANKSEL)
Warning[203] C:\USERS\THYAG\ONEDRIVE\DOCUMENTOS\GITHUB\MICROPROCESSORS-MICROCONTROLLERS\ASSIGNMENT 03 - LAB\LAB3.X\LAB3.ASM 31 : Found opcode in column 1. (MOVLW)
Warning[203] C:\USERS\THYAG\ONEDRIVE\DOCUMENTOS\GITHUB\MICROPROCESSORS-MICROCONTROLLERS\ASSIGNMENT 03 - LAB\LAB3.X\LAB3.ASM 32 : Found opcode in column 1. (MOVWF)
Warning[205] C:\USERS\THYAG\ONEDRIVE\DOCUMENTOS\GITHUB\MICROPROCESSORS-MICROCONTROLLERS\ASSIGNMENT 03 - LAB\LAB3.X\LAB3.ASM 34 : Found directive in column 1. (BANKSEL)
Warning[203] C:\USERS\THYAG\ONEDRIVE\DOCUMENTOS\GITHUB\MICROPROCESSORS-MICROCONTROLLERS\ASSIGNMENT 03 - LAB\LAB3.X\LAB3.ASM 35 : Found opcode in column 1. (BCF)
Message[302] C:\USERS\THYAG\ONEDRIVE\DOCUMENTOS\GITHUB\MICROPROCESSORS-MICROCONTROLLERS\ASSIGNMENT 03 - LAB\LAB3.X\LAB3.ASM 35 : Register in operand not in bank 0.  Ensure that bank bits are correct.
Warning[203] C:\USERS\THYAG\ONEDRIVE\DOCUMENTOS\GITHUB\MICROPROCESSORS-MICROCONTROLLERS\ASSIGNMENT 03 - LAB\LAB3.X\LAB3.ASM 36 : Found opcode in column 1. (BSF)
Message[302] C:\USERS\THYAG\ONEDRIVE\DOCUMENTOS\GITHUB\MICROPROCESSORS-MICROCONTROLLERS\ASSIGNMENT 03 - LAB\LAB3.X\LAB3.ASM 36 : Register in operand not in bank 0.  Ensure that bank bits are correct.
Warning[203] C:\USERS\THYAG\ONEDRIVE\DOCUMENTOS\GITHUB\MICROPROCESSORS-MICROCONTROLLERS\ASSIGNMENT 03 - LAB\LAB3.X\LAB3.ASM 39 : Found opcode in column 1. (BTFSC)
Warning[203] C:\USERS\THYAG\ONEDRIVE\DOCUMENTOS\GITHUB\MICROPROCESSORS-MICROCONTROLLERS\ASSIGNMENT 03 - LAB\LAB3.X\LAB3.ASM 40 : Found opcode in column 1. (CALL)
Warning[203] C:\USERS\THYAG\ONEDRIVE\DOCUMENTOS\GITHUB\MICROPROCESSORS-MICROCONTROLLERS\ASSIGNMENT 03 - LAB\LAB3.X\LAB3.ASM 41 : Found opcode in column 1. (BTFSS)
Warning[203] C:\USERS\THYAG\ONEDRIVE\DOCUMENTOS\GITHUB\MICROPROCESSORS-MICROCONTROLLERS\ASSIGNMENT 03 - LAB\LAB3.X\LAB3.ASM 42 : Found opcode in column 1. (CALL)
Warning[203] C:\USERS\THYAG\ONEDRIVE\DOCUMENTOS\GITHUB\MICROPROCESSORS-MICROCONTROLLERS\ASSIGNMENT 03 - LAB\LAB3.X\LAB3.ASM 43 : Found opcode in column 1. (CALL)
Warning[203] C:\USERS\THYAG\ONEDRIVE\DOCUMENTOS\GITHUB\MICROPROCESSORS-MICROCONTROLLERS\ASSIGNMENT 03 - LAB\LAB3.X\LAB3.ASM 44 : Found opcode in column 1. (GOTO)
Warning[205] C:\USERS\THYAG\ONEDRIVE\DOCUMENTOS\GITHUB\MICROPROCESSORS-MICROCONTROLLERS\ASSIGNMENT 03 - LAB\LAB3.X\LAB3.ASM 73 : Found directive in column 1. (END)
