MPASM 5.84                     FINALCODE.ASM   11-27-2019  12:48:06         PAGE  1


LOC  OBJECT CODE     LINE SOURCE TEXT
  VALUE

                      00001 #INCLUDE <P16F628A.INC>
                      00001         LIST
                      00002 
                      00003 ;==========================================================================
                      00004 ; Build date : Mar 17 2019
                      00005 ;  MPASM PIC16F628A processor include
                      00006 ; 
                      00007 ;  (c) Copyright 1999-2019 Microchip Technology, All rights reserved
                      00008 ;==========================================================================
                      00009 
                      00386         LIST
                      00002 ;========================== DECLARAÇÃO DE VARIÁVEIS PARA O DELAY =======================================
                            =======
  00000071            00003 TEMPD1 EQU 0x71
  00000072            00004 TEMPD2 EQU 0x72
  00000073            00005 CONTA EQU 0x73
  00000074            00006 CONTADOR EQU 0x74
  00000075            00007 CONTADOR_VOLTA EQU 0x75
  00000076            00008 CONTADOR_AUX EQU 0x76
  00000077            00009 TEMPO1 EQU 0x77
  00000078            00010 TEMPO2 EQU 0x78
  00000079            00011 CONTA_VOLTA EQU 0x79
                      00012 ;======================== CONFIGURAÇÃO DOS FUSES BITS ==================================================
                            =======
Warning[205]: Found directive in column 1. (__CONFIG)
2007   3F18           00013 __CONFIG _FOSC_INTOSCIO & _WDTE_OFF & _PWRTE_OFF & _MCLRE_OFF & _BOREN_OFF & _LVP_OFF & _CPD_OFF & _CP_O
                            FF
                      00014 ;======================== DEFININDO AS PORTAS DOS SENSORES, MOTORES E CHAVES ===========================
                            =======
                      00015 #DEFINE SENSORE PORTA,0
                      00016 #DEFINE SENSORD PORTA,1
                      00017 #DEFINE CHAVE_CAMINHO_MSB PORTA,2
                      00018 #DEFINE CHAVE_CAMINHO_LSB PORTA,3
                      00019 #DEFINE LED PORTB,0
                      00020 #DEFINE LED1 PORTB,1
                      00021 #DEFINE MOTOR_INV_ESQH PORTB,2
                      00022 #DEFINE MOTOR_INV_DIRH PORTB,3
                      00023 #DEFINE CHAVE_MOTOR_E PORTB,4
                      00024 #DEFINE CHAVE_MOTOR_D PORTB,5
                      00025 #DEFINE MOTOR_ESQH PORTB,6
                      00026 #DEFINE MOTOR_DIRH PORTB,7
                      00027 ;======================== INÍCIO DO PROGRAMA =========================================================
Warning[205]: Found directive in column 1. (ORG)
                      00028 ORG 0x00
Warning[203]: Found opcode in column 1. (GOTO)
0000   2???           00029 GOTO INICIO
Warning[205]: Found directive in column 1. (ORG)
                      00030 ORG 0x04
Warning[203]: Found opcode in column 1. (RETFIE)
0004   0009           00031 RETFIE
0005                  00032 INICIO:
Warning[205]: Found directive in column 1. (BANKSEL)
0005   1283 1303      00033 BANKSEL PORTA
MPASM 5.84                     FINALCODE.ASM   11-27-2019  12:48:06         PAGE  2


LOC  OBJECT CODE     LINE SOURCE TEXT
  VALUE

Warning[203]: Found opcode in column 1. (MOVLW)
0007   3000           00034 MOVLW B'00000000'
Warning[203]: Found opcode in column 1. (MOVWF)
0008   00F6           00035 MOVWF CONTADOR_AUX
Warning[203]: Found opcode in column 1. (MOVLW)
0009   3001           00036 MOVLW B'00000001'
Warning[203]: Found opcode in column 1. (MOVWF)
000A   00F4           00037 MOVWF CONTADOR
Warning[203]: Found opcode in column 1. (MOVLW)
000B   3001           00038 MOVLW B'00000001'
Warning[203]: Found opcode in column 1. (MOVWF)
000C   00F5           00039 MOVWF CONTADOR_VOLTA
Warning[203]: Found opcode in column 1. (CLRF)
000D   0185           00040 CLRF PORTA
Warning[203]: Found opcode in column 1. (CLRF)
000E   0186           00041 CLRF PORTB
Warning[205]: Found directive in column 1. (BANKSEL)
000F   1683 1303      00042 BANKSEL TRISA
Warning[203]: Found opcode in column 1. (MOVLW)
0011   300F           00043 MOVLW B'00001111'
Warning[203]: Found opcode in column 1. (MOVWF)
Message[302]: Register in operand not in bank 0.  Ensure that bank bits are correct.
0012   0085           00044 MOVWF TRISA
Warning[203]: Found opcode in column 1. (BSF)
0013   1605           00045 BSF   PORTA,4
Warning[203]: Found opcode in column 1. (MOVLW)
0014   3000           00046 MOVLW B'00000000'
Warning[203]: Found opcode in column 1. (MOVWF)
Message[302]: Register in operand not in bank 0.  Ensure that bank bits are correct.
0015   0086           00047 MOVWF TRISB
Warning[205]: Found directive in column 1. (BANKSEL)
0016   1283 1303      00048 BANKSEL CMCON
Warning[203]: Found opcode in column 1. (MOVLW)
0018   3007           00049 MOVLW .7
Warning[203]: Found opcode in column 1. (MOVWF)
0019   009F           00050 MOVWF CMCON
Warning[205]: Found directive in column 1. (BANKSEL)
001A   1283 1303      00051 BANKSEL PORTA
001C                  00052 LIGA_MOTORES:
Warning[203]: Found opcode in column 1. (BSF)
001C   1606           00053 BSF CHAVE_MOTOR_E
Warning[203]: Found opcode in column 1. (BSF)
001D   1686           00054 BSF CHAVE_MOTOR_D
001E                  00055 TESTE_CURVA_INICIO:
Warning[203]: Found opcode in column 1. (BTFSS)
001E   1D74           00056 BTFSS CONTADOR,2
Warning[203]: Found opcode in column 1. (GOTO)
001F   2???           00057 GOTO $+2
Warning[203]: Found opcode in column 1. (GOTO)
0020   2???           00058 GOTO PARTE_I
Warning[203]: Found opcode in column 1. (BTFSS)
0021   1C05           00059 BTFSS SENSORE
Warning[203]: Found opcode in column 1. (GOTO)
MPASM 5.84                     FINALCODE.ASM   11-27-2019  12:48:06         PAGE  3


LOC  OBJECT CODE     LINE SOURCE TEXT
  VALUE

0022   2???           00060 GOTO TESTE_SENSOR_DIREITO
Warning[203]: Found opcode in column 1. (GOTO)
0023   2???           00061 GOTO FAZER_CURVA_ESQUERDA
0024                  00062 FAZER_CURVA_ESQUERDA:
Warning[203]: Found opcode in column 1. (BCF)
0024   1206           00063 BCF CHAVE_MOTOR_E
Warning[203]: Found opcode in column 1. (BCF)
0025   1286           00064 BCF CHAVE_MOTOR_D
Warning[203]: Found opcode in column 1. (BCF)
0026   1306           00065 BCF MOTOR_ESQH
Warning[203]: Found opcode in column 1. (BSF)
0027   1786           00066 BSF MOTOR_DIRH
0028                  00067 TESTE_FIM_CURVA:
Warning[203]: Found opcode in column 1. (BTFSS)
0028   1CF6           00068 BTFSS CONTADOR_AUX,1
Warning[203]: Found opcode in column 1. (CALL)
0029   2???           00069 CALL ATRASO
Warning[203]: Found opcode in column 1. (CALL)
002A   2???           00070 CALL ATRASO
Warning[203]: Found opcode in column 1. (BSF)
002B   1606           00071 BSF CHAVE_MOTOR_E
Warning[203]: Found opcode in column 1. (BSF)
002C   1686           00072 BSF CHAVE_MOTOR_D
Warning[203]: Found opcode in column 1. (BCF)
002D   1386           00073 BCF MOTOR_DIRH
Warning[203]: Found opcode in column 1. (INCF)
002E   0AF4           00074 INCF CONTADOR,F
Warning[203]: Found opcode in column 1. (INCF)
002F   0AF6           00075 INCF CONTADOR_AUX,F
Warning[203]: Found opcode in column 1. (GOTO)
0030   2???           00076 GOTO TESTE_CURVA_INICIO
0031                  00077 TESTE_SENSOR_DIREITO:
Warning[203]: Found opcode in column 1. (BTFSC)
0031   1885           00078 BTFSC SENSORD
Warning[203]: Found opcode in column 1. (GOTO)
0032   2???           00079 GOTO TESTE_CURVA_INICIO
Warning[203]: Found opcode in column 1. (BCF)
0033   1206           00080 BCF CHAVE_MOTOR_E
Warning[203]: Found opcode in column 1. (BCF)
0034   1286           00081 BCF CHAVE_MOTOR_D
Warning[203]: Found opcode in column 1. (BSF)
0035   1706           00082 BSF MOTOR_ESQH
Warning[203]: Found opcode in column 1. (BCF)
0036   1386           00083 BCF MOTOR_DIRH
0037                  00084 TESTE_FIM_CURVA1:
Warning[203]: Found opcode in column 1. (BTFSS)
0037   1CF6           00085 BTFSS CONTADOR_AUX,1
Warning[203]: Found opcode in column 1. (CALL)
0038   2???           00086 CALL ATRASO
Warning[203]: Found opcode in column 1. (CALL)
0039   2???           00087 CALL ATRASO
Warning[203]: Found opcode in column 1. (BSF)
003A   1606           00088 BSF CHAVE_MOTOR_E
MPASM 5.84                     FINALCODE.ASM   11-27-2019  12:48:06         PAGE  4


LOC  OBJECT CODE     LINE SOURCE TEXT
  VALUE

Warning[203]: Found opcode in column 1. (BSF)
003B   1686           00089 BSF CHAVE_MOTOR_D
Warning[203]: Found opcode in column 1. (BCF)
003C   1306           00090 BCF MOTOR_ESQH
Warning[203]: Found opcode in column 1. (INCF)
003D   0AF4           00091 INCF CONTADOR,F
Warning[203]: Found opcode in column 1. (INCF)
003E   0AF6           00092 INCF CONTADOR_AUX,F
Warning[203]: Found opcode in column 1. (GOTO)
003F   2???           00093 GOTO TESTE_CURVA_INICIO
0040                  00094 PARTE_I:
Warning[203]: Found opcode in column 1. (BSF)
0040   1406           00095 BSF LED
Warning[203]: Found opcode in column 1. (BTFSS)
0041   1C05           00096 BTFSS SENSORE
Warning[203]: Found opcode in column 1. (GOTO)
0042   2???           00097 GOTO TESTE_GIRO_DIREITO
Warning[203]: Found opcode in column 1. (GOTO)
0043   2???           00098 GOTO GIRO
0044                  00099 GIRO:
Warning[203]: Found opcode in column 1. (BCF)
0044   1206           00100 BCF CHAVE_MOTOR_E
Warning[203]: Found opcode in column 1. (BCF)
0045   1286           00101 BCF CHAVE_MOTOR_D
Warning[203]: Found opcode in column 1. (BCF)
0046   1306           00102 BCF MOTOR_ESQH
Warning[203]: Found opcode in column 1. (BSF)
0047   1506           00103 BSF MOTOR_INV_ESQH
Warning[203]: Found opcode in column 1. (BSF)
0048   1786           00104 BSF MOTOR_DIRH
Warning[203]: Found opcode in column 1. (CALL)
0049   2???           00105 CALL ATRASO
Warning[203]: Found opcode in column 1. (CALL)
004A   2???           00106 CALL ATRASO
Warning[203]: Found opcode in column 1. (CALL)
004B   2???           00107 CALL ATRASO
Warning[203]: Found opcode in column 1. (BSF)
004C   1606           00108 BSF CHAVE_MOTOR_E
Warning[203]: Found opcode in column 1. (BSF)
004D   1686           00109 BSF CHAVE_MOTOR_D
Warning[203]: Found opcode in column 1. (BCF)
004E   1386           00110 BCF MOTOR_DIRH
Warning[203]: Found opcode in column 1. (BCF)
004F   1106           00111 BCF MOTOR_INV_ESQH
Warning[203]: Found opcode in column 1. (GOTO)
0050   2???           00112 GOTO PARTE_II
0051                  00113 TESTE_GIRO_DIREITO:
Warning[203]: Found opcode in column 1. (BTFSC)
0051   1885           00114 BTFSC SENSORD
Warning[203]: Found opcode in column 1. (GOTO)
0052   2???           00115 GOTO PARTE_I
Warning[203]: Found opcode in column 1. (GOTO)
0053   2???           00116 GOTO GIRO
MPASM 5.84                     FINALCODE.ASM   11-27-2019  12:48:06         PAGE  5


LOC  OBJECT CODE     LINE SOURCE TEXT
  VALUE

0054                  00117 PARTE_II:
Warning[203]: Found opcode in column 1. (BSF)
0054   1486           00118 BSF LED1
Warning[203]: Found opcode in column 1. (BTFSS)
0055   1D05           00119 BTFSS CHAVE_CAMINHO_MSB
Warning[203]: Found opcode in column 1. (GOTO)
0056   2???           00120 GOTO CAMINHO_0X
Warning[203]: Found opcode in column 1. (GOTO)
0057   2???           00121 GOTO CAMINHO_1X
0058                  00122 CAMINHO_0X:
Warning[203]: Found opcode in column 1. (BTFSS)
0058   1D85           00123 BTFSS CHAVE_CAMINHO_LSB
Warning[203]: Found opcode in column 1. (GOTO)
0059   2???           00124 GOTO CAMINHO_00
Warning[203]: Found opcode in column 1. (GOTO)
005A   2???           00125 GOTO CAMINHO_01
005B                  00126 CAMINHO_1X:
Warning[203]: Found opcode in column 1. (BTFSS)
005B   1D85           00127 BTFSS CHAVE_CAMINHO_LSB
Warning[203]: Found opcode in column 1. (GOTO)
005C   2???           00128 GOTO CAMINHO_10
Warning[203]: Found opcode in column 1. (GOTO)
005D   2???           00129 GOTO CAMINHO_11
005E                  00130 CAMINHO_00:
Warning[203]: Found opcode in column 1. (BTFSS)
005E   1D75           00131 BTFSS CONTADOR_VOLTA,2
Warning[203]: Found opcode in column 1. (GOTO)
005F   2???           00132 GOTO $+2
Warning[203]: Found opcode in column 1. (GOTO)
0060   2???           00133 GOTO PARTE_III
Warning[203]: Found opcode in column 1. (BTFSS)
0061   1C05           00134 BTFSS SENSORE
Warning[203]: Found opcode in column 1. (GOTO)
0062   2???           00135 GOTO TESTE_VOLTA_SENSOR_DIREITO
Warning[203]: Found opcode in column 1. (GOTO)
0063   2???           00136 GOTO FAZER_VOLTA_CURVA_ESQUERDA
0064                  00137 FAZER_VOLTA_CURVA_ESQUERDA:
Warning[203]: Found opcode in column 1. (BCF)
0064   1206           00138 BCF CHAVE_MOTOR_E
Warning[203]: Found opcode in column 1. (BCF)
0065   1286           00139 BCF CHAVE_MOTOR_D
Warning[203]: Found opcode in column 1. (BCF)
0066   1306           00140 BCF MOTOR_ESQH
Warning[203]: Found opcode in column 1. (BSF)
0067   1506           00141 BSF MOTOR_INV_ESQH
Warning[203]: Found opcode in column 1. (BSF)
0068   1786           00142 BSF MOTOR_DIRH
0069                  00143 TESTE_VOLTA_FIM_CURVA:
Warning[203]: Found opcode in column 1. (CALL)
0069   2???           00144 CALL ATRASO
Warning[203]: Found opcode in column 1. (BSF)
006A   1606           00145 BSF CHAVE_MOTOR_E
Warning[203]: Found opcode in column 1. (BSF)
MPASM 5.84                     FINALCODE.ASM   11-27-2019  12:48:06         PAGE  6


LOC  OBJECT CODE     LINE SOURCE TEXT
  VALUE

006B   1686           00146 BSF CHAVE_MOTOR_D
Warning[203]: Found opcode in column 1. (BCF)
006C   1386           00147 BCF MOTOR_DIRH
Warning[203]: Found opcode in column 1. (BCF)
006D   1106           00148 BCF MOTOR_INV_ESQH
Warning[203]: Found opcode in column 1. (INCF)
006E   0AF5           00149 INCF CONTADOR_VOLTA,F
Warning[203]: Found opcode in column 1. (GOTO)
006F   2???           00150 GOTO CAMINHO_00
0070                  00151 TESTE_VOLTA_SENSOR_DIREITO:
Warning[203]: Found opcode in column 1. (BTFSC)
0070   1885           00152 BTFSC SENSORD
Warning[203]: Found opcode in column 1. (GOTO)
0071   2???           00153 GOTO CAMINHO_00
Warning[203]: Found opcode in column 1. (BCF)
0072   1206           00154 BCF CHAVE_MOTOR_E
Warning[203]: Found opcode in column 1. (BCF)
0073   1286           00155 BCF CHAVE_MOTOR_D
Warning[203]: Found opcode in column 1. (BCF)
0074   1306           00156 BCF MOTOR_ESQH
Warning[203]: Found opcode in column 1. (BSF)
0075   1506           00157 BSF MOTOR_INV_ESQH
Warning[203]: Found opcode in column 1. (BSF)
0076   1786           00158 BSF MOTOR_DIRH
0077                  00159 TESTE_VOLTA_FIM_CURVA1:
Warning[203]: Found opcode in column 1. (CALL)
0077   2???           00160 CALL ATRASO
Warning[203]: Found opcode in column 1. (BSF)
0078   1606           00161 BSF CHAVE_MOTOR_E
Warning[203]: Found opcode in column 1. (BSF)
0079   1686           00162 BSF CHAVE_MOTOR_D
Warning[203]: Found opcode in column 1. (BCF)
007A   1386           00163 BCF MOTOR_DIRH
Warning[203]: Found opcode in column 1. (BCF)
007B   1106           00164 BCF MOTOR_INV_ESQH
Warning[203]: Found opcode in column 1. (INCF)
007C   0AF5           00165 INCF CONTADOR_VOLTA,F
Warning[203]: Found opcode in column 1. (GOTO)
007D   2???           00166 GOTO CAMINHO_00
007E                  00167 CAMINHO_01:
Warning[203]: Found opcode in column 1. (BTFSS)
007E   1D75           00168 BTFSS CONTADOR_VOLTA,2
Warning[203]: Found opcode in column 1. (GOTO)
007F   2???           00169 GOTO $+2
Warning[203]: Found opcode in column 1. (GOTO)
0080   2???           00170 GOTO PARTE_III
Warning[203]: Found opcode in column 1. (BTFSS)
0081   1C05           00171 BTFSS SENSORE
Warning[203]: Found opcode in column 1. (GOTO)
0082   2???           00172 GOTO $-1
Warning[203]: Found opcode in column 1. (GOTO)
0083   2???           00173 GOTO FAZER_VOLTA_CURVA_ESQUERDA_01
0084                  00174 FAZER_VOLTA_CURVA_ESQUERDA_01:
MPASM 5.84                     FINALCODE.ASM   11-27-2019  12:48:06         PAGE  7


LOC  OBJECT CODE     LINE SOURCE TEXT
  VALUE

Warning[203]: Found opcode in column 1. (BCF)
0084   1206           00175 BCF CHAVE_MOTOR_E
Warning[203]: Found opcode in column 1. (BCF)
0085   1286           00176 BCF CHAVE_MOTOR_D
Warning[203]: Found opcode in column 1. (BCF)
0086   1306           00177 BCF MOTOR_ESQH
Warning[203]: Found opcode in column 1. (BSF)
0087   1506           00178 BSF MOTOR_INV_ESQH
Warning[203]: Found opcode in column 1. (BSF)
0088   1786           00179 BSF MOTOR_DIRH
0089                  00180 TESTE_VOLTA_FIM_CURVA_01:
Warning[203]: Found opcode in column 1. (CALL)
0089   2???           00181 CALL ATRASO
Warning[203]: Found opcode in column 1. (BSF)
008A   1606           00182 BSF CHAVE_MOTOR_E
Warning[203]: Found opcode in column 1. (BSF)
008B   1686           00183 BSF CHAVE_MOTOR_D
Warning[203]: Found opcode in column 1. (BCF)
008C   1386           00184 BCF MOTOR_DIRH
Warning[203]: Found opcode in column 1. (BCF)
008D   1106           00185 BCF MOTOR_INV_ESQH
Warning[203]: Found opcode in column 1. (INCF)
008E   0AF5           00186 INCF CONTADOR_VOLTA,F
Warning[203]: Found opcode in column 1. (GOTO)
008F   2???           00187 GOTO TESTE_VOLTA_SENSOR_DIREITO_01
0090                  00188 TESTE_VOLTA_SENSOR_DIREITO_01:
Warning[203]: Found opcode in column 1. (BTFSC)
0090   1885           00189 BTFSC SENSORD
Warning[203]: Found opcode in column 1. (GOTO)
0091   2???           00190 GOTO $-1
Warning[203]: Found opcode in column 1. (BCF)
0092   1206           00191 BCF CHAVE_MOTOR_E
Warning[203]: Found opcode in column 1. (BCF)
0093   1286           00192 BCF CHAVE_MOTOR_D
Warning[203]: Found opcode in column 1. (BSF)
0094   1706           00193 BSF MOTOR_ESQH
Warning[203]: Found opcode in column 1. (BCF)
0095   1386           00194 BCF MOTOR_DIRH
Warning[203]: Found opcode in column 1. (BSF)
0096   1586           00195 BSF MOTOR_INV_DIRH
0097                  00196 TESTE_VOLTA_FIM_CURVA1_01:
Warning[203]: Found opcode in column 1. (CALL)
0097   2???           00197 CALL ATRASO
Warning[203]: Found opcode in column 1. (BSF)
0098   1606           00198 BSF CHAVE_MOTOR_E
Warning[203]: Found opcode in column 1. (BSF)
0099   1686           00199 BSF CHAVE_MOTOR_D
Warning[203]: Found opcode in column 1. (BCF)
009A   1306           00200 BCF MOTOR_ESQH
Warning[203]: Found opcode in column 1. (BCF)
009B   1186           00201 BCF MOTOR_INV_DIRH
Warning[203]: Found opcode in column 1. (INCF)
009C   0AF5           00202 INCF CONTADOR_VOLTA,F
MPASM 5.84                     FINALCODE.ASM   11-27-2019  12:48:06         PAGE  8


LOC  OBJECT CODE     LINE SOURCE TEXT
  VALUE

Warning[203]: Found opcode in column 1. (GOTO)
009D   2???           00203 GOTO CAMINHO_01
009E                  00204 CAMINHO_10:
Warning[203]: Found opcode in column 1. (BTFSS)
009E   1D75           00205 BTFSS CONTADOR_VOLTA,2
Warning[203]: Found opcode in column 1. (GOTO)
009F   2???           00206 GOTO $+2
Warning[203]: Found opcode in column 1. (GOTO)
00A0   2???           00207 GOTO PARTE_III
Warning[203]: Found opcode in column 1. (BTFSC)
00A1   1885           00208 BTFSC SENSORD
Warning[203]: Found opcode in column 1. (GOTO)
00A2   2???           00209 GOTO $-1
Warning[203]: Found opcode in column 1. (GOTO)
00A3   2???           00210 GOTO FAZER_VOLTA_CURVA_DIREITA_10
00A4                  00211 FAZER_VOLTA_CURVA_DIREITA_10:
Warning[203]: Found opcode in column 1. (BCF)
00A4   1206           00212 BCF CHAVE_MOTOR_E
Warning[203]: Found opcode in column 1. (BCF)
00A5   1286           00213 BCF CHAVE_MOTOR_D
Warning[203]: Found opcode in column 1. (BSF)
00A6   1706           00214 BSF MOTOR_ESQH
Warning[203]: Found opcode in column 1. (BSF)
00A7   1586           00215 BSF MOTOR_INV_DIRH
Warning[203]: Found opcode in column 1. (BCF)
00A8   1386           00216 BCF MOTOR_DIRH
00A9                  00217 TESTE_VOLTA_FIM_CURVA_10:
Warning[203]: Found opcode in column 1. (CALL)
00A9   2???           00218 CALL ATRASO
Warning[203]: Found opcode in column 1. (BSF)
00AA   1606           00219 BSF CHAVE_MOTOR_E
Warning[203]: Found opcode in column 1. (BSF)
00AB   1686           00220 BSF CHAVE_MOTOR_D
Warning[203]: Found opcode in column 1. (BCF)
00AC   1306           00221 BCF MOTOR_ESQH
Warning[203]: Found opcode in column 1. (BCF)
00AD   1186           00222 BCF MOTOR_INV_DIRH
Warning[203]: Found opcode in column 1. (INCF)
00AE   0AF5           00223 INCF CONTADOR_VOLTA,F
Warning[203]: Found opcode in column 1. (GOTO)
00AF   2???           00224 GOTO TESTE_VOLTA_SENSOR_ESQUERDO_10
00B0                  00225 TESTE_VOLTA_SENSOR_ESQUERDO_10:
Warning[203]: Found opcode in column 1. (BTFSS)
00B0   1C05           00226 BTFSS SENSORE
Warning[203]: Found opcode in column 1. (GOTO)
00B1   2???           00227 GOTO $-1
Warning[203]: Found opcode in column 1. (BCF)
00B2   1206           00228 BCF CHAVE_MOTOR_E
Warning[203]: Found opcode in column 1. (BCF)
00B3   1286           00229 BCF CHAVE_MOTOR_D
Warning[203]: Found opcode in column 1. (BCF)
00B4   1306           00230 BCF MOTOR_ESQH
Warning[203]: Found opcode in column 1. (BSF)
MPASM 5.84                     FINALCODE.ASM   11-27-2019  12:48:06         PAGE  9


LOC  OBJECT CODE     LINE SOURCE TEXT
  VALUE

00B5   1786           00231 BSF MOTOR_DIRH
Warning[203]: Found opcode in column 1. (BSF)
00B6   1506           00232 BSF MOTOR_INV_ESQH
00B7                  00233 TESTE_VOLTA_FIM_CURVA1_10:
Warning[203]: Found opcode in column 1. (CALL)
00B7   2???           00234 CALL ATRASO
Warning[203]: Found opcode in column 1. (BSF)
00B8   1606           00235 BSF CHAVE_MOTOR_E
Warning[203]: Found opcode in column 1. (BSF)
00B9   1686           00236 BSF CHAVE_MOTOR_D
Warning[203]: Found opcode in column 1. (BCF)
00BA   1386           00237 BCF MOTOR_DIRH
Warning[203]: Found opcode in column 1. (BCF)
00BB   1106           00238 BCF MOTOR_INV_ESQH
Warning[203]: Found opcode in column 1. (INCF)
00BC   0AF5           00239 INCF CONTADOR_VOLTA,F
Warning[203]: Found opcode in column 1. (GOTO)
00BD   2???           00240 GOTO CAMINHO_10
00BE                  00241 CAMINHO_11:
Warning[203]: Found opcode in column 1. (BTFSS)
00BE   1D75           00242 BTFSS CONTADOR_VOLTA,2
Warning[203]: Found opcode in column 1. (GOTO)
00BF   2???           00243 GOTO $+2
Warning[203]: Found opcode in column 1. (GOTO)
00C0   2???           00244 GOTO PARTE_III
Warning[203]: Found opcode in column 1. (BTFSC)
00C1   1885           00245 BTFSC SENSORD
Warning[203]: Found opcode in column 1. (GOTO)
00C2   2???           00246 GOTO TESTE_VOLTA_SENSOR_DIREITO_11
Warning[203]: Found opcode in column 1. (GOTO)
00C3   2???           00247 GOTO FAZER_VOLTA_CURVA_DIREITA_11
00C4                  00248 FAZER_VOLTA_CURVA_DIREITA_11:
Warning[203]: Found opcode in column 1. (BCF)
00C4   1206           00249 BCF CHAVE_MOTOR_E
Warning[203]: Found opcode in column 1. (BCF)
00C5   1286           00250 BCF CHAVE_MOTOR_D
Warning[203]: Found opcode in column 1. (BSF)
00C6   1706           00251 BSF MOTOR_ESQH
Warning[203]: Found opcode in column 1. (BSF)
00C7   1586           00252 BSF MOTOR_INV_DIRH
Warning[203]: Found opcode in column 1. (BCF)
00C8   1386           00253 BCF MOTOR_DIRH
00C9                  00254 TESTE_VOLTA_FIM_CURVA_11:
Warning[203]: Found opcode in column 1. (CALL)
00C9   2???           00255 CALL ATRASO
Warning[203]: Found opcode in column 1. (BSF)
00CA   1606           00256 BSF CHAVE_MOTOR_E
Warning[203]: Found opcode in column 1. (BSF)
00CB   1686           00257 BSF CHAVE_MOTOR_D
Warning[203]: Found opcode in column 1. (BCF)
00CC   1306           00258 BCF MOTOR_ESQH
Warning[203]: Found opcode in column 1. (BCF)
00CD   1186           00259 BCF MOTOR_INV_DIRH
MPASM 5.84                     FINALCODE.ASM   11-27-2019  12:48:06         PAGE 10


LOC  OBJECT CODE     LINE SOURCE TEXT
  VALUE

Warning[203]: Found opcode in column 1. (INCF)
00CE   0AF5           00260 INCF CONTADOR_VOLTA,F
Warning[203]: Found opcode in column 1. (GOTO)
00CF   2???           00261 GOTO CAMINHO_11
00D0                  00262 TESTE_VOLTA_SENSOR_DIREITO_11:
Warning[203]: Found opcode in column 1. (BTFSS)
00D0   1C05           00263 BTFSS SENSORE
Warning[203]: Found opcode in column 1. (GOTO)
00D1   2???           00264 GOTO CAMINHO_11
Warning[203]: Found opcode in column 1. (BCF)
00D2   1206           00265 BCF CHAVE_MOTOR_E
Warning[203]: Found opcode in column 1. (BCF)
00D3   1286           00266 BCF CHAVE_MOTOR_D
Warning[203]: Found opcode in column 1. (BSF)
00D4   1706           00267 BSF MOTOR_ESQH
Warning[203]: Found opcode in column 1. (BSF)
00D5   1586           00268 BSF MOTOR_INV_DIRH
Warning[203]: Found opcode in column 1. (BCF)
00D6   1386           00269 BCF MOTOR_DIRH
00D7                  00270 TESTE_VOLTA_FIM_CURVA1_11:
Warning[203]: Found opcode in column 1. (CALL)
00D7   2???           00271 CALL ATRASO
Warning[203]: Found opcode in column 1. (BSF)
00D8   1606           00272 BSF CHAVE_MOTOR_E
Warning[203]: Found opcode in column 1. (BSF)
00D9   1686           00273 BSF CHAVE_MOTOR_D
Warning[203]: Found opcode in column 1. (BCF)
00DA   1306           00274 BCF MOTOR_ESQH
Warning[203]: Found opcode in column 1. (BCF)
00DB   1186           00275 BCF MOTOR_INV_DIRH
Warning[203]: Found opcode in column 1. (INCF)
00DC   0AF5           00276 INCF CONTADOR_VOLTA,F
Warning[203]: Found opcode in column 1. (GOTO)
00DD   2???           00277 GOTO CAMINHO_11
Warning[203]: Found opcode in column 1. (GOTO)
00DE   2???           00278 GOTO PARTE_II
00DF                  00279 PARTE_III:
Warning[203]: Found opcode in column 1. (BCF)
00DF   1206           00280 BCF CHAVE_MOTOR_E
Warning[203]: Found opcode in column 1. (BCF)
00E0   1286           00281 BCF CHAVE_MOTOR_D
Warning[203]: Found opcode in column 1. (BCF)
00E1   1306           00282 BCF MOTOR_ESQH
Warning[203]: Found opcode in column 1. (BCF)
00E2   1386           00283 BCF MOTOR_DIRH
Warning[203]: Found opcode in column 1. (BCF)
00E3   1106           00284 BCF MOTOR_INV_ESQH
Warning[203]: Found opcode in column 1. (BCF)
00E4   1186           00285 BCF MOTOR_INV_DIRH
Warning[203]: Found opcode in column 1. (BCF)
00E5   1086           00286 BCF LED1
Warning[203]: Found opcode in column 1. (GOTO)
00E6   2???           00287 GOTO PARTE_III
MPASM 5.84                     FINALCODE.ASM   11-27-2019  12:48:06         PAGE 11


LOC  OBJECT CODE     LINE SOURCE TEXT
  VALUE

00E7                  00288 ATRASO:
Warning[203]: Found opcode in column 1. (MOVLW)
00E7   30FF           00289 MOVLW .255
Warning[203]: Found opcode in column 1. (MOVWF)
00E8   00F1           00290 MOVWF TEMPD1
Warning[203]: Found opcode in column 1. (MOVWF)
00E9   00F2           00291 MOVWF TEMPD2
Warning[203]: Found opcode in column 1. (MOVLW)
00EA   3002           00292 MOVLW .2; ANTES ERA 4; 3 PARA 0.2 s ; 6 PARA 0.5 s
Warning[203]: Found opcode in column 1. (MOVWF)
00EB   00F3           00293 MOVWF CONTA
00EC                  00294 AUX:
Warning[203]: Found opcode in column 1. (DECFSZ)
Message[305]: Using default destination of 1 (file).
00EC   0BF1           00295 DECFSZ TEMPD1
Warning[203]: Found opcode in column 1. (GOTO)
00ED   2???           00296 GOTO AUX
Warning[203]: Found opcode in column 1. (DECFSZ)
Message[305]: Using default destination of 1 (file).
00EE   0BF2           00297 DECFSZ TEMPD2
Warning[203]: Found opcode in column 1. (GOTO)
00EF   2???           00298 GOTO AUX
Warning[203]: Found opcode in column 1. (DECFSZ)
Message[305]: Using default destination of 1 (file).
00F0   0BF3           00299 DECFSZ CONTA
Warning[203]: Found opcode in column 1. (GOTO)
00F1   2???           00300 GOTO AUX
Warning[203]: Found opcode in column 1. (RETURN)
00F2   0008           00301 RETURN
Warning[205]: Found directive in column 1. (END)
3F18                  00302 END
MPASM 5.84                     FINALCODE.ASM   11-27-2019  12:48:06         PAGE 12


SYMBOL TABLE
  LABEL                             VALUE 

ADDEN                             00000003
ADEN                              00000003
ATRASO                            000000E7
AUX                               000000EC
BRGH                              00000002
C                                 00000000
C1INV                             00000004
C1OUT                             00000006
C2INV                             00000005
C2OUT                             00000007
CAMINHO_00                        0000005E
CAMINHO_01                        0000007E
CAMINHO_0X                        00000058
CAMINHO_10                        0000009E
CAMINHO_11                        000000BE
CAMINHO_1X                        0000005B
CCP1CON                           00000017
CCP1IE                            00000002
CCP1IF                            00000002
CCP1M0                            00000000
CCP1M1                            00000001
CCP1M2                            00000002
CCP1M3                            00000003
CCP1X                             00000005
CCP1Y                             00000004
CCPR1                             00000015
CCPR1H                            00000016
CCPR1L                            00000015
CHAVE_CAMINHO_LSB                 PORTA,3
CHAVE_CAMINHO_MSB                 PORTA,2
CHAVE_MOTOR_D                     PORTB,5
CHAVE_MOTOR_E                     PORTB,4
CIS                               00000003
CM0                               00000000
CM1                               00000001
CM2                               00000002
CMCON                             0000001F
CMIE                              00000006
CMIF                              00000006
CONTA                             00000073
CONTADOR                          00000074
CONTADOR_AUX                      00000076
CONTADOR_VOLTA                    00000075
CONTA_VOLTA                       00000079
CREN                              00000004
CSRC                              00000007
DATA_CP_OFF                       00003FFF
DATA_CP_ON                        00003EFF
DC                                00000001
EEADR                             0000009B
EECON1                            0000009C
EECON2                            0000009D
EEDATA                            0000009A
MPASM 5.84                     FINALCODE.ASM   11-27-2019  12:48:06         PAGE 13


SYMBOL TABLE
  LABEL                             VALUE 

EEIE                              00000007
EEIF                              00000007
F                                 00000001
FAZER_CURVA_ESQUERDA              00000024
FAZER_VOLTA_CURVA_DIREITA_10      000000A4
FAZER_VOLTA_CURVA_DIREITA_11      000000C4
FAZER_VOLTA_CURVA_ESQUERDA        00000064
FAZER_VOLTA_CURVA_ESQUERDA_01     00000084
FERR                              00000002
FSR                               00000004
GIE                               00000007
GIRO                              00000044
INDF                              00000000
INICIO                            00000005
INTCON                            0000000B
INTE                              00000004
INTEDG                            00000006
INTF                              00000001
IRP                               00000007
LED                               PORTB,0
LED1                              PORTB,1
LIGA_MOTORES                      0000001C
MOTOR_DIRH                        PORTB,7
MOTOR_ESQH                        PORTB,6
MOTOR_INV_DIRH                    PORTB,3
MOTOR_INV_ESQH                    PORTB,2
NOT_BO                            00000000
NOT_BOD                           00000000
NOT_BOR                           00000000
NOT_PD                            00000003
NOT_POR                           00000001
NOT_RBPU                          00000007
NOT_T1SYNC                        00000002
NOT_TO                            00000004
OERR                              00000001
OPTION_REG                        00000081
OSCF                              00000003
PARTE_I                           00000040
PARTE_II                          00000054
PARTE_III                         000000DF
PCL                               00000002
PCLATH                            0000000A
PCON                              0000008E
PEIE                              00000006
PIE1                              0000008C
PIR1                              0000000C
PORTA                             00000005
PORTB                             00000006
PR2                               00000092
PS0                               00000000
PS1                               00000001
PS2                               00000002
PSA                               00000003
MPASM 5.84                     FINALCODE.ASM   11-27-2019  12:48:06         PAGE 14


SYMBOL TABLE
  LABEL                             VALUE 

RA0                               00000000
RA1                               00000001
RA2                               00000002
RA3                               00000003
RA4                               00000004
RA5                               00000005
RA6                               00000006
RA7                               00000007
RB0                               00000000
RB1                               00000001
RB2                               00000002
RB3                               00000003
RB4                               00000004
RB5                               00000005
RB6                               00000006
RB7                               00000007
RBIE                              00000003
RBIF                              00000000
RCIE                              00000005
RCIF                              00000005
RCREG                             0000001A
RCSTA                             00000018
RD                                00000000
RP0                               00000005
RP1                               00000006
RX9                               00000006
RX9D                              00000000
SENSORD                           PORTA,1
SENSORE                           PORTA,0
SPBRG                             00000099
SPEN                              00000007
SREN                              00000005
STATUS                            00000003
SYNC                              00000004
T0CS                              00000005
T0IE                              00000005
T0IF                              00000002
T0SE                              00000004
T1CKPS0                           00000004
T1CKPS1                           00000005
T1CON                             00000010
T1OSCEN                           00000003
T2CKPS0                           00000000
T2CKPS1                           00000001
T2CON                             00000012
TEMPD1                            00000071
TEMPD2                            00000072
TEMPO1                            00000077
TEMPO2                            00000078
TESTE_CURVA_INICIO                0000001E
TESTE_FIM_CURVA                   00000028
TESTE_FIM_CURVA1                  00000037
TESTE_GIRO_DIREITO                00000051
MPASM 5.84                     FINALCODE.ASM   11-27-2019  12:48:06         PAGE 15


SYMBOL TABLE
  LABEL                             VALUE 

TESTE_SENSOR_DIREITO              00000031
TESTE_VOLTA_FIM_CURVA             00000069
TESTE_VOLTA_FIM_CURVA1            00000077
TESTE_VOLTA_FIM_CURVA1_01         00000097
TESTE_VOLTA_FIM_CURVA1_10         000000B7
TESTE_VOLTA_FIM_CURVA1_11         000000D7
TESTE_VOLTA_FIM_CURVA_01          00000089
TESTE_VOLTA_FIM_CURVA_10          000000A9
TESTE_VOLTA_FIM_CURVA_11          000000C9
TESTE_VOLTA_SENSOR_DIREITO        00000070
TESTE_VOLTA_SENSOR_DIREITO_01     00000090
TESTE_VOLTA_SENSOR_DIREITO_11     000000D0
TESTE_VOLTA_SENSOR_ESQUERDO_10    000000B0
TMR0                              00000001
TMR0IE                            00000005
TMR0IF                            00000002
TMR1                              0000000E
TMR1CS                            00000001
TMR1H                             0000000F
TMR1IE                            00000000
TMR1IF                            00000000
TMR1L                             0000000E
TMR1ON                            00000000
TMR2                              00000011
TMR2IE                            00000001
TMR2IF                            00000001
TMR2ON                            00000002
TOUTPS0                           00000003
TOUTPS1                           00000004
TOUTPS2                           00000005
TOUTPS3                           00000006
TRISA                             00000085
TRISA0                            00000000
TRISA1                            00000001
TRISA2                            00000002
TRISA3                            00000003
TRISA4                            00000004
TRISA5                            00000005
TRISA6                            00000006
TRISA7                            00000007
TRISB                             00000086
TRISB0                            00000000
TRISB1                            00000001
TRISB2                            00000002
TRISB3                            00000003
TRISB4                            00000004
TRISB5                            00000005
TRISB6                            00000006
TRISB7                            00000007
TRMT                              00000001
TX9                               00000006
TX9D                              00000000
TXEN                              00000005
MPASM 5.84                     FINALCODE.ASM   11-27-2019  12:48:06         PAGE 16


SYMBOL TABLE
  LABEL                             VALUE 

TXIE                              00000004
TXIF                              00000004
TXREG                             00000019
TXSTA                             00000098
VR0                               00000000
VR1                               00000001
VR2                               00000002
VR3                               00000003
VRCON                             0000009F
VREN                              00000007
VROE                              00000006
VRR                               00000005
W                                 00000000
WR                                00000001
WREN                              00000002
WRERR                             00000003
Z                                 00000002
_.org_1_001F                      0000001F
_.org_1_005F                      0000005F
_.org_1_007F                      0000007F
_.org_1_0082                      00000082
_.org_1_0091                      00000091
_.org_1_009F                      0000009F
_.org_1_00A2                      000000A2
_.org_1_00B1                      000000B1
_.org_1_00BF                      000000BF
_BODEN_OFF                        00003FBF
_BODEN_ON                         00003FFF
_BOREN_OFF                        00003FBF
_BOREN_ON                         00003FFF
_CONFIG                           00002007
_CPD_OFF                          00003FFF
_CPD_ON                           00003EFF
_CP_OFF                           00003FFF
_CP_ON                            00001FFF
_DEVID1                           00002006
_ER_OSC_CLKOUT                    00003FFF
_ER_OSC_NOCLKOUT                  00003FFE
_EXTCLK_OSC                       00003FEF
_FOSC_ECIO                        00003FEF
_FOSC_EXTRCCLK                    00003FFF
_FOSC_EXTRCIO                     00003FFE
_FOSC_HS                          00003FEE
_FOSC_INTOSCCLK                   00003FFD
_FOSC_INTOSCIO                    00003FFC
_FOSC_LP                          00003FEC
_FOSC_XT                          00003FED
_HS_OSC                           00003FEE
_IDLOC0                           00002000
_IDLOC1                           00002001
_IDLOC2                           00002002
_IDLOC3                           00002003
_INTOSC_OSC_CLKOUT                00003FFD
MPASM 5.84                     FINALCODE.ASM   11-27-2019  12:48:06         PAGE 17


SYMBOL TABLE
  LABEL                             VALUE 

_INTOSC_OSC_NOCLKOUT              00003FFC
_INTRC_OSC_CLKOUT                 00003FFD
_INTRC_OSC_NOCLKOUT               00003FFC
_LP_OSC                           00003FEC
_LVP_OFF                          00003F7F
_LVP_ON                           00003FFF
_MCLRE_OFF                        00003FDF
_MCLRE_ON                         00003FFF
_PWRTE_OFF                        00003FFF
_PWRTE_ON                         00003FF7
_RC_OSC_CLKOUT                    00003FFF
_RC_OSC_NOCLKOUT                  00003FFE
_WDTE_OFF                         00003FFB
_WDTE_ON                          00003FFF
_WDT_OFF                          00003FFB
_WDT_ON                           00003FFF
_XT_OSC                           00003FED
__16F628A                         00000001

Errors   :     0
Warnings :   240 reported,     0 suppressed
Messages :     5 reported,     0 suppressed

