Warning[205] C:\USERS\THYAG\ONEDRIVE\DOCUMENTOS\GITHUB\MICROPROCESSORS-MICROCONTROLLERS\FINAL PROJECT LAB\FINAL\CODE\FINAL.X\FINALCODE.ASM 13 : Found directive in column 1. (__CONFIG)
Warning[205] C:\USERS\THYAG\ONEDRIVE\DOCUMENTOS\GITHUB\MICROPROCESSORS-MICROCONTROLLERS\FINAL PROJECT LAB\FINAL\CODE\FINAL.X\FINALCODE.ASM 28 : Found directive in column 1. (ORG)
Warning[203] C:\USERS\THYAG\ONEDRIVE\DOCUMENTOS\GITHUB\MICROPROCESSORS-MICROCONTROLLERS\FINAL PROJECT LAB\FINAL\CODE\FINAL.X\FINALCODE.ASM 29 : Found opcode in column 1. (GOTO)
Warning[205] C:\USERS\THYAG\ONEDRIVE\DOCUMENTOS\GITHUB\MICROPROCESSORS-MICROCONTROLLERS\FINAL PROJECT LAB\FINAL\CODE\FINAL.X\FINALCODE.ASM 30 : Found directive in column 1. (ORG)
Warning[203] C:\USERS\THYAG\ONEDRIVE\DOCUMENTOS\GITHUB\MICROPROCESSORS-MICROCONTROLLERS\FINAL PROJECT LAB\FINAL\CODE\FINAL.X\FINALCODE.ASM 31 : Found opcode in column 1. (RETFIE)
Warning[205] C:\USERS\THYAG\ONEDRIVE\DOCUMENTOS\GITHUB\MICROPROCESSORS-MICROCONTROLLERS\FINAL PROJECT LAB\FINAL\CODE\FINAL.X\FINALCODE.ASM 33 : Found directive in column 1. (BANKSEL)
Warning[203] C:\USERS\THYAG\ONEDRIVE\DOCUMENTOS\GITHUB\MICROPROCESSORS-MICROCONTROLLERS\FINAL PROJECT LAB\FINAL\CODE\FINAL.X\FINALCODE.ASM 34 : Found opcode in column 1. (MOVLW)
Warning[203] C:\USERS\THYAG\ONEDRIVE\DOCUMENTOS\GITHUB\MICROPROCESSORS-MICROCONTROLLERS\FINAL PROJECT LAB\FINAL\CODE\FINAL.X\FINALCODE.ASM 35 : Found opcode in column 1. (MOVWF)
Warning[203] C:\USERS\THYAG\ONEDRIVE\DOCUMENTOS\GITHUB\MICROPROCESSORS-MICROCONTROLLERS\FINAL PROJECT LAB\FINAL\CODE\FINAL.X\FINALCODE.ASM 36 : Found opcode in column 1. (MOVLW)
Warning[203] C:\USERS\THYAG\ONEDRIVE\DOCUMENTOS\GITHUB\MICROPROCESSORS-MICROCONTROLLERS\FINAL PROJECT LAB\FINAL\CODE\FINAL.X\FINALCODE.ASM 37 : Found opcode in column 1. (MOVWF)
Warning[203] C:\USERS\THYAG\ONEDRIVE\DOCUMENTOS\GITHUB\MICROPROCESSORS-MICROCONTROLLERS\FINAL PROJECT LAB\FINAL\CODE\FINAL.X\FINALCODE.ASM 38 : Found opcode in column 1. (MOVLW)
Warning[203] C:\USERS\THYAG\ONEDRIVE\DOCUMENTOS\GITHUB\MICROPROCESSORS-MICROCONTROLLERS\FINAL PROJECT LAB\FINAL\CODE\FINAL.X\FINALCODE.ASM 39 : Found opcode in column 1. (MOVWF)
Warning[203] C:\USERS\THYAG\ONEDRIVE\DOCUMENTOS\GITHUB\MICROPROCESSORS-MICROCONTROLLERS\FINAL PROJECT LAB\FINAL\CODE\FINAL.X\FINALCODE.ASM 40 : Found opcode in column 1. (CLRF)
Warning[203] C:\USERS\THYAG\ONEDRIVE\DOCUMENTOS\GITHUB\MICROPROCESSORS-MICROCONTROLLERS\FINAL PROJECT LAB\FINAL\CODE\FINAL.X\FINALCODE.ASM 41 : Found opcode in column 1. (CLRF)
Warning[205] C:\USERS\THYAG\ONEDRIVE\DOCUMENTOS\GITHUB\MICROPROCESSORS-MICROCONTROLLERS\FINAL PROJECT LAB\FINAL\CODE\FINAL.X\FINALCODE.ASM 42 : Found directive in column 1. (BANKSEL)
Warning[203] C:\USERS\THYAG\ONEDRIVE\DOCUMENTOS\GITHUB\MICROPROCESSORS-MICROCONTROLLERS\FINAL PROJECT LAB\FINAL\CODE\FINAL.X\FINALCODE.ASM 43 : Found opcode in column 1. (MOVLW)
Warning[203] C:\USERS\THYAG\ONEDRIVE\DOCUMENTOS\GITHUB\MICROPROCESSORS-MICROCONTROLLERS\FINAL PROJECT LAB\FINAL\CODE\FINAL.X\FINALCODE.ASM 44 : Found opcode in column 1. (MOVWF)
Message[302] C:\USERS\THYAG\ONEDRIVE\DOCUMENTOS\GITHUB\MICROPROCESSORS-MICROCONTROLLERS\FINAL PROJECT LAB\FINAL\CODE\FINAL.X\FINALCODE.ASM 44 : Register in operand not in bank 0.  Ensure that bank bits are correct.
Warning[203] C:\USERS\THYAG\ONEDRIVE\DOCUMENTOS\GITHUB\MICROPROCESSORS-MICROCONTROLLERS\FINAL PROJECT LAB\FINAL\CODE\FINAL.X\FINALCODE.ASM 45 : Found opcode in column 1. (BSF)
Warning[203] C:\USERS\THYAG\ONEDRIVE\DOCUMENTOS\GITHUB\MICROPROCESSORS-MICROCONTROLLERS\FINAL PROJECT LAB\FINAL\CODE\FINAL.X\FINALCODE.ASM 46 : Found opcode in column 1. (MOVLW)
Warning[203] C:\USERS\THYAG\ONEDRIVE\DOCUMENTOS\GITHUB\MICROPROCESSORS-MICROCONTROLLERS\FINAL PROJECT LAB\FINAL\CODE\FINAL.X\FINALCODE.ASM 47 : Found opcode in column 1. (MOVWF)
Message[302] C:\USERS\THYAG\ONEDRIVE\DOCUMENTOS\GITHUB\MICROPROCESSORS-MICROCONTROLLERS\FINAL PROJECT LAB\FINAL\CODE\FINAL.X\FINALCODE.ASM 47 : Register in operand not in bank 0.  Ensure that bank bits are correct.
Warning[205] C:\USERS\THYAG\ONEDRIVE\DOCUMENTOS\GITHUB\MICROPROCESSORS-MICROCONTROLLERS\FINAL PROJECT LAB\FINAL\CODE\FINAL.X\FINALCODE.ASM 48 : Found directive in column 1. (BANKSEL)
Warning[203] C:\USERS\THYAG\ONEDRIVE\DOCUMENTOS\GITHUB\MICROPROCESSORS-MICROCONTROLLERS\FINAL PROJECT LAB\FINAL\CODE\FINAL.X\FINALCODE.ASM 49 : Found opcode in column 1. (MOVLW)
Warning[203] C:\USERS\THYAG\ONEDRIVE\DOCUMENTOS\GITHUB\MICROPROCESSORS-MICROCONTROLLERS\FINAL PROJECT LAB\FINAL\CODE\FINAL.X\FINALCODE.ASM 50 : Found opcode in column 1. (MOVWF)
Warning[205] C:\USERS\THYAG\ONEDRIVE\DOCUMENTOS\GITHUB\MICROPROCESSORS-MICROCONTROLLERS\FINAL PROJECT LAB\FINAL\CODE\FINAL.X\FINALCODE.ASM 51 : Found directive in column 1. (BANKSEL)
Warning[203] C:\USERS\THYAG\ONEDRIVE\DOCUMENTOS\GITHUB\MICROPROCESSORS-MICROCONTROLLERS\FINAL PROJECT LAB\FINAL\CODE\FINAL.X\FINALCODE.ASM 53 : Found opcode in column 1. (BSF)
Warning[203] C:\USERS\THYAG\ONEDRIVE\DOCUMENTOS\GITHUB\MICROPROCESSORS-MICROCONTROLLERS\FINAL PROJECT LAB\FINAL\CODE\FINAL.X\FINALCODE.ASM 54 : Found opcode in column 1. (BSF)
Warning[203] C:\USERS\THYAG\ONEDRIVE\DOCUMENTOS\GITHUB\MICROPROCESSORS-MICROCONTROLLERS\FINAL PROJECT LAB\FINAL\CODE\FINAL.X\FINALCODE.ASM 56 : Found opcode in column 1. (BTFSS)
Warning[203] C:\USERS\THYAG\ONEDRIVE\DOCUMENTOS\GITHUB\MICROPROCESSORS-MICROCONTROLLERS\FINAL PROJECT LAB\FINAL\CODE\FINAL.X\FINALCODE.ASM 57 : Found opcode in column 1. (GOTO)
Warning[203] C:\USERS\THYAG\ONEDRIVE\DOCUMENTOS\GITHUB\MICROPROCESSORS-MICROCONTROLLERS\FINAL PROJECT LAB\FINAL\CODE\FINAL.X\FINALCODE.ASM 58 : Found opcode in column 1. (GOTO)
Warning[203] C:\USERS\THYAG\ONEDRIVE\DOCUMENTOS\GITHUB\MICROPROCESSORS-MICROCONTROLLERS\FINAL PROJECT LAB\FINAL\CODE\FINAL.X\FINALCODE.ASM 59 : Found opcode in column 1. (BTFSS)
Warning[203] C:\USERS\THYAG\ONEDRIVE\DOCUMENTOS\GITHUB\MICROPROCESSORS-MICROCONTROLLERS\FINAL PROJECT LAB\FINAL\CODE\FINAL.X\FINALCODE.ASM 60 : Found opcode in column 1. (GOTO)
Warning[203] C:\USERS\THYAG\ONEDRIVE\DOCUMENTOS\GITHUB\MICROPROCESSORS-MICROCONTROLLERS\FINAL PROJECT LAB\FINAL\CODE\FINAL.X\FINALCODE.ASM 61 : Found opcode in column 1. (GOTO)
Warning[203] C:\USERS\THYAG\ONEDRIVE\DOCUMENTOS\GITHUB\MICROPROCESSORS-MICROCONTROLLERS\FINAL PROJECT LAB\FINAL\CODE\FINAL.X\FINALCODE.ASM 63 : Found opcode in column 1. (BCF)
Warning[203] C:\USERS\THYAG\ONEDRIVE\DOCUMENTOS\GITHUB\MICROPROCESSORS-MICROCONTROLLERS\FINAL PROJECT LAB\FINAL\CODE\FINAL.X\FINALCODE.ASM 64 : Found opcode in column 1. (BCF)
Warning[203] C:\USERS\THYAG\ONEDRIVE\DOCUMENTOS\GITHUB\MICROPROCESSORS-MICROCONTROLLERS\FINAL PROJECT LAB\FINAL\CODE\FINAL.X\FINALCODE.ASM 65 : Found opcode in column 1. (BCF)
Warning[203] C:\USERS\THYAG\ONEDRIVE\DOCUMENTOS\GITHUB\MICROPROCESSORS-MICROCONTROLLERS\FINAL PROJECT LAB\FINAL\CODE\FINAL.X\FINALCODE.ASM 66 : Found opcode in column 1. (BSF)
Warning[203] C:\USERS\THYAG\ONEDRIVE\DOCUMENTOS\GITHUB\MICROPROCESSORS-MICROCONTROLLERS\FINAL PROJECT LAB\FINAL\CODE\FINAL.X\FINALCODE.ASM 68 : Found opcode in column 1. (BTFSS)
Warning[203] C:\USERS\THYAG\ONEDRIVE\DOCUMENTOS\GITHUB\MICROPROCESSORS-MICROCONTROLLERS\FINAL PROJECT LAB\FINAL\CODE\FINAL.X\FINALCODE.ASM 69 : Found opcode in column 1. (CALL)
Warning[203] C:\USERS\THYAG\ONEDRIVE\DOCUMENTOS\GITHUB\MICROPROCESSORS-MICROCONTROLLERS\FINAL PROJECT LAB\FINAL\CODE\FINAL.X\FINALCODE.ASM 70 : Found opcode in column 1. (CALL)
Warning[203] C:\USERS\THYAG\ONEDRIVE\DOCUMENTOS\GITHUB\MICROPROCESSORS-MICROCONTROLLERS\FINAL PROJECT LAB\FINAL\CODE\FINAL.X\FINALCODE.ASM 71 : Found opcode in column 1. (BSF)
Warning[203] C:\USERS\THYAG\ONEDRIVE\DOCUMENTOS\GITHUB\MICROPROCESSORS-MICROCONTROLLERS\FINAL PROJECT LAB\FINAL\CODE\FINAL.X\FINALCODE.ASM 72 : Found opcode in column 1. (BSF)
Warning[203] C:\USERS\THYAG\ONEDRIVE\DOCUMENTOS\GITHUB\MICROPROCESSORS-MICROCONTROLLERS\FINAL PROJECT LAB\FINAL\CODE\FINAL.X\FINALCODE.ASM 73 : Found opcode in column 1. (BCF)
Warning[203] C:\USERS\THYAG\ONEDRIVE\DOCUMENTOS\GITHUB\MICROPROCESSORS-MICROCONTROLLERS\FINAL PROJECT LAB\FINAL\CODE\FINAL.X\FINALCODE.ASM 74 : Found opcode in column 1. (INCF)
Warning[203] C:\USERS\THYAG\ONEDRIVE\DOCUMENTOS\GITHUB\MICROPROCESSORS-MICROCONTROLLERS\FINAL PROJECT LAB\FINAL\CODE\FINAL.X\FINALCODE.ASM 75 : Found opcode in column 1. (INCF)
Warning[203] C:\USERS\THYAG\ONEDRIVE\DOCUMENTOS\GITHUB\MICROPROCESSORS-MICROCONTROLLERS\FINAL PROJECT LAB\FINAL\CODE\FINAL.X\FINALCODE.ASM 76 : Found opcode in column 1. (GOTO)
Warning[203] C:\USERS\THYAG\ONEDRIVE\DOCUMENTOS\GITHUB\MICROPROCESSORS-MICROCONTROLLERS\FINAL PROJECT LAB\FINAL\CODE\FINAL.X\FINALCODE.ASM 78 : Found opcode in column 1. (BTFSC)
Warning[203] C:\USERS\THYAG\ONEDRIVE\DOCUMENTOS\GITHUB\MICROPROCESSORS-MICROCONTROLLERS\FINAL PROJECT LAB\FINAL\CODE\FINAL.X\FINALCODE.ASM 79 : Found opcode in column 1. (GOTO)
Warning[203] C:\USERS\THYAG\ONEDRIVE\DOCUMENTOS\GITHUB\MICROPROCESSORS-MICROCONTROLLERS\FINAL PROJECT LAB\FINAL\CODE\FINAL.X\FINALCODE.ASM 80 : Found opcode in column 1. (BCF)
Warning[203] C:\USERS\THYAG\ONEDRIVE\DOCUMENTOS\GITHUB\MICROPROCESSORS-MICROCONTROLLERS\FINAL PROJECT LAB\FINAL\CODE\FINAL.X\FINALCODE.ASM 81 : Found opcode in column 1. (BCF)
Warning[203] C:\USERS\THYAG\ONEDRIVE\DOCUMENTOS\GITHUB\MICROPROCESSORS-MICROCONTROLLERS\FINAL PROJECT LAB\FINAL\CODE\FINAL.X\FINALCODE.ASM 82 : Found opcode in column 1. (BSF)
Warning[203] C:\USERS\THYAG\ONEDRIVE\DOCUMENTOS\GITHUB\MICROPROCESSORS-MICROCONTROLLERS\FINAL PROJECT LAB\FINAL\CODE\FINAL.X\FINALCODE.ASM 83 : Found opcode in column 1. (BCF)
Warning[203] C:\USERS\THYAG\ONEDRIVE\DOCUMENTOS\GITHUB\MICROPROCESSORS-MICROCONTROLLERS\FINAL PROJECT LAB\FINAL\CODE\FINAL.X\FINALCODE.ASM 85 : Found opcode in column 1. (BTFSS)
Warning[203] C:\USERS\THYAG\ONEDRIVE\DOCUMENTOS\GITHUB\MICROPROCESSORS-MICROCONTROLLERS\FINAL PROJECT LAB\FINAL\CODE\FINAL.X\FINALCODE.ASM 86 : Found opcode in column 1. (CALL)
Warning[203] C:\USERS\THYAG\ONEDRIVE\DOCUMENTOS\GITHUB\MICROPROCESSORS-MICROCONTROLLERS\FINAL PROJECT LAB\FINAL\CODE\FINAL.X\FINALCODE.ASM 87 : Found opcode in column 1. (CALL)
Warning[203] C:\USERS\THYAG\ONEDRIVE\DOCUMENTOS\GITHUB\MICROPROCESSORS-MICROCONTROLLERS\FINAL PROJECT LAB\FINAL\CODE\FINAL.X\FINALCODE.ASM 88 : Found opcode in column 1. (BSF)
Warning[203] C:\USERS\THYAG\ONEDRIVE\DOCUMENTOS\GITHUB\MICROPROCESSORS-MICROCONTROLLERS\FINAL PROJECT LAB\FINAL\CODE\FINAL.X\FINALCODE.ASM 89 : Found opcode in column 1. (BSF)
Warning[203] C:\USERS\THYAG\ONEDRIVE\DOCUMENTOS\GITHUB\MICROPROCESSORS-MICROCONTROLLERS\FINAL PROJECT LAB\FINAL\CODE\FINAL.X\FINALCODE.ASM 90 : Found opcode in column 1. (BCF)
Warning[203] C:\USERS\THYAG\ONEDRIVE\DOCUMENTOS\GITHUB\MICROPROCESSORS-MICROCONTROLLERS\FINAL PROJECT LAB\FINAL\CODE\FINAL.X\FINALCODE.ASM 91 : Found opcode in column 1. (INCF)
Warning[203] C:\USERS\THYAG\ONEDRIVE\DOCUMENTOS\GITHUB\MICROPROCESSORS-MICROCONTROLLERS\FINAL PROJECT LAB\FINAL\CODE\FINAL.X\FINALCODE.ASM 92 : Found opcode in column 1. (INCF)
Warning[203] C:\USERS\THYAG\ONEDRIVE\DOCUMENTOS\GITHUB\MICROPROCESSORS-MICROCONTROLLERS\FINAL PROJECT LAB\FINAL\CODE\FINAL.X\FINALCODE.ASM 93 : Found opcode in column 1. (GOTO)
Warning[203] C:\USERS\THYAG\ONEDRIVE\DOCUMENTOS\GITHUB\MICROPROCESSORS-MICROCONTROLLERS\FINAL PROJECT LAB\FINAL\CODE\FINAL.X\FINALCODE.ASM 95 : Found opcode in column 1. (BSF)
Warning[203] C:\USERS\THYAG\ONEDRIVE\DOCUMENTOS\GITHUB\MICROPROCESSORS-MICROCONTROLLERS\FINAL PROJECT LAB\FINAL\CODE\FINAL.X\FINALCODE.ASM 96 : Found opcode in column 1. (BTFSS)
Warning[203] C:\USERS\THYAG\ONEDRIVE\DOCUMENTOS\GITHUB\MICROPROCESSORS-MICROCONTROLLERS\FINAL PROJECT LAB\FINAL\CODE\FINAL.X\FINALCODE.ASM 97 : Found opcode in column 1. (GOTO)
Warning[203] C:\USERS\THYAG\ONEDRIVE\DOCUMENTOS\GITHUB\MICROPROCESSORS-MICROCONTROLLERS\FINAL PROJECT LAB\FINAL\CODE\FINAL.X\FINALCODE.ASM 98 : Found opcode in column 1. (GOTO)
Warning[203] C:\USERS\THYAG\ONEDRIVE\DOCUMENTOS\GITHUB\MICROPROCESSORS-MICROCONTROLLERS\FINAL PROJECT LAB\FINAL\CODE\FINAL.X\FINALCODE.ASM 100 : Found opcode in column 1. (BCF)
Warning[203] C:\USERS\THYAG\ONEDRIVE\DOCUMENTOS\GITHUB\MICROPROCESSORS-MICROCONTROLLERS\FINAL PROJECT LAB\FINAL\CODE\FINAL.X\FINALCODE.ASM 101 : Found opcode in column 1. (BCF)
Warning[203] C:\USERS\THYAG\ONEDRIVE\DOCUMENTOS\GITHUB\MICROPROCESSORS-MICROCONTROLLERS\FINAL PROJECT LAB\FINAL\CODE\FINAL.X\FINALCODE.ASM 102 : Found opcode in column 1. (BCF)
Warning[203] C:\USERS\THYAG\ONEDRIVE\DOCUMENTOS\GITHUB\MICROPROCESSORS-MICROCONTROLLERS\FINAL PROJECT LAB\FINAL\CODE\FINAL.X\FINALCODE.ASM 103 : Found opcode in column 1. (BSF)
Warning[203] C:\USERS\THYAG\ONEDRIVE\DOCUMENTOS\GITHUB\MICROPROCESSORS-MICROCONTROLLERS\FINAL PROJECT LAB\FINAL\CODE\FINAL.X\FINALCODE.ASM 104 : Found opcode in column 1. (BSF)
Warning[203] C:\USERS\THYAG\ONEDRIVE\DOCUMENTOS\GITHUB\MICROPROCESSORS-MICROCONTROLLERS\FINAL PROJECT LAB\FINAL\CODE\FINAL.X\FINALCODE.ASM 105 : Found opcode in column 1. (CALL)
Warning[203] C:\USERS\THYAG\ONEDRIVE\DOCUMENTOS\GITHUB\MICROPROCESSORS-MICROCONTROLLERS\FINAL PROJECT LAB\FINAL\CODE\FINAL.X\FINALCODE.ASM 106 : Found opcode in column 1. (CALL)
Warning[203] C:\USERS\THYAG\ONEDRIVE\DOCUMENTOS\GITHUB\MICROPROCESSORS-MICROCONTROLLERS\FINAL PROJECT LAB\FINAL\CODE\FINAL.X\FINALCODE.ASM 107 : Found opcode in column 1. (CALL)
Warning[203] C:\USERS\THYAG\ONEDRIVE\DOCUMENTOS\GITHUB\MICROPROCESSORS-MICROCONTROLLERS\FINAL PROJECT LAB\FINAL\CODE\FINAL.X\FINALCODE.ASM 108 : Found opcode in column 1. (BSF)
Warning[203] C:\USERS\THYAG\ONEDRIVE\DOCUMENTOS\GITHUB\MICROPROCESSORS-MICROCONTROLLERS\FINAL PROJECT LAB\FINAL\CODE\FINAL.X\FINALCODE.ASM 109 : Found opcode in column 1. (BSF)
Warning[203] C:\USERS\THYAG\ONEDRIVE\DOCUMENTOS\GITHUB\MICROPROCESSORS-MICROCONTROLLERS\FINAL PROJECT LAB\FINAL\CODE\FINAL.X\FINALCODE.ASM 110 : Found opcode in column 1. (BCF)
Warning[203] C:\USERS\THYAG\ONEDRIVE\DOCUMENTOS\GITHUB\MICROPROCESSORS-MICROCONTROLLERS\FINAL PROJECT LAB\FINAL\CODE\FINAL.X\FINALCODE.ASM 111 : Found opcode in column 1. (BCF)
Warning[203] C:\USERS\THYAG\ONEDRIVE\DOCUMENTOS\GITHUB\MICROPROCESSORS-MICROCONTROLLERS\FINAL PROJECT LAB\FINAL\CODE\FINAL.X\FINALCODE.ASM 112 : Found opcode in column 1. (GOTO)
Warning[203] C:\USERS\THYAG\ONEDRIVE\DOCUMENTOS\GITHUB\MICROPROCESSORS-MICROCONTROLLERS\FINAL PROJECT LAB\FINAL\CODE\FINAL.X\FINALCODE.ASM 114 : Found opcode in column 1. (BTFSC)
Warning[203] C:\USERS\THYAG\ONEDRIVE\DOCUMENTOS\GITHUB\MICROPROCESSORS-MICROCONTROLLERS\FINAL PROJECT LAB\FINAL\CODE\FINAL.X\FINALCODE.ASM 115 : Found opcode in column 1. (GOTO)
Warning[203] C:\USERS\THYAG\ONEDRIVE\DOCUMENTOS\GITHUB\MICROPROCESSORS-MICROCONTROLLERS\FINAL PROJECT LAB\FINAL\CODE\FINAL.X\FINALCODE.ASM 116 : Found opcode in column 1. (GOTO)
Warning[203] C:\USERS\THYAG\ONEDRIVE\DOCUMENTOS\GITHUB\MICROPROCESSORS-MICROCONTROLLERS\FINAL PROJECT LAB\FINAL\CODE\FINAL.X\FINALCODE.ASM 118 : Found opcode in column 1. (BSF)
Warning[203] C:\USERS\THYAG\ONEDRIVE\DOCUMENTOS\GITHUB\MICROPROCESSORS-MICROCONTROLLERS\FINAL PROJECT LAB\FINAL\CODE\FINAL.X\FINALCODE.ASM 119 : Found opcode in column 1. (BTFSS)
Warning[203] C:\USERS\THYAG\ONEDRIVE\DOCUMENTOS\GITHUB\MICROPROCESSORS-MICROCONTROLLERS\FINAL PROJECT LAB\FINAL\CODE\FINAL.X\FINALCODE.ASM 120 : Found opcode in column 1. (GOTO)
Warning[203] C:\USERS\THYAG\ONEDRIVE\DOCUMENTOS\GITHUB\MICROPROCESSORS-MICROCONTROLLERS\FINAL PROJECT LAB\FINAL\CODE\FINAL.X\FINALCODE.ASM 121 : Found opcode in column 1. (GOTO)
Warning[203] C:\USERS\THYAG\ONEDRIVE\DOCUMENTOS\GITHUB\MICROPROCESSORS-MICROCONTROLLERS\FINAL PROJECT LAB\FINAL\CODE\FINAL.X\FINALCODE.ASM 123 : Found opcode in column 1. (BTFSS)
Warning[203] C:\USERS\THYAG\ONEDRIVE\DOCUMENTOS\GITHUB\MICROPROCESSORS-MICROCONTROLLERS\FINAL PROJECT LAB\FINAL\CODE\FINAL.X\FINALCODE.ASM 124 : Found opcode in column 1. (GOTO)
Warning[203] C:\USERS\THYAG\ONEDRIVE\DOCUMENTOS\GITHUB\MICROPROCESSORS-MICROCONTROLLERS\FINAL PROJECT LAB\FINAL\CODE\FINAL.X\FINALCODE.ASM 125 : Found opcode in column 1. (GOTO)
Warning[203] C:\USERS\THYAG\ONEDRIVE\DOCUMENTOS\GITHUB\MICROPROCESSORS-MICROCONTROLLERS\FINAL PROJECT LAB\FINAL\CODE\FINAL.X\FINALCODE.ASM 127 : Found opcode in column 1. (BTFSS)
Warning[203] C:\USERS\THYAG\ONEDRIVE\DOCUMENTOS\GITHUB\MICROPROCESSORS-MICROCONTROLLERS\FINAL PROJECT LAB\FINAL\CODE\FINAL.X\FINALCODE.ASM 128 : Found opcode in column 1. (GOTO)
Warning[203] C:\USERS\THYAG\ONEDRIVE\DOCUMENTOS\GITHUB\MICROPROCESSORS-MICROCONTROLLERS\FINAL PROJECT LAB\FINAL\CODE\FINAL.X\FINALCODE.ASM 129 : Found opcode in column 1. (GOTO)
Warning[203] C:\USERS\THYAG\ONEDRIVE\DOCUMENTOS\GITHUB\MICROPROCESSORS-MICROCONTROLLERS\FINAL PROJECT LAB\FINAL\CODE\FINAL.X\FINALCODE.ASM 131 : Found opcode in column 1. (BTFSS)
Warning[203] C:\USERS\THYAG\ONEDRIVE\DOCUMENTOS\GITHUB\MICROPROCESSORS-MICROCONTROLLERS\FINAL PROJECT LAB\FINAL\CODE\FINAL.X\FINALCODE.ASM 132 : Found opcode in column 1. (GOTO)
Warning[203] C:\USERS\THYAG\ONEDRIVE\DOCUMENTOS\GITHUB\MICROPROCESSORS-MICROCONTROLLERS\FINAL PROJECT LAB\FINAL\CODE\FINAL.X\FINALCODE.ASM 133 : Found opcode in column 1. (GOTO)
Warning[203] C:\USERS\THYAG\ONEDRIVE\DOCUMENTOS\GITHUB\MICROPROCESSORS-MICROCONTROLLERS\FINAL PROJECT LAB\FINAL\CODE\FINAL.X\FINALCODE.ASM 134 : Found opcode in column 1. (BTFSS)
Warning[203] C:\USERS\THYAG\ONEDRIVE\DOCUMENTOS\GITHUB\MICROPROCESSORS-MICROCONTROLLERS\FINAL PROJECT LAB\FINAL\CODE\FINAL.X\FINALCODE.ASM 135 : Found opcode in column 1. (GOTO)
Warning[203] C:\USERS\THYAG\ONEDRIVE\DOCUMENTOS\GITHUB\MICROPROCESSORS-MICROCONTROLLERS\FINAL PROJECT LAB\FINAL\CODE\FINAL.X\FINALCODE.ASM 136 : Found opcode in column 1. (GOTO)
Warning[203] C:\USERS\THYAG\ONEDRIVE\DOCUMENTOS\GITHUB\MICROPROCESSORS-MICROCONTROLLERS\FINAL PROJECT LAB\FINAL\CODE\FINAL.X\FINALCODE.ASM 138 : Found opcode in column 1. (BCF)
Warning[203] C:\USERS\THYAG\ONEDRIVE\DOCUMENTOS\GITHUB\MICROPROCESSORS-MICROCONTROLLERS\FINAL PROJECT LAB\FINAL\CODE\FINAL.X\FINALCODE.ASM 139 : Found opcode in column 1. (BCF)
Warning[203] C:\USERS\THYAG\ONEDRIVE\DOCUMENTOS\GITHUB\MICROPROCESSORS-MICROCONTROLLERS\FINAL PROJECT LAB\FINAL\CODE\FINAL.X\FINALCODE.ASM 140 : Found opcode in column 1. (BCF)
Warning[203] C:\USERS\THYAG\ONEDRIVE\DOCUMENTOS\GITHUB\MICROPROCESSORS-MICROCONTROLLERS\FINAL PROJECT LAB\FINAL\CODE\FINAL.X\FINALCODE.ASM 141 : Found opcode in column 1. (BSF)
Warning[203] C:\USERS\THYAG\ONEDRIVE\DOCUMENTOS\GITHUB\MICROPROCESSORS-MICROCONTROLLERS\FINAL PROJECT LAB\FINAL\CODE\FINAL.X\FINALCODE.ASM 142 : Found opcode in column 1. (BSF)
Warning[203] C:\USERS\THYAG\ONEDRIVE\DOCUMENTOS\GITHUB\MICROPROCESSORS-MICROCONTROLLERS\FINAL PROJECT LAB\FINAL\CODE\FINAL.X\FINALCODE.ASM 144 : Found opcode in column 1. (CALL)
Warning[203] C:\USERS\THYAG\ONEDRIVE\DOCUMENTOS\GITHUB\MICROPROCESSORS-MICROCONTROLLERS\FINAL PROJECT LAB\FINAL\CODE\FINAL.X\FINALCODE.ASM 145 : Found opcode in column 1. (BSF)
Warning[203] C:\USERS\THYAG\ONEDRIVE\DOCUMENTOS\GITHUB\MICROPROCESSORS-MICROCONTROLLERS\FINAL PROJECT LAB\FINAL\CODE\FINAL.X\FINALCODE.ASM 146 : Found opcode in column 1. (BSF)
Warning[203] C:\USERS\THYAG\ONEDRIVE\DOCUMENTOS\GITHUB\MICROPROCESSORS-MICROCONTROLLERS\FINAL PROJECT LAB\FINAL\CODE\FINAL.X\FINALCODE.ASM 147 : Found opcode in column 1. (BCF)
Warning[203] C:\USERS\THYAG\ONEDRIVE\DOCUMENTOS\GITHUB\MICROPROCESSORS-MICROCONTROLLERS\FINAL PROJECT LAB\FINAL\CODE\FINAL.X\FINALCODE.ASM 148 : Found opcode in column 1. (BCF)
Warning[203] C:\USERS\THYAG\ONEDRIVE\DOCUMENTOS\GITHUB\MICROPROCESSORS-MICROCONTROLLERS\FINAL PROJECT LAB\FINAL\CODE\FINAL.X\FINALCODE.ASM 149 : Found opcode in column 1. (INCF)
Warning[203] C:\USERS\THYAG\ONEDRIVE\DOCUMENTOS\GITHUB\MICROPROCESSORS-MICROCONTROLLERS\FINAL PROJECT LAB\FINAL\CODE\FINAL.X\FINALCODE.ASM 150 : Found opcode in column 1. (GOTO)
Warning[203] C:\USERS\THYAG\ONEDRIVE\DOCUMENTOS\GITHUB\MICROPROCESSORS-MICROCONTROLLERS\FINAL PROJECT LAB\FINAL\CODE\FINAL.X\FINALCODE.ASM 152 : Found opcode in column 1. (BTFSC)
Warning[203] C:\USERS\THYAG\ONEDRIVE\DOCUMENTOS\GITHUB\MICROPROCESSORS-MICROCONTROLLERS\FINAL PROJECT LAB\FINAL\CODE\FINAL.X\FINALCODE.ASM 153 : Found opcode in column 1. (GOTO)
Warning[203] C:\USERS\THYAG\ONEDRIVE\DOCUMENTOS\GITHUB\MICROPROCESSORS-MICROCONTROLLERS\FINAL PROJECT LAB\FINAL\CODE\FINAL.X\FINALCODE.ASM 154 : Found opcode in column 1. (BCF)
Warning[203] C:\USERS\THYAG\ONEDRIVE\DOCUMENTOS\GITHUB\MICROPROCESSORS-MICROCONTROLLERS\FINAL PROJECT LAB\FINAL\CODE\FINAL.X\FINALCODE.ASM 155 : Found opcode in column 1. (BCF)
Warning[203] C:\USERS\THYAG\ONEDRIVE\DOCUMENTOS\GITHUB\MICROPROCESSORS-MICROCONTROLLERS\FINAL PROJECT LAB\FINAL\CODE\FINAL.X\FINALCODE.ASM 156 : Found opcode in column 1. (BCF)
Warning[203] C:\USERS\THYAG\ONEDRIVE\DOCUMENTOS\GITHUB\MICROPROCESSORS-MICROCONTROLLERS\FINAL PROJECT LAB\FINAL\CODE\FINAL.X\FINALCODE.ASM 157 : Found opcode in column 1. (BSF)
Warning[203] C:\USERS\THYAG\ONEDRIVE\DOCUMENTOS\GITHUB\MICROPROCESSORS-MICROCONTROLLERS\FINAL PROJECT LAB\FINAL\CODE\FINAL.X\FINALCODE.ASM 158 : Found opcode in column 1. (BSF)
Warning[203] C:\USERS\THYAG\ONEDRIVE\DOCUMENTOS\GITHUB\MICROPROCESSORS-MICROCONTROLLERS\FINAL PROJECT LAB\FINAL\CODE\FINAL.X\FINALCODE.ASM 160 : Found opcode in column 1. (CALL)
Warning[203] C:\USERS\THYAG\ONEDRIVE\DOCUMENTOS\GITHUB\MICROPROCESSORS-MICROCONTROLLERS\FINAL PROJECT LAB\FINAL\CODE\FINAL.X\FINALCODE.ASM 161 : Found opcode in column 1. (BSF)
Warning[203] C:\USERS\THYAG\ONEDRIVE\DOCUMENTOS\GITHUB\MICROPROCESSORS-MICROCONTROLLERS\FINAL PROJECT LAB\FINAL\CODE\FINAL.X\FINALCODE.ASM 162 : Found opcode in column 1. (BSF)
Warning[203] C:\USERS\THYAG\ONEDRIVE\DOCUMENTOS\GITHUB\MICROPROCESSORS-MICROCONTROLLERS\FINAL PROJECT LAB\FINAL\CODE\FINAL.X\FINALCODE.ASM 163 : Found opcode in column 1. (BCF)
Warning[203] C:\USERS\THYAG\ONEDRIVE\DOCUMENTOS\GITHUB\MICROPROCESSORS-MICROCONTROLLERS\FINAL PROJECT LAB\FINAL\CODE\FINAL.X\FINALCODE.ASM 164 : Found opcode in column 1. (BCF)
Warning[203] C:\USERS\THYAG\ONEDRIVE\DOCUMENTOS\GITHUB\MICROPROCESSORS-MICROCONTROLLERS\FINAL PROJECT LAB\FINAL\CODE\FINAL.X\FINALCODE.ASM 165 : Found opcode in column 1. (INCF)
Warning[203] C:\USERS\THYAG\ONEDRIVE\DOCUMENTOS\GITHUB\MICROPROCESSORS-MICROCONTROLLERS\FINAL PROJECT LAB\FINAL\CODE\FINAL.X\FINALCODE.ASM 166 : Found opcode in column 1. (GOTO)
Warning[203] C:\USERS\THYAG\ONEDRIVE\DOCUMENTOS\GITHUB\MICROPROCESSORS-MICROCONTROLLERS\FINAL PROJECT LAB\FINAL\CODE\FINAL.X\FINALCODE.ASM 168 : Found opcode in column 1. (BTFSS)
Warning[203] C:\USERS\THYAG\ONEDRIVE\DOCUMENTOS\GITHUB\MICROPROCESSORS-MICROCONTROLLERS\FINAL PROJECT LAB\FINAL\CODE\FINAL.X\FINALCODE.ASM 169 : Found opcode in column 1. (GOTO)
Warning[203] C:\USERS\THYAG\ONEDRIVE\DOCUMENTOS\GITHUB\MICROPROCESSORS-MICROCONTROLLERS\FINAL PROJECT LAB\FINAL\CODE\FINAL.X\FINALCODE.ASM 170 : Found opcode in column 1. (GOTO)
Warning[203] C:\USERS\THYAG\ONEDRIVE\DOCUMENTOS\GITHUB\MICROPROCESSORS-MICROCONTROLLERS\FINAL PROJECT LAB\FINAL\CODE\FINAL.X\FINALCODE.ASM 171 : Found opcode in column 1. (BTFSS)
Warning[203] C:\USERS\THYAG\ONEDRIVE\DOCUMENTOS\GITHUB\MICROPROCESSORS-MICROCONTROLLERS\FINAL PROJECT LAB\FINAL\CODE\FINAL.X\FINALCODE.ASM 172 : Found opcode in column 1. (GOTO)
Warning[203] C:\USERS\THYAG\ONEDRIVE\DOCUMENTOS\GITHUB\MICROPROCESSORS-MICROCONTROLLERS\FINAL PROJECT LAB\FINAL\CODE\FINAL.X\FINALCODE.ASM 173 : Found opcode in column 1. (GOTO)
Warning[203] C:\USERS\THYAG\ONEDRIVE\DOCUMENTOS\GITHUB\MICROPROCESSORS-MICROCONTROLLERS\FINAL PROJECT LAB\FINAL\CODE\FINAL.X\FINALCODE.ASM 175 : Found opcode in column 1. (BCF)
Warning[203] C:\USERS\THYAG\ONEDRIVE\DOCUMENTOS\GITHUB\MICROPROCESSORS-MICROCONTROLLERS\FINAL PROJECT LAB\FINAL\CODE\FINAL.X\FINALCODE.ASM 176 : Found opcode in column 1. (BCF)
Warning[203] C:\USERS\THYAG\ONEDRIVE\DOCUMENTOS\GITHUB\MICROPROCESSORS-MICROCONTROLLERS\FINAL PROJECT LAB\FINAL\CODE\FINAL.X\FINALCODE.ASM 177 : Found opcode in column 1. (BCF)
Warning[203] C:\USERS\THYAG\ONEDRIVE\DOCUMENTOS\GITHUB\MICROPROCESSORS-MICROCONTROLLERS\FINAL PROJECT LAB\FINAL\CODE\FINAL.X\FINALCODE.ASM 178 : Found opcode in column 1. (BSF)
Warning[203] C:\USERS\THYAG\ONEDRIVE\DOCUMENTOS\GITHUB\MICROPROCESSORS-MICROCONTROLLERS\FINAL PROJECT LAB\FINAL\CODE\FINAL.X\FINALCODE.ASM 179 : Found opcode in column 1. (BSF)
Warning[203] C:\USERS\THYAG\ONEDRIVE\DOCUMENTOS\GITHUB\MICROPROCESSORS-MICROCONTROLLERS\FINAL PROJECT LAB\FINAL\CODE\FINAL.X\FINALCODE.ASM 181 : Found opcode in column 1. (CALL)
Warning[203] C:\USERS\THYAG\ONEDRIVE\DOCUMENTOS\GITHUB\MICROPROCESSORS-MICROCONTROLLERS\FINAL PROJECT LAB\FINAL\CODE\FINAL.X\FINALCODE.ASM 182 : Found opcode in column 1. (BSF)
Warning[203] C:\USERS\THYAG\ONEDRIVE\DOCUMENTOS\GITHUB\MICROPROCESSORS-MICROCONTROLLERS\FINAL PROJECT LAB\FINAL\CODE\FINAL.X\FINALCODE.ASM 183 : Found opcode in column 1. (BSF)
Warning[203] C:\USERS\THYAG\ONEDRIVE\DOCUMENTOS\GITHUB\MICROPROCESSORS-MICROCONTROLLERS\FINAL PROJECT LAB\FINAL\CODE\FINAL.X\FINALCODE.ASM 184 : Found opcode in column 1. (BCF)
Warning[203] C:\USERS\THYAG\ONEDRIVE\DOCUMENTOS\GITHUB\MICROPROCESSORS-MICROCONTROLLERS\FINAL PROJECT LAB\FINAL\CODE\FINAL.X\FINALCODE.ASM 185 : Found opcode in column 1. (BCF)
Warning[203] C:\USERS\THYAG\ONEDRIVE\DOCUMENTOS\GITHUB\MICROPROCESSORS-MICROCONTROLLERS\FINAL PROJECT LAB\FINAL\CODE\FINAL.X\FINALCODE.ASM 186 : Found opcode in column 1. (INCF)
Warning[203] C:\USERS\THYAG\ONEDRIVE\DOCUMENTOS\GITHUB\MICROPROCESSORS-MICROCONTROLLERS\FINAL PROJECT LAB\FINAL\CODE\FINAL.X\FINALCODE.ASM 187 : Found opcode in column 1. (GOTO)
Warning[203] C:\USERS\THYAG\ONEDRIVE\DOCUMENTOS\GITHUB\MICROPROCESSORS-MICROCONTROLLERS\FINAL PROJECT LAB\FINAL\CODE\FINAL.X\FINALCODE.ASM 189 : Found opcode in column 1. (BTFSC)
Warning[203] C:\USERS\THYAG\ONEDRIVE\DOCUMENTOS\GITHUB\MICROPROCESSORS-MICROCONTROLLERS\FINAL PROJECT LAB\FINAL\CODE\FINAL.X\FINALCODE.ASM 190 : Found opcode in column 1. (GOTO)
Warning[203] C:\USERS\THYAG\ONEDRIVE\DOCUMENTOS\GITHUB\MICROPROCESSORS-MICROCONTROLLERS\FINAL PROJECT LAB\FINAL\CODE\FINAL.X\FINALCODE.ASM 191 : Found opcode in column 1. (BCF)
Warning[203] C:\USERS\THYAG\ONEDRIVE\DOCUMENTOS\GITHUB\MICROPROCESSORS-MICROCONTROLLERS\FINAL PROJECT LAB\FINAL\CODE\FINAL.X\FINALCODE.ASM 192 : Found opcode in column 1. (BCF)
Warning[203] C:\USERS\THYAG\ONEDRIVE\DOCUMENTOS\GITHUB\MICROPROCESSORS-MICROCONTROLLERS\FINAL PROJECT LAB\FINAL\CODE\FINAL.X\FINALCODE.ASM 193 : Found opcode in column 1. (BSF)
Warning[203] C:\USERS\THYAG\ONEDRIVE\DOCUMENTOS\GITHUB\MICROPROCESSORS-MICROCONTROLLERS\FINAL PROJECT LAB\FINAL\CODE\FINAL.X\FINALCODE.ASM 194 : Found opcode in column 1. (BCF)
Warning[203] C:\USERS\THYAG\ONEDRIVE\DOCUMENTOS\GITHUB\MICROPROCESSORS-MICROCONTROLLERS\FINAL PROJECT LAB\FINAL\CODE\FINAL.X\FINALCODE.ASM 195 : Found opcode in column 1. (BSF)
Warning[203] C:\USERS\THYAG\ONEDRIVE\DOCUMENTOS\GITHUB\MICROPROCESSORS-MICROCONTROLLERS\FINAL PROJECT LAB\FINAL\CODE\FINAL.X\FINALCODE.ASM 197 : Found opcode in column 1. (CALL)
Warning[203] C:\USERS\THYAG\ONEDRIVE\DOCUMENTOS\GITHUB\MICROPROCESSORS-MICROCONTROLLERS\FINAL PROJECT LAB\FINAL\CODE\FINAL.X\FINALCODE.ASM 198 : Found opcode in column 1. (BSF)
Warning[203] C:\USERS\THYAG\ONEDRIVE\DOCUMENTOS\GITHUB\MICROPROCESSORS-MICROCONTROLLERS\FINAL PROJECT LAB\FINAL\CODE\FINAL.X\FINALCODE.ASM 199 : Found opcode in column 1. (BSF)
Warning[203] C:\USERS\THYAG\ONEDRIVE\DOCUMENTOS\GITHUB\MICROPROCESSORS-MICROCONTROLLERS\FINAL PROJECT LAB\FINAL\CODE\FINAL.X\FINALCODE.ASM 200 : Found opcode in column 1. (BCF)
Warning[203] C:\USERS\THYAG\ONEDRIVE\DOCUMENTOS\GITHUB\MICROPROCESSORS-MICROCONTROLLERS\FINAL PROJECT LAB\FINAL\CODE\FINAL.X\FINALCODE.ASM 201 : Found opcode in column 1. (BCF)
Warning[203] C:\USERS\THYAG\ONEDRIVE\DOCUMENTOS\GITHUB\MICROPROCESSORS-MICROCONTROLLERS\FINAL PROJECT LAB\FINAL\CODE\FINAL.X\FINALCODE.ASM 202 : Found opcode in column 1. (INCF)
Warning[203] C:\USERS\THYAG\ONEDRIVE\DOCUMENTOS\GITHUB\MICROPROCESSORS-MICROCONTROLLERS\FINAL PROJECT LAB\FINAL\CODE\FINAL.X\FINALCODE.ASM 203 : Found opcode in column 1. (GOTO)
Warning[203] C:\USERS\THYAG\ONEDRIVE\DOCUMENTOS\GITHUB\MICROPROCESSORS-MICROCONTROLLERS\FINAL PROJECT LAB\FINAL\CODE\FINAL.X\FINALCODE.ASM 205 : Found opcode in column 1. (BTFSS)
Warning[203] C:\USERS\THYAG\ONEDRIVE\DOCUMENTOS\GITHUB\MICROPROCESSORS-MICROCONTROLLERS\FINAL PROJECT LAB\FINAL\CODE\FINAL.X\FINALCODE.ASM 206 : Found opcode in column 1. (GOTO)
Warning[203] C:\USERS\THYAG\ONEDRIVE\DOCUMENTOS\GITHUB\MICROPROCESSORS-MICROCONTROLLERS\FINAL PROJECT LAB\FINAL\CODE\FINAL.X\FINALCODE.ASM 207 : Found opcode in column 1. (GOTO)
Warning[203] C:\USERS\THYAG\ONEDRIVE\DOCUMENTOS\GITHUB\MICROPROCESSORS-MICROCONTROLLERS\FINAL PROJECT LAB\FINAL\CODE\FINAL.X\FINALCODE.ASM 208 : Found opcode in column 1. (BTFSC)
Warning[203] C:\USERS\THYAG\ONEDRIVE\DOCUMENTOS\GITHUB\MICROPROCESSORS-MICROCONTROLLERS\FINAL PROJECT LAB\FINAL\CODE\FINAL.X\FINALCODE.ASM 209 : Found opcode in column 1. (GOTO)
Warning[203] C:\USERS\THYAG\ONEDRIVE\DOCUMENTOS\GITHUB\MICROPROCESSORS-MICROCONTROLLERS\FINAL PROJECT LAB\FINAL\CODE\FINAL.X\FINALCODE.ASM 210 : Found opcode in column 1. (GOTO)
Warning[203] C:\USERS\THYAG\ONEDRIVE\DOCUMENTOS\GITHUB\MICROPROCESSORS-MICROCONTROLLERS\FINAL PROJECT LAB\FINAL\CODE\FINAL.X\FINALCODE.ASM 212 : Found opcode in column 1. (BCF)
Warning[203] C:\USERS\THYAG\ONEDRIVE\DOCUMENTOS\GITHUB\MICROPROCESSORS-MICROCONTROLLERS\FINAL PROJECT LAB\FINAL\CODE\FINAL.X\FINALCODE.ASM 213 : Found opcode in column 1. (BCF)
Warning[203] C:\USERS\THYAG\ONEDRIVE\DOCUMENTOS\GITHUB\MICROPROCESSORS-MICROCONTROLLERS\FINAL PROJECT LAB\FINAL\CODE\FINAL.X\FINALCODE.ASM 214 : Found opcode in column 1. (BSF)
Warning[203] C:\USERS\THYAG\ONEDRIVE\DOCUMENTOS\GITHUB\MICROPROCESSORS-MICROCONTROLLERS\FINAL PROJECT LAB\FINAL\CODE\FINAL.X\FINALCODE.ASM 215 : Found opcode in column 1. (BSF)
Warning[203] C:\USERS\THYAG\ONEDRIVE\DOCUMENTOS\GITHUB\MICROPROCESSORS-MICROCONTROLLERS\FINAL PROJECT LAB\FINAL\CODE\FINAL.X\FINALCODE.ASM 216 : Found opcode in column 1. (BCF)
Warning[203] C:\USERS\THYAG\ONEDRIVE\DOCUMENTOS\GITHUB\MICROPROCESSORS-MICROCONTROLLERS\FINAL PROJECT LAB\FINAL\CODE\FINAL.X\FINALCODE.ASM 218 : Found opcode in column 1. (CALL)
Warning[203] C:\USERS\THYAG\ONEDRIVE\DOCUMENTOS\GITHUB\MICROPROCESSORS-MICROCONTROLLERS\FINAL PROJECT LAB\FINAL\CODE\FINAL.X\FINALCODE.ASM 219 : Found opcode in column 1. (BSF)
Warning[203] C:\USERS\THYAG\ONEDRIVE\DOCUMENTOS\GITHUB\MICROPROCESSORS-MICROCONTROLLERS\FINAL PROJECT LAB\FINAL\CODE\FINAL.X\FINALCODE.ASM 220 : Found opcode in column 1. (BSF)
Warning[203] C:\USERS\THYAG\ONEDRIVE\DOCUMENTOS\GITHUB\MICROPROCESSORS-MICROCONTROLLERS\FINAL PROJECT LAB\FINAL\CODE\FINAL.X\FINALCODE.ASM 221 : Found opcode in column 1. (BCF)
Warning[203] C:\USERS\THYAG\ONEDRIVE\DOCUMENTOS\GITHUB\MICROPROCESSORS-MICROCONTROLLERS\FINAL PROJECT LAB\FINAL\CODE\FINAL.X\FINALCODE.ASM 222 : Found opcode in column 1. (BCF)
Warning[203] C:\USERS\THYAG\ONEDRIVE\DOCUMENTOS\GITHUB\MICROPROCESSORS-MICROCONTROLLERS\FINAL PROJECT LAB\FINAL\CODE\FINAL.X\FINALCODE.ASM 223 : Found opcode in column 1. (INCF)
Warning[203] C:\USERS\THYAG\ONEDRIVE\DOCUMENTOS\GITHUB\MICROPROCESSORS-MICROCONTROLLERS\FINAL PROJECT LAB\FINAL\CODE\FINAL.X\FINALCODE.ASM 224 : Found opcode in column 1. (GOTO)
Warning[203] C:\USERS\THYAG\ONEDRIVE\DOCUMENTOS\GITHUB\MICROPROCESSORS-MICROCONTROLLERS\FINAL PROJECT LAB\FINAL\CODE\FINAL.X\FINALCODE.ASM 226 : Found opcode in column 1. (BTFSS)
Warning[203] C:\USERS\THYAG\ONEDRIVE\DOCUMENTOS\GITHUB\MICROPROCESSORS-MICROCONTROLLERS\FINAL PROJECT LAB\FINAL\CODE\FINAL.X\FINALCODE.ASM 227 : Found opcode in column 1. (GOTO)
Warning[203] C:\USERS\THYAG\ONEDRIVE\DOCUMENTOS\GITHUB\MICROPROCESSORS-MICROCONTROLLERS\FINAL PROJECT LAB\FINAL\CODE\FINAL.X\FINALCODE.ASM 228 : Found opcode in column 1. (BCF)
Warning[203] C:\USERS\THYAG\ONEDRIVE\DOCUMENTOS\GITHUB\MICROPROCESSORS-MICROCONTROLLERS\FINAL PROJECT LAB\FINAL\CODE\FINAL.X\FINALCODE.ASM 229 : Found opcode in column 1. (BCF)
Warning[203] C:\USERS\THYAG\ONEDRIVE\DOCUMENTOS\GITHUB\MICROPROCESSORS-MICROCONTROLLERS\FINAL PROJECT LAB\FINAL\CODE\FINAL.X\FINALCODE.ASM 230 : Found opcode in column 1. (BCF)
Warning[203] C:\USERS\THYAG\ONEDRIVE\DOCUMENTOS\GITHUB\MICROPROCESSORS-MICROCONTROLLERS\FINAL PROJECT LAB\FINAL\CODE\FINAL.X\FINALCODE.ASM 231 : Found opcode in column 1. (BSF)
Warning[203] C:\USERS\THYAG\ONEDRIVE\DOCUMENTOS\GITHUB\MICROPROCESSORS-MICROCONTROLLERS\FINAL PROJECT LAB\FINAL\CODE\FINAL.X\FINALCODE.ASM 232 : Found opcode in column 1. (BSF)
Warning[203] C:\USERS\THYAG\ONEDRIVE\DOCUMENTOS\GITHUB\MICROPROCESSORS-MICROCONTROLLERS\FINAL PROJECT LAB\FINAL\CODE\FINAL.X\FINALCODE.ASM 234 : Found opcode in column 1. (CALL)
Warning[203] C:\USERS\THYAG\ONEDRIVE\DOCUMENTOS\GITHUB\MICROPROCESSORS-MICROCONTROLLERS\FINAL PROJECT LAB\FINAL\CODE\FINAL.X\FINALCODE.ASM 235 : Found opcode in column 1. (BSF)
Warning[203] C:\USERS\THYAG\ONEDRIVE\DOCUMENTOS\GITHUB\MICROPROCESSORS-MICROCONTROLLERS\FINAL PROJECT LAB\FINAL\CODE\FINAL.X\FINALCODE.ASM 236 : Found opcode in column 1. (BSF)
Warning[203] C:\USERS\THYAG\ONEDRIVE\DOCUMENTOS\GITHUB\MICROPROCESSORS-MICROCONTROLLERS\FINAL PROJECT LAB\FINAL\CODE\FINAL.X\FINALCODE.ASM 237 : Found opcode in column 1. (BCF)
Warning[203] C:\USERS\THYAG\ONEDRIVE\DOCUMENTOS\GITHUB\MICROPROCESSORS-MICROCONTROLLERS\FINAL PROJECT LAB\FINAL\CODE\FINAL.X\FINALCODE.ASM 238 : Found opcode in column 1. (BCF)
Warning[203] C:\USERS\THYAG\ONEDRIVE\DOCUMENTOS\GITHUB\MICROPROCESSORS-MICROCONTROLLERS\FINAL PROJECT LAB\FINAL\CODE\FINAL.X\FINALCODE.ASM 239 : Found opcode in column 1. (INCF)
Warning[203] C:\USERS\THYAG\ONEDRIVE\DOCUMENTOS\GITHUB\MICROPROCESSORS-MICROCONTROLLERS\FINAL PROJECT LAB\FINAL\CODE\FINAL.X\FINALCODE.ASM 240 : Found opcode in column 1. (GOTO)
Warning[203] C:\USERS\THYAG\ONEDRIVE\DOCUMENTOS\GITHUB\MICROPROCESSORS-MICROCONTROLLERS\FINAL PROJECT LAB\FINAL\CODE\FINAL.X\FINALCODE.ASM 242 : Found opcode in column 1. (BTFSS)
Warning[203] C:\USERS\THYAG\ONEDRIVE\DOCUMENTOS\GITHUB\MICROPROCESSORS-MICROCONTROLLERS\FINAL PROJECT LAB\FINAL\CODE\FINAL.X\FINALCODE.ASM 243 : Found opcode in column 1. (GOTO)
Warning[203] C:\USERS\THYAG\ONEDRIVE\DOCUMENTOS\GITHUB\MICROPROCESSORS-MICROCONTROLLERS\FINAL PROJECT LAB\FINAL\CODE\FINAL.X\FINALCODE.ASM 244 : Found opcode in column 1. (GOTO)
Warning[203] C:\USERS\THYAG\ONEDRIVE\DOCUMENTOS\GITHUB\MICROPROCESSORS-MICROCONTROLLERS\FINAL PROJECT LAB\FINAL\CODE\FINAL.X\FINALCODE.ASM 245 : Found opcode in column 1. (BTFSC)
Warning[203] C:\USERS\THYAG\ONEDRIVE\DOCUMENTOS\GITHUB\MICROPROCESSORS-MICROCONTROLLERS\FINAL PROJECT LAB\FINAL\CODE\FINAL.X\FINALCODE.ASM 246 : Found opcode in column 1. (GOTO)
Warning[203] C:\USERS\THYAG\ONEDRIVE\DOCUMENTOS\GITHUB\MICROPROCESSORS-MICROCONTROLLERS\FINAL PROJECT LAB\FINAL\CODE\FINAL.X\FINALCODE.ASM 247 : Found opcode in column 1. (GOTO)
Warning[203] C:\USERS\THYAG\ONEDRIVE\DOCUMENTOS\GITHUB\MICROPROCESSORS-MICROCONTROLLERS\FINAL PROJECT LAB\FINAL\CODE\FINAL.X\FINALCODE.ASM 249 : Found opcode in column 1. (BCF)
Warning[203] C:\USERS\THYAG\ONEDRIVE\DOCUMENTOS\GITHUB\MICROPROCESSORS-MICROCONTROLLERS\FINAL PROJECT LAB\FINAL\CODE\FINAL.X\FINALCODE.ASM 250 : Found opcode in column 1. (BCF)
Warning[203] C:\USERS\THYAG\ONEDRIVE\DOCUMENTOS\GITHUB\MICROPROCESSORS-MICROCONTROLLERS\FINAL PROJECT LAB\FINAL\CODE\FINAL.X\FINALCODE.ASM 251 : Found opcode in column 1. (BSF)
Warning[203] C:\USERS\THYAG\ONEDRIVE\DOCUMENTOS\GITHUB\MICROPROCESSORS-MICROCONTROLLERS\FINAL PROJECT LAB\FINAL\CODE\FINAL.X\FINALCODE.ASM 252 : Found opcode in column 1. (BSF)
Warning[203] C:\USERS\THYAG\ONEDRIVE\DOCUMENTOS\GITHUB\MICROPROCESSORS-MICROCONTROLLERS\FINAL PROJECT LAB\FINAL\CODE\FINAL.X\FINALCODE.ASM 253 : Found opcode in column 1. (BCF)
Warning[203] C:\USERS\THYAG\ONEDRIVE\DOCUMENTOS\GITHUB\MICROPROCESSORS-MICROCONTROLLERS\FINAL PROJECT LAB\FINAL\CODE\FINAL.X\FINALCODE.ASM 255 : Found opcode in column 1. (CALL)
Warning[203] C:\USERS\THYAG\ONEDRIVE\DOCUMENTOS\GITHUB\MICROPROCESSORS-MICROCONTROLLERS\FINAL PROJECT LAB\FINAL\CODE\FINAL.X\FINALCODE.ASM 256 : Found opcode in column 1. (BSF)
Warning[203] C:\USERS\THYAG\ONEDRIVE\DOCUMENTOS\GITHUB\MICROPROCESSORS-MICROCONTROLLERS\FINAL PROJECT LAB\FINAL\CODE\FINAL.X\FINALCODE.ASM 257 : Found opcode in column 1. (BSF)
Warning[203] C:\USERS\THYAG\ONEDRIVE\DOCUMENTOS\GITHUB\MICROPROCESSORS-MICROCONTROLLERS\FINAL PROJECT LAB\FINAL\CODE\FINAL.X\FINALCODE.ASM 258 : Found opcode in column 1. (BCF)
Warning[203] C:\USERS\THYAG\ONEDRIVE\DOCUMENTOS\GITHUB\MICROPROCESSORS-MICROCONTROLLERS\FINAL PROJECT LAB\FINAL\CODE\FINAL.X\FINALCODE.ASM 259 : Found opcode in column 1. (BCF)
Warning[203] C:\USERS\THYAG\ONEDRIVE\DOCUMENTOS\GITHUB\MICROPROCESSORS-MICROCONTROLLERS\FINAL PROJECT LAB\FINAL\CODE\FINAL.X\FINALCODE.ASM 260 : Found opcode in column 1. (INCF)
Warning[203] C:\USERS\THYAG\ONEDRIVE\DOCUMENTOS\GITHUB\MICROPROCESSORS-MICROCONTROLLERS\FINAL PROJECT LAB\FINAL\CODE\FINAL.X\FINALCODE.ASM 261 : Found opcode in column 1. (GOTO)
Warning[203] C:\USERS\THYAG\ONEDRIVE\DOCUMENTOS\GITHUB\MICROPROCESSORS-MICROCONTROLLERS\FINAL PROJECT LAB\FINAL\CODE\FINAL.X\FINALCODE.ASM 263 : Found opcode in column 1. (BTFSS)
Warning[203] C:\USERS\THYAG\ONEDRIVE\DOCUMENTOS\GITHUB\MICROPROCESSORS-MICROCONTROLLERS\FINAL PROJECT LAB\FINAL\CODE\FINAL.X\FINALCODE.ASM 264 : Found opcode in column 1. (GOTO)
Warning[203] C:\USERS\THYAG\ONEDRIVE\DOCUMENTOS\GITHUB\MICROPROCESSORS-MICROCONTROLLERS\FINAL PROJECT LAB\FINAL\CODE\FINAL.X\FINALCODE.ASM 265 : Found opcode in column 1. (BCF)
Warning[203] C:\USERS\THYAG\ONEDRIVE\DOCUMENTOS\GITHUB\MICROPROCESSORS-MICROCONTROLLERS\FINAL PROJECT LAB\FINAL\CODE\FINAL.X\FINALCODE.ASM 266 : Found opcode in column 1. (BCF)
Warning[203] C:\USERS\THYAG\ONEDRIVE\DOCUMENTOS\GITHUB\MICROPROCESSORS-MICROCONTROLLERS\FINAL PROJECT LAB\FINAL\CODE\FINAL.X\FINALCODE.ASM 267 : Found opcode in column 1. (BSF)
Warning[203] C:\USERS\THYAG\ONEDRIVE\DOCUMENTOS\GITHUB\MICROPROCESSORS-MICROCONTROLLERS\FINAL PROJECT LAB\FINAL\CODE\FINAL.X\FINALCODE.ASM 268 : Found opcode in column 1. (BSF)
Warning[203] C:\USERS\THYAG\ONEDRIVE\DOCUMENTOS\GITHUB\MICROPROCESSORS-MICROCONTROLLERS\FINAL PROJECT LAB\FINAL\CODE\FINAL.X\FINALCODE.ASM 269 : Found opcode in column 1. (BCF)
Warning[203] C:\USERS\THYAG\ONEDRIVE\DOCUMENTOS\GITHUB\MICROPROCESSORS-MICROCONTROLLERS\FINAL PROJECT LAB\FINAL\CODE\FINAL.X\FINALCODE.ASM 271 : Found opcode in column 1. (CALL)
Warning[203] C:\USERS\THYAG\ONEDRIVE\DOCUMENTOS\GITHUB\MICROPROCESSORS-MICROCONTROLLERS\FINAL PROJECT LAB\FINAL\CODE\FINAL.X\FINALCODE.ASM 272 : Found opcode in column 1. (BSF)
Warning[203] C:\USERS\THYAG\ONEDRIVE\DOCUMENTOS\GITHUB\MICROPROCESSORS-MICROCONTROLLERS\FINAL PROJECT LAB\FINAL\CODE\FINAL.X\FINALCODE.ASM 273 : Found opcode in column 1. (BSF)
Warning[203] C:\USERS\THYAG\ONEDRIVE\DOCUMENTOS\GITHUB\MICROPROCESSORS-MICROCONTROLLERS\FINAL PROJECT LAB\FINAL\CODE\FINAL.X\FINALCODE.ASM 274 : Found opcode in column 1. (BCF)
Warning[203] C:\USERS\THYAG\ONEDRIVE\DOCUMENTOS\GITHUB\MICROPROCESSORS-MICROCONTROLLERS\FINAL PROJECT LAB\FINAL\CODE\FINAL.X\FINALCODE.ASM 275 : Found opcode in column 1. (BCF)
Warning[203] C:\USERS\THYAG\ONEDRIVE\DOCUMENTOS\GITHUB\MICROPROCESSORS-MICROCONTROLLERS\FINAL PROJECT LAB\FINAL\CODE\FINAL.X\FINALCODE.ASM 276 : Found opcode in column 1. (INCF)
Warning[203] C:\USERS\THYAG\ONEDRIVE\DOCUMENTOS\GITHUB\MICROPROCESSORS-MICROCONTROLLERS\FINAL PROJECT LAB\FINAL\CODE\FINAL.X\FINALCODE.ASM 277 : Found opcode in column 1. (GOTO)
Warning[203] C:\USERS\THYAG\ONEDRIVE\DOCUMENTOS\GITHUB\MICROPROCESSORS-MICROCONTROLLERS\FINAL PROJECT LAB\FINAL\CODE\FINAL.X\FINALCODE.ASM 278 : Found opcode in column 1. (GOTO)
Warning[203] C:\USERS\THYAG\ONEDRIVE\DOCUMENTOS\GITHUB\MICROPROCESSORS-MICROCONTROLLERS\FINAL PROJECT LAB\FINAL\CODE\FINAL.X\FINALCODE.ASM 280 : Found opcode in column 1. (BCF)
Warning[203] C:\USERS\THYAG\ONEDRIVE\DOCUMENTOS\GITHUB\MICROPROCESSORS-MICROCONTROLLERS\FINAL PROJECT LAB\FINAL\CODE\FINAL.X\FINALCODE.ASM 281 : Found opcode in column 1. (BCF)
Warning[203] C:\USERS\THYAG\ONEDRIVE\DOCUMENTOS\GITHUB\MICROPROCESSORS-MICROCONTROLLERS\FINAL PROJECT LAB\FINAL\CODE\FINAL.X\FINALCODE.ASM 282 : Found opcode in column 1. (BCF)
Warning[203] C:\USERS\THYAG\ONEDRIVE\DOCUMENTOS\GITHUB\MICROPROCESSORS-MICROCONTROLLERS\FINAL PROJECT LAB\FINAL\CODE\FINAL.X\FINALCODE.ASM 283 : Found opcode in column 1. (BCF)
Warning[203] C:\USERS\THYAG\ONEDRIVE\DOCUMENTOS\GITHUB\MICROPROCESSORS-MICROCONTROLLERS\FINAL PROJECT LAB\FINAL\CODE\FINAL.X\FINALCODE.ASM 284 : Found opcode in column 1. (BCF)
Warning[203] C:\USERS\THYAG\ONEDRIVE\DOCUMENTOS\GITHUB\MICROPROCESSORS-MICROCONTROLLERS\FINAL PROJECT LAB\FINAL\CODE\FINAL.X\FINALCODE.ASM 285 : Found opcode in column 1. (BCF)
Warning[203] C:\USERS\THYAG\ONEDRIVE\DOCUMENTOS\GITHUB\MICROPROCESSORS-MICROCONTROLLERS\FINAL PROJECT LAB\FINAL\CODE\FINAL.X\FINALCODE.ASM 286 : Found opcode in column 1. (BCF)
Warning[203] C:\USERS\THYAG\ONEDRIVE\DOCUMENTOS\GITHUB\MICROPROCESSORS-MICROCONTROLLERS\FINAL PROJECT LAB\FINAL\CODE\FINAL.X\FINALCODE.ASM 287 : Found opcode in column 1. (GOTO)
Warning[203] C:\USERS\THYAG\ONEDRIVE\DOCUMENTOS\GITHUB\MICROPROCESSORS-MICROCONTROLLERS\FINAL PROJECT LAB\FINAL\CODE\FINAL.X\FINALCODE.ASM 289 : Found opcode in column 1. (MOVLW)
Warning[203] C:\USERS\THYAG\ONEDRIVE\DOCUMENTOS\GITHUB\MICROPROCESSORS-MICROCONTROLLERS\FINAL PROJECT LAB\FINAL\CODE\FINAL.X\FINALCODE.ASM 290 : Found opcode in column 1. (MOVWF)
Warning[203] C:\USERS\THYAG\ONEDRIVE\DOCUMENTOS\GITHUB\MICROPROCESSORS-MICROCONTROLLERS\FINAL PROJECT LAB\FINAL\CODE\FINAL.X\FINALCODE.ASM 291 : Found opcode in column 1. (MOVWF)
Warning[203] C:\USERS\THYAG\ONEDRIVE\DOCUMENTOS\GITHUB\MICROPROCESSORS-MICROCONTROLLERS\FINAL PROJECT LAB\FINAL\CODE\FINAL.X\FINALCODE.ASM 292 : Found opcode in column 1. (MOVLW)
Warning[203] C:\USERS\THYAG\ONEDRIVE\DOCUMENTOS\GITHUB\MICROPROCESSORS-MICROCONTROLLERS\FINAL PROJECT LAB\FINAL\CODE\FINAL.X\FINALCODE.ASM 293 : Found opcode in column 1. (MOVWF)
Warning[203] C:\USERS\THYAG\ONEDRIVE\DOCUMENTOS\GITHUB\MICROPROCESSORS-MICROCONTROLLERS\FINAL PROJECT LAB\FINAL\CODE\FINAL.X\FINALCODE.ASM 295 : Found opcode in column 1. (DECFSZ)
Message[305] C:\USERS\THYAG\ONEDRIVE\DOCUMENTOS\GITHUB\MICROPROCESSORS-MICROCONTROLLERS\FINAL PROJECT LAB\FINAL\CODE\FINAL.X\FINALCODE.ASM 295 : Using default destination of 1 (file).
Warning[203] C:\USERS\THYAG\ONEDRIVE\DOCUMENTOS\GITHUB\MICROPROCESSORS-MICROCONTROLLERS\FINAL PROJECT LAB\FINAL\CODE\FINAL.X\FINALCODE.ASM 296 : Found opcode in column 1. (GOTO)
Warning[203] C:\USERS\THYAG\ONEDRIVE\DOCUMENTOS\GITHUB\MICROPROCESSORS-MICROCONTROLLERS\FINAL PROJECT LAB\FINAL\CODE\FINAL.X\FINALCODE.ASM 297 : Found opcode in column 1. (DECFSZ)
Message[305] C:\USERS\THYAG\ONEDRIVE\DOCUMENTOS\GITHUB\MICROPROCESSORS-MICROCONTROLLERS\FINAL PROJECT LAB\FINAL\CODE\FINAL.X\FINALCODE.ASM 297 : Using default destination of 1 (file).
Warning[203] C:\USERS\THYAG\ONEDRIVE\DOCUMENTOS\GITHUB\MICROPROCESSORS-MICROCONTROLLERS\FINAL PROJECT LAB\FINAL\CODE\FINAL.X\FINALCODE.ASM 298 : Found opcode in column 1. (GOTO)
Warning[203] C:\USERS\THYAG\ONEDRIVE\DOCUMENTOS\GITHUB\MICROPROCESSORS-MICROCONTROLLERS\FINAL PROJECT LAB\FINAL\CODE\FINAL.X\FINALCODE.ASM 299 : Found opcode in column 1. (DECFSZ)
Message[305] C:\USERS\THYAG\ONEDRIVE\DOCUMENTOS\GITHUB\MICROPROCESSORS-MICROCONTROLLERS\FINAL PROJECT LAB\FINAL\CODE\FINAL.X\FINALCODE.ASM 299 : Using default destination of 1 (file).
Warning[203] C:\USERS\THYAG\ONEDRIVE\DOCUMENTOS\GITHUB\MICROPROCESSORS-MICROCONTROLLERS\FINAL PROJECT LAB\FINAL\CODE\FINAL.X\FINALCODE.ASM 300 : Found opcode in column 1. (GOTO)
Warning[203] C:\USERS\THYAG\ONEDRIVE\DOCUMENTOS\GITHUB\MICROPROCESSORS-MICROCONTROLLERS\FINAL PROJECT LAB\FINAL\CODE\FINAL.X\FINALCODE.ASM 301 : Found opcode in column 1. (RETURN)
Warning[205] C:\USERS\THYAG\ONEDRIVE\DOCUMENTOS\GITHUB\MICROPROCESSORS-MICROCONTROLLERS\FINAL PROJECT LAB\FINAL\CODE\FINAL.X\FINALCODE.ASM 302 : Found directive in column 1. (END)
