MPASM 5.84                          ADIV.ASM   9-26-2019  18:28:02         PAGE  1


LOC  OBJECT CODE     LINE SOURCE TEXT
  VALUE

                      00001 #INCLUDE <P16F877A.INC>
                      00001         LIST
                      00002 
                      00003 ;==========================================================================
                      00004 ; Build date : Mar 17 2019
                      00005 ;  MPASM PIC16F877A processor include
                      00006 ; 
                      00007 ;  (c) Copyright 1999-2019 Microchip Technology, All rights reserved
                      00008 ;==========================================================================
                      00009 
                      00567         LIST
                      00002 
  00000071            00003 ad_L       EQU   0x71
  00000072            00004 ad_H       EQU   0x72
  00000073            00005 tempd1     EQU   0x73 
  00000074            00006 tempd2     EQU   0x74
  00000075            00007 aux        EQU   0x75
                      00008 
Warning[205]: Found directive in column 1. (ORG)
                      00009 ORG 0x00
0000   2???           00010     GOTO INI
                      00011 
Warning[205]: Found directive in column 1. (ORG)
                      00012 ORG 0x04
0004   110B           00013     BCF     INTCON,TMR0IF
Message[305]: Using default destination of 1 (file).
0005   0BF5           00014     DECFSZ  aux
0006   0009           00015     RETFIE
0007   3013           00016     MOVLW   D'19'
0008   00F5           00017     MOVWF   aux
0009   2???           00018     CALL    le_ad
000A   1283 1303      00019     BANKSEL ad_H
000C   0872           00020     MOVFW   ad_H
000D   1283 1303      00021     BANKSEL TXREG
000F   0099           00022     MOVWF   TXREG
0010   2???           00023     CALL    d10_1ms
0011   300A           00024     MOVLW   0x0A
0012   1283 1303      00025     BANKSEL TXREG
0014   0099           00026     MOVWF   TXREG
0015   2???           00027     CALL    d10_1ms
0016   300D           00028     MOVLW   D'13'
0017   1283 1303      00029     BANKSEL TXREG
0019   0099           00030     MOVWF   TXREG
001A   0009           00031     RETFIE 
                      00032 
001B                  00033 INI:    
001B   1683 1303      00034     BANKSEL TRISA
001D   30FF           00035     MOVLW   0xFF        ; Dica: Os pinos ANx de entrada analógica  estão em PORTA
Message[302]: Register in operand not in bank 0.  Ensure that bank bits are correct.
001E   0085           00036     MOVWF   TRISA       ; Dica: Os pinos Anx devem ser configurados como entradas 
                      00037     
001F   1683 1303      00038     BANKSEL TRISC 
Message[302]: Register in operand not in bank 0.  Ensure that bank bits are correct.
MPASM 5.84                          ADIV.ASM   9-26-2019  18:28:02         PAGE  2


LOC  OBJECT CODE     LINE SOURCE TEXT
  VALUE

0021   1307           00039     BCF     TRISC,6 
                      00040 
0022   1683 1303      00041     BANKSEL ADCON1
0024   3000           00042     MOVLW   0x00        ; Configurar conforme pedido no guia
Message[302]: Register in operand not in bank 0.  Ensure that bank bits are correct.
0025   009F           00043     MOVWF   ADCON1
                      00044     
                      00045     ; INICIO - Configuraçao da UART ---------------------------------
0026   1683 1303      00046     BANKSEL SPBRG
0028   3040           00047     MOVLW   D'64'
Message[302]: Register in operand not in bank 0.  Ensure that bank bits are correct.
0029   0099           00048     MOVWF   SPBRG
                      00049     
002A   1683 1303      00050     BANKSEL TXSTA
Message[302]: Register in operand not in bank 0.  Ensure that bank bits are correct.
002C   1698           00051     BSF     TXSTA,TXEN
Message[302]: Register in operand not in bank 0.  Ensure that bank bits are correct.
002D   1518           00052     BSF     TXSTA,BRGH
                      00053     
002E   1283 1303      00054     BANKSEL RCSTA
0030   1798           00055     BSF     RCSTA,SPEN
0031   1618           00056     BSF     RCSTA,CREN
                      00057     
                      00058     ; FIM - Configuraçao da UART ------------------------------------
                      00059     
                      00060     ; INICIO - Configuraçao do TIMER0 -------------------------------
0032   1683 1303      00061     BANKSEL OPTION_REG
0034   3086           00062     MOVLW   B'10000110'
Message[302]: Register in operand not in bank 0.  Ensure that bank bits are correct.
0035   0081           00063     MOVWF   OPTION_REG 
                      00064     
0036   1283 1303      00065     BANKSEL INTCON 
0038   30A0           00066     MOVLW   B'10100000'
0039   008B           00067     MOVWF   INTCON
                      00068     
003A   1283 1303      00069     BANKSEL aux
003C   3013           00070     MOVLW   D'19'
003D   00F5           00071     MOVWF   aux
                      00072 
                      00073     ; FIM - Configuraçao do TIMER0 ----------------------------------
                      00074 
003E                  00075 MAIN:
003E   2???           00076     GOTO    MAIN
                      00077 
003F                  00078 le_ad:
003F   1283 1303      00079     BANKSEL ADCON0
0041   3081           00080     MOVLW   0x81
0042   009F           00081     MOVWF   ADCON0
                      00082                 
0043   1283 1303      00083     BANKSEL tempd1
0045   2???           00084     CALL    d10_1ms
                      00085 
0046   1283 1303      00086     BANKSEL ADCON0
MPASM 5.84                          ADIV.ASM   9-26-2019  18:28:02         PAGE  3


LOC  OBJECT CODE     LINE SOURCE TEXT
  VALUE

0048   151F           00087     BSF     ADCON0, 2
                      00088 
0049   1283 1303      00089     BANKSEL tempd1
004B   2???           00090     CALL    d10_1ms
                      00091 
004C   1283 1303      00092     BANKSEL ADRESH
004E   081E           00093     MOVFW   ADRESH
004F   00F2           00094     MOVWF   ad_H
                      00095 
0050   0008           00096     RETURN
                      00097 
                      00098 ;******************
                      00099 ;1 ms delay routine (10 MHz)
                      00100 ;******************
0051                  00101 d10_1ms:
0051   3004           00102     movlw   .4                  
0052   00F3           00103     movwf   tempd1              
0053                  00104 dly_1my:
0053   30CC           00105     movlw   .204        
0054   00F4           00106     movwf   tempd2      
0055                  00107 dly_1mx:
0055   0BF4           00108     decfsz  tempd2,1    
0056   2???           00109     goto    dly_1mx
0057   0064           00110     clrwdt         
0058   0BF3           00111     decfsz  tempd1,1            
0059   2???           00112     goto    dly_1my
005A   0008           00113     return      
Warning[205]: Found directive in column 1. (END)
                      00114 END
MPASM 5.84                          ADIV.ASM   9-26-2019  18:28:02         PAGE  4


SYMBOL TABLE
  LABEL                             VALUE 

ACKDT                             00000005
ACKEN                             00000004
ACKSTAT                           00000006
ADCON0                            0000001F
ADCON1                            0000009F
ADCS0                             00000006
ADCS1                             00000007
ADCS2                             00000006
ADDEN                             00000003
ADFM                              00000007
ADIE                              00000006
ADIF                              00000006
ADON                              00000000
ADRESH                            0000001E
ADRESL                            0000009E
BCLIE                             00000003
BCLIF                             00000003
BF                                00000000
BRGH                              00000002
C                                 00000000
C1INV                             00000004
C1OUT                             00000006
C2INV                             00000005
C2OUT                             00000007
CCP1CON                           00000017
CCP1IE                            00000002
CCP1IF                            00000002
CCP1M0                            00000000
CCP1M1                            00000001
CCP1M2                            00000002
CCP1M3                            00000003
CCP1X                             00000005
CCP1Y                             00000004
CCP2CON                           0000001D
CCP2IE                            00000000
CCP2IF                            00000000
CCP2M0                            00000000
CCP2M1                            00000001
CCP2M2                            00000002
CCP2M3                            00000003
CCP2X                             00000005
CCP2Y                             00000004
CCPR1                             00000015
CCPR1H                            00000016
CCPR1L                            00000015
CCPR2                             0000001B
CCPR2H                            0000001C
CCPR2L                            0000001B
CHS0                              00000003
CHS1                              00000004
CHS2                              00000005
CIS                               00000003
CKE                               00000006
MPASM 5.84                          ADIV.ASM   9-26-2019  18:28:02         PAGE  5


SYMBOL TABLE
  LABEL                             VALUE 

CKP                               00000004
CM0                               00000000
CM1                               00000001
CM2                               00000002
CMCON                             0000009C
CMIE                              00000006
CMIF                              00000006
CREN                              00000004
CSRC                              00000007
CVR0                              00000000
CVR1                              00000001
CVR2                              00000002
CVR3                              00000003
CVRCON                            0000009D
CVREN                             00000007
CVROE                             00000006
CVRR                              00000005
D                                 00000005
DATA_ADDRESS                      00000005
DC                                00000001
D_A                               00000005
D_NOT_A                           00000005
EEADR                             0000010D
EEADRH                            0000010F
EECON1                            0000018C
EECON2                            0000018D
EEDATA                            0000010C
EEDATH                            0000010E
EEIE                              00000004
EEIF                              00000004
EEPGD                             00000007
F                                 00000001
FERR                              00000002
FSR                               00000004
GCEN                              00000007
GIE                               00000007
GO                                00000002
GO_DONE                           00000002
GO_NOT_DONE                       00000002
I2C_DATA                          00000005
I2C_READ                          00000002
I2C_START                         00000003
I2C_STOP                          00000004
IBF                               00000007
IBOV                              00000005
INDF                              00000000
INI                               0000001B
INTCON                            0000000B
INTE                              00000004
INTEDG                            00000006
INTF                              00000001
IRP                               00000007
MAIN                              0000003E
MPASM 5.84                          ADIV.ASM   9-26-2019  18:28:02         PAGE  6


SYMBOL TABLE
  LABEL                             VALUE 

NOT_A                             00000005
NOT_ADDRESS                       00000005
NOT_BO                            00000000
NOT_BOR                           00000000
NOT_DONE                          00000002
NOT_PD                            00000003
NOT_POR                           00000001
NOT_RBPU                          00000007
NOT_RC8                           00000006
NOT_T1SYNC                        00000002
NOT_TO                            00000004
NOT_TX8                           00000006
NOT_W                             00000002
NOT_WRITE                         00000002
OBF                               00000006
OERR                              00000001
OPTION_REG                        00000081
P                                 00000004
PCFG0                             00000000
PCFG1                             00000001
PCFG2                             00000002
PCFG3                             00000003
PCL                               00000002
PCLATH                            0000000A
PCON                              0000008E
PEIE                              00000006
PEN                               00000002
PIE1                              0000008C
PIE2                              0000008D
PIR1                              0000000C
PIR2                              0000000D
PORTA                             00000005
PORTB                             00000006
PORTC                             00000007
PORTD                             00000008
PORTE                             00000009
PR2                               00000092
PS0                               00000000
PS1                               00000001
PS2                               00000002
PSA                               00000003
PSPIE                             00000007
PSPIF                             00000007
PSPMODE                           00000004
R                                 00000002
RA0                               00000000
RA1                               00000001
RA2                               00000002
RA3                               00000003
RA4                               00000004
RA5                               00000005
RB0                               00000000
RB1                               00000001
MPASM 5.84                          ADIV.ASM   9-26-2019  18:28:02         PAGE  7


SYMBOL TABLE
  LABEL                             VALUE 

RB2                               00000002
RB3                               00000003
RB4                               00000004
RB5                               00000005
RB6                               00000006
RB7                               00000007
RBIE                              00000003
RBIF                              00000000
RC0                               00000000
RC1                               00000001
RC2                               00000002
RC3                               00000003
RC4                               00000004
RC5                               00000005
RC6                               00000006
RC7                               00000007
RC8_9                             00000006
RC9                               00000006
RCD8                              00000000
RCEN                              00000003
RCIE                              00000005
RCIF                              00000005
RCREG                             0000001A
RCSTA                             00000018
RD                                00000000
RD0                               00000000
RD1                               00000001
RD2                               00000002
RD3                               00000003
RD4                               00000004
RD5                               00000005
RD6                               00000006
RD7                               00000007
RE0                               00000000
RE1                               00000001
RE2                               00000002
READ_WRITE                        00000002
RP0                               00000005
RP1                               00000006
RSEN                              00000001
RX9                               00000006
RX9D                              00000000
R_NOT_W                           00000002
R_W                               00000002
S                                 00000003
SEN                               00000000
SMP                               00000007
SPBRG                             00000099
SPEN                              00000007
SREN                              00000005
SSPADD                            00000093
SSPBUF                            00000013
SSPCON                            00000014
MPASM 5.84                          ADIV.ASM   9-26-2019  18:28:02         PAGE  8


SYMBOL TABLE
  LABEL                             VALUE 

SSPCON2                           00000091
SSPEN                             00000005
SSPIE                             00000003
SSPIF                             00000003
SSPM0                             00000000
SSPM1                             00000001
SSPM2                             00000002
SSPM3                             00000003
SSPOV                             00000006
SSPSTAT                           00000094
STATUS                            00000003
SYNC                              00000004
T0CS                              00000005
T0IE                              00000005
T0IF                              00000002
T0SE                              00000004
T1CKPS0                           00000004
T1CKPS1                           00000005
T1CON                             00000010
T1INSYNC                          00000002
T1OSCEN                           00000003
T1SYNC                            00000002
T2CKPS0                           00000000
T2CKPS1                           00000001
T2CON                             00000012
TMR0                              00000001
TMR0IE                            00000005
TMR0IF                            00000002
TMR1                              0000000E
TMR1CS                            00000001
TMR1H                             0000000F
TMR1IE                            00000000
TMR1IF                            00000000
TMR1L                             0000000E
TMR1ON                            00000000
TMR2                              00000011
TMR2IE                            00000001
TMR2IF                            00000001
TMR2ON                            00000002
TOUTPS0                           00000003
TOUTPS1                           00000004
TOUTPS2                           00000005
TOUTPS3                           00000006
TRISA                             00000085
TRISA0                            00000000
TRISA1                            00000001
TRISA2                            00000002
TRISA3                            00000003
TRISA4                            00000004
TRISA5                            00000005
TRISB                             00000086
TRISB0                            00000000
TRISB1                            00000001
MPASM 5.84                          ADIV.ASM   9-26-2019  18:28:02         PAGE  9


SYMBOL TABLE
  LABEL                             VALUE 

TRISB2                            00000002
TRISB3                            00000003
TRISB4                            00000004
TRISB5                            00000005
TRISB6                            00000006
TRISB7                            00000007
TRISC                             00000087
TRISC0                            00000000
TRISC1                            00000001
TRISC2                            00000002
TRISC3                            00000003
TRISC4                            00000004
TRISC5                            00000005
TRISC6                            00000006
TRISC7                            00000007
TRISD                             00000088
TRISD0                            00000000
TRISD1                            00000001
TRISD2                            00000002
TRISD3                            00000003
TRISD4                            00000004
TRISD5                            00000005
TRISD6                            00000006
TRISD7                            00000007
TRISE                             00000089
TRISE0                            00000000
TRISE1                            00000001
TRISE2                            00000002
TRMT                              00000001
TX8_9                             00000006
TX9                               00000006
TX9D                              00000000
TXD8                              00000000
TXEN                              00000005
TXIE                              00000004
TXIF                              00000004
TXREG                             00000019
TXSTA                             00000098
UA                                00000001
W                                 00000000
WCOL                              00000007
WR                                00000001
WREN                              00000002
WRERR                             00000003
Z                                 00000002
_BODEN_OFF                        00003FBF
_BODEN_ON                         00003FFF
_BOREN_OFF                        00003FBF
_BOREN_ON                         00003FFF
_CONFIG                           00002007
_CPD_OFF                          00003FFF
_CPD_ON                           00003EFF
_CP_ALL                           00001FFF
MPASM 5.84                          ADIV.ASM   9-26-2019  18:28:02         PAGE 10


SYMBOL TABLE
  LABEL                             VALUE 

_CP_OFF                           00003FFF
_CP_ON                            00001FFF
_DEBUG_OFF                        00003FFF
_DEBUG_ON                         000037FF
_DEVID1                           00002006
_FOSC_EXTRC                       00003FFF
_FOSC_HS                          00003FFE
_FOSC_LP                          00003FFC
_FOSC_XT                          00003FFD
_HS_OSC                           00003FFE
_IDLOC0                           00002000
_IDLOC1                           00002001
_IDLOC2                           00002002
_IDLOC3                           00002003
_LP_OSC                           00003FFC
_LVP_OFF                          00003F7F
_LVP_ON                           00003FFF
_PWRTE_OFF                        00003FFF
_PWRTE_ON                         00003FF7
_RC_OSC                           00003FFF
_WDTE_OFF                         00003FFB
_WDTE_ON                          00003FFF
_WDT_OFF                          00003FFB
_WDT_ON                           00003FFF
_WRT_1FOURTH                      00003BFF
_WRT_256                          00003DFF
_WRT_HALF                         000039FF
_WRT_OFF                          00003FFF
_XT_OSC                           00003FFD
__16F877A                         00000001
ad_H                              00000072
ad_L                              00000071
aux                               00000075
d10_1ms                           00000051
dly_1mx                           00000055
dly_1my                           00000053
le_ad                             0000003F
tempd1                            00000073
tempd2                            00000074

Errors   :     0
Warnings :     3 reported,     0 suppressed
Messages :     8 reported,     0 suppressed

