MPASM 5.84                          CODE.ASM   10-22-2019  11:12:26         PAGE  1


LOC  OBJECT CODE     LINE SOURCE TEXT
  VALUE

                      00001 ; Universidade Federal do Ceará
                      00002 ; Departamento de Engenharia Elétrica
                      00003 ; Disciplina : Microprocessadores
                      00004 ; Aluno : Thyago Freitas da Silva
                      00005 ; Parte I do Projeto de Laboratório
                      00006     
                      00007 #INCLUDE <P16F628A.INC>
                      00001         LIST
                      00002 
                      00003 ;==========================================================================
                      00004 ; Build date : Mar 17 2019
                      00005 ;  MPASM PIC16F628A processor include
                      00006 ; 
                      00007 ;  (c) Copyright 1999-2019 Microchip Technology, All rights reserved
                      00008 ;==========================================================================
                      00009 
                      00386         LIST
                      00008 
                      00009 #DEFINE  MOTOR_ESQ   PORTB,0
                      00010 #DEFINE  MOTOR_DIR   PORTB,1
                      00011     
                      00012 #DEFINE  SENSOR1     PORTA,2
                      00013 #DEFINE  SENSOR2     PORTA,3
                      00014     
                      00015 #DEFINE  CHAVE_MSB   PORTA,0
                      00016 #DEFINE  CHAVE_LSB   PORTA,1
                      00017     
                      00018 
                      00019 #DEFINE  CONTROLE2   PORTB,2
                      00020 #DEFINE  CONTROLE1   PORTB,3
                      00021     
                      00022 #DEFINE  LED         PORTB,4
                      00023     
  00000021            00024 CONT1   EQU 0X21
  00000022            00025 CONT2   EQU 0X22
  00000023            00026 CONT3   EQU 0X23
                      00027 
Warning[205]: Found directive in column 1. (ORG)
                      00028 ORG     0x00
0000   2???           00029     GOTO    INI
                      00030 
Warning[205]: Found directive in column 1. (ORG)
                      00031 ORG     0x04
0004   0009           00032     RETFIE
                      00033     
0005                  00034 INI:
                      00035   ; DESLIGANDO MODULO COMPARADOR 
0005   1283 1303      00036     BANKSEL CMCON
0007   3007           00037     MOVLW   0x07
0008   009F           00038     MOVWF   CMCON
                      00039     
                      00040   ; CONFIGURANDO PORTA COMO INPUT ATRAVES DO REGISTRADOR TRISA
0009   1683 1303      00041     BANKSEL TRISA
MPASM 5.84                          CODE.ASM   10-22-2019  11:12:26         PAGE  2


LOC  OBJECT CODE     LINE SOURCE TEXT
  VALUE

000B   3007           00042     MOVLW   B'00000111'
Message[302]: Register in operand not in bank 0.  Ensure that bank bits are correct.
000C   0085           00043     MOVWF   TRISA
                      00044     
                      00045   ; CONFIGURANDO PORTB COMO OUTPUT ATRAVES DO REGISTRADOR TRISB
000D   1683 1303      00046     BANKSEL TRISB
000F   3000           00047     MOVLW   0x00
Message[302]: Register in operand not in bank 0.  Ensure that bank bits are correct.
0010   0086           00048     MOVWF   TRISB
                      00049     
                      00050   ; CONFIGURAÇAO INICIAL DOS MOTORES = ATIVO
                      00051     ;BANKSEL PORTB
                      00052     ;BSF            MOTOR_ESQ
                      00053     ;BSF            MOTOR_DIR
                      00054     
0011                  00055 GIROINICIAL: 
                      00056     ; TRAVA MOTOR DA ESQUERDA E DEIXA O DA DIREITA,ASSIM O CARRO GIRA PRA ESQUERDA
0011   1283 1303      00057     BANKSEL PORTB
0013   1406           00058     BSF     MOTOR_ESQ
0014   1186           00059     BCF     CONTROLE1
0015   2???           00060     CALL    DELAY
0016   1006           00061     BCF     MOTOR_ESQ
0017   1586           00062     BSF     CONTROLE1
0018   1086           00063     BCF     MOTOR_DIR
0019   1506           00064     BSF     CONTROLE2
001A   2???           00065     GOTO    MAIN_1
                      00066     
001B                  00067 MAIN_1:
001B   1D05           00068     BTFSS   SENSOR1          ; SE FOR 1, QUER DIZER QUE UMA LINHA FOI DETECTADA.
001C   0000           00069     NOP
001D   1D85           00070     BTFSS   SENSOR2          ; SE FOR 1, QUER DIZER QUE UMA OUTRA LINHA FOI DETECTADA.
001E   1985           00071     BTFSC   SENSOR2
001F   2???           00072     CALL    ANALISE_CURVA_1
0020   2???           00073     GOTO    MAIN_1 
                      00074 
0021                  00075 ANALISE_CURVA_1:
0021   1805           00076     BTFSC   CHAVE_MSB       ; SE CHAVE MSB = 1, CURVA PRA DIREITA
0022   2???           00077     CALL    CURVA_DIREITA
0023   1C05           00078     BTFSS   CHAVE_MSB
0024   2???           00079     CALL    CURVA_ESQUERDA  ; SE CHAVE MSB = 0, CURVA PRA ESQUERDA
0025   2???           00080     GOTO    MAIN_2
                      00081     
0026                  00082 MAIN_2:
0026   1D05           00083     BTFSS   SENSOR1          ; SE FOR 1, QUER DIZER QUE UMA LINHA FOI DETECTADA.
0027   0000           00084     NOP
0028   1D85           00085     BTFSS   SENSOR2          ; SE FOR 1, QUER DIZER QUE UMA OUTRA LINHA FOI DETECTADA.
0029   1985           00086     BTFSC   SENSOR2
002A   2???           00087     CALL    ANALISE_CURVA_2
002B   2???           00088     GOTO    MAIN_2
                      00089     
002C                  00090 ANALISE_CURVA_2:
002C   1885           00091     BTFSC   CHAVE_LSB       ; SE CHAVE MSB = 1, CURVA PRA DIREITA
002D   2???           00092     CALL    CURVA_DIREITA
MPASM 5.84                          CODE.ASM   10-22-2019  11:12:26         PAGE  3


LOC  OBJECT CODE     LINE SOURCE TEXT
  VALUE

002E   1C85           00093     BTFSS   CHAVE_LSB
002F   2???           00094     CALL    CURVA_ESQUERDA  ; SE CHAVE MSB = 0, CURVA PRA ESQUERDA
0030   2???           00095     GOTO    ESPERAR_FIM
                      00096     
0031                  00097 ESPERAR_FIM:
0031   1D05           00098     BTFSS   SENSOR1          ; SE FOR 1, QUER DIZER QUE UMA LINHA FOI DETECTADA.
0032   0000           00099     NOP
0033   1D85           00100     BTFSS   SENSOR2          ; SE FOR 1, QUER DIZER QUE UMA OUTRA LINHA FOI DETECTADA.
0034   1985           00101     BTFSC   SENSOR2
0035   2???           00102     CALL    ACENDER_LED
0036   2???           00103     GOTO    ESPERAR_FIM
                      00104 
0037                  00105 ACENDER_LED:
0037   1283 1303      00106     BANKSEL PORTA
0039   1606           00107     BSF     LED
003A   1283 1303      00108     BANKSEL PORTB
003C   1486           00109     BSF     MOTOR_DIR
003D   1406           00110     BSF     MOTOR_ESQ
003E   2???           00111     GOTO    LOOP_INFINITO
                      00112     
003F                  00113 LOOP_INFINITO:
003F   2???           00114     GOTO    LOOP_INFINITO
                      00115     
0040                  00116 CURVA_DIREITA:
0040   1486           00117     BSF     MOTOR_DIR
0041   2???           00118     CALL    DELAY
0042   1086           00119     BCF     MOTOR_DIR
0043   0008           00120     RETURN
                      00121     
0044                  00122 CURVA_ESQUERDA:
0044   1406           00123     BSF     MOTOR_ESQ
0045   2???           00124     CALL    DELAY
0046   1006           00125     BCF     MOTOR_ESQ
0047   0008           00126     RETURN
                      00127 
0048                  00128 DELAY:
0048   306D           00129     MOVLW 0X6D
0049   00A1           00130     MOVWF CONT1
004A   305E           00131     MOVLW 0X5E
004B   00A2           00132     MOVWF CONT2
004C   301A           00133     MOVLW 0X1A
004D   00A3           00134     MOVWF CONT3
Warning[207]: Found label after column 1. (LOOP)
004E                  00135     LOOP
004E   0BA1           00136     DECFSZ CONT1, 1
004F   2???           00137     GOTO LOOP
0050   0BA2           00138     DECFSZ CONT2, 1
0051   2???           00139     GOTO LOOP
0052   0BA3           00140     DECFSZ CONT3, 1
0053   2???           00141     GOTO LOOP
0054   0008           00142     RETURN
                      00143 
Warning[205]: Found directive in column 1. (END)
MPASM 5.84                          CODE.ASM   10-22-2019  11:12:26         PAGE  4


LOC  OBJECT CODE     LINE SOURCE TEXT
  VALUE

                      00144 END
MPASM 5.84                          CODE.ASM   10-22-2019  11:12:26         PAGE  5


SYMBOL TABLE
  LABEL                             VALUE 

ACENDER_LED                       00000037
ADDEN                             00000003
ADEN                              00000003
ANALISE_CURVA_1                   00000021
ANALISE_CURVA_2                   0000002C
BRGH                              00000002
C                                 00000000
C1INV                             00000004
C1OUT                             00000006
C2INV                             00000005
C2OUT                             00000007
CCP1CON                           00000017
CCP1IE                            00000002
CCP1IF                            00000002
CCP1M0                            00000000
CCP1M1                            00000001
CCP1M2                            00000002
CCP1M3                            00000003
CCP1X                             00000005
CCP1Y                             00000004
CCPR1                             00000015
CCPR1H                            00000016
CCPR1L                            00000015
CHAVE_LSB                         PORTA,1
CHAVE_MSB                         PORTA,0
CIS                               00000003
CM0                               00000000
CM1                               00000001
CM2                               00000002
CMCON                             0000001F
CMIE                              00000006
CMIF                              00000006
CONT1                             00000021
CONT2                             00000022
CONT3                             00000023
CONTROLE1                         PORTB,3
CONTROLE2                         PORTB,2
CREN                              00000004
CSRC                              00000007
CURVA_DIREITA                     00000040
CURVA_ESQUERDA                    00000044
DATA_CP_OFF                       00003FFF
DATA_CP_ON                        00003EFF
DC                                00000001
DELAY                             00000048
EEADR                             0000009B
EECON1                            0000009C
EECON2                            0000009D
EEDATA                            0000009A
EEIE                              00000007
EEIF                              00000007
ESPERAR_FIM                       00000031
F                                 00000001
MPASM 5.84                          CODE.ASM   10-22-2019  11:12:26         PAGE  6


SYMBOL TABLE
  LABEL                             VALUE 

FERR                              00000002
FSR                               00000004
GIE                               00000007
GIROINICIAL                       00000011
INDF                              00000000
INI                               00000005
INTCON                            0000000B
INTE                              00000004
INTEDG                            00000006
INTF                              00000001
IRP                               00000007
LED                               PORTB,4
LOOP                              0000004E
LOOP_INFINITO                     0000003F
MAIN_1                            0000001B
MAIN_2                            00000026
MOTOR_DIR                         PORTB,1
MOTOR_ESQ                         PORTB,0
NOT_BO                            00000000
NOT_BOD                           00000000
NOT_BOR                           00000000
NOT_PD                            00000003
NOT_POR                           00000001
NOT_RBPU                          00000007
NOT_T1SYNC                        00000002
NOT_TO                            00000004
OERR                              00000001
OPTION_REG                        00000081
OSCF                              00000003
PCL                               00000002
PCLATH                            0000000A
PCON                              0000008E
PEIE                              00000006
PIE1                              0000008C
PIR1                              0000000C
PORTA                             00000005
PORTB                             00000006
PR2                               00000092
PS0                               00000000
PS1                               00000001
PS2                               00000002
PSA                               00000003
RA0                               00000000
RA1                               00000001
RA2                               00000002
RA3                               00000003
RA4                               00000004
RA5                               00000005
RA6                               00000006
RA7                               00000007
RB0                               00000000
RB1                               00000001
RB2                               00000002
MPASM 5.84                          CODE.ASM   10-22-2019  11:12:26         PAGE  7


SYMBOL TABLE
  LABEL                             VALUE 

RB3                               00000003
RB4                               00000004
RB5                               00000005
RB6                               00000006
RB7                               00000007
RBIE                              00000003
RBIF                              00000000
RCIE                              00000005
RCIF                              00000005
RCREG                             0000001A
RCSTA                             00000018
RD                                00000000
RP0                               00000005
RP1                               00000006
RX9                               00000006
RX9D                              00000000
SENSOR1                           PORTA,2
SENSOR2                           PORTA,3
SPBRG                             00000099
SPEN                              00000007
SREN                              00000005
STATUS                            00000003
SYNC                              00000004
T0CS                              00000005
T0IE                              00000005
T0IF                              00000002
T0SE                              00000004
T1CKPS0                           00000004
T1CKPS1                           00000005
T1CON                             00000010
T1OSCEN                           00000003
T2CKPS0                           00000000
T2CKPS1                           00000001
T2CON                             00000012
TMR0                              00000001
TMR0IE                            00000005
TMR0IF                            00000002
TMR1                              0000000E
TMR1CS                            00000001
TMR1H                             0000000F
TMR1IE                            00000000
TMR1IF                            00000000
TMR1L                             0000000E
TMR1ON                            00000000
TMR2                              00000011
TMR2IE                            00000001
TMR2IF                            00000001
TMR2ON                            00000002
TOUTPS0                           00000003
TOUTPS1                           00000004
TOUTPS2                           00000005
TOUTPS3                           00000006
TRISA                             00000085
MPASM 5.84                          CODE.ASM   10-22-2019  11:12:26         PAGE  8


SYMBOL TABLE
  LABEL                             VALUE 

TRISA0                            00000000
TRISA1                            00000001
TRISA2                            00000002
TRISA3                            00000003
TRISA4                            00000004
TRISA5                            00000005
TRISA6                            00000006
TRISA7                            00000007
TRISB                             00000086
TRISB0                            00000000
TRISB1                            00000001
TRISB2                            00000002
TRISB3                            00000003
TRISB4                            00000004
TRISB5                            00000005
TRISB6                            00000006
TRISB7                            00000007
TRMT                              00000001
TX9                               00000006
TX9D                              00000000
TXEN                              00000005
TXIE                              00000004
TXIF                              00000004
TXREG                             00000019
TXSTA                             00000098
VR0                               00000000
VR1                               00000001
VR2                               00000002
VR3                               00000003
VRCON                             0000009F
VREN                              00000007
VROE                              00000006
VRR                               00000005
W                                 00000000
WR                                00000001
WREN                              00000002
WRERR                             00000003
Z                                 00000002
_BODEN_OFF                        00003FBF
_BODEN_ON                         00003FFF
_BOREN_OFF                        00003FBF
_BOREN_ON                         00003FFF
_CONFIG                           00002007
_CPD_OFF                          00003FFF
_CPD_ON                           00003EFF
_CP_OFF                           00003FFF
_CP_ON                            00001FFF
_DEVID1                           00002006
_ER_OSC_CLKOUT                    00003FFF
_ER_OSC_NOCLKOUT                  00003FFE
_EXTCLK_OSC                       00003FEF
_FOSC_ECIO                        00003FEF
_FOSC_EXTRCCLK                    00003FFF
MPASM 5.84                          CODE.ASM   10-22-2019  11:12:26         PAGE  9


SYMBOL TABLE
  LABEL                             VALUE 

_FOSC_EXTRCIO                     00003FFE
_FOSC_HS                          00003FEE
_FOSC_INTOSCCLK                   00003FFD
_FOSC_INTOSCIO                    00003FFC
_FOSC_LP                          00003FEC
_FOSC_XT                          00003FED
_HS_OSC                           00003FEE
_IDLOC0                           00002000
_IDLOC1                           00002001
_IDLOC2                           00002002
_IDLOC3                           00002003
_INTOSC_OSC_CLKOUT                00003FFD
_INTOSC_OSC_NOCLKOUT              00003FFC
_INTRC_OSC_CLKOUT                 00003FFD
_INTRC_OSC_NOCLKOUT               00003FFC
_LP_OSC                           00003FEC
_LVP_OFF                          00003F7F
_LVP_ON                           00003FFF
_MCLRE_OFF                        00003FDF
_MCLRE_ON                         00003FFF
_PWRTE_OFF                        00003FFF
_PWRTE_ON                         00003FF7
_RC_OSC_CLKOUT                    00003FFF
_RC_OSC_NOCLKOUT                  00003FFE
_WDTE_OFF                         00003FFB
_WDTE_ON                          00003FFF
_WDT_OFF                          00003FFB
_WDT_ON                           00003FFF
_XT_OSC                           00003FED
__16F628A                         00000001

Errors   :     0
Warnings :     4 reported,     0 suppressed
Messages :     2 reported,     0 suppressed

