MPASM 5.84                          CODE.ASM   10-11-2019  12:26:22         PAGE  1


LOC  OBJECT CODE     LINE SOURCE TEXT
  VALUE

                      00001 ; Universidade Federal do Ceará
                      00002 ; Departamento de Engenharia Elétrica
                      00003 ; Disciplina : Microprocessadores
                      00004 ; Aluno : Thyago Freitas da Silva
                      00005 ; Parte I do Projeto de Laboratório
                      00006     
                      00007 #INCLUDE <P16F628A.INC>
                      00001         LIST
                      00002 
                      00003 ;==========================================================================
                      00004 ; Build date : Mar 17 2019
                      00005 ;  MPASM PIC16F628A processor include
                      00006 ; 
                      00007 ;  (c) Copyright 1999-2019 Microchip Technology, All rights reserved
                      00008 ;==========================================================================
                      00009 
                      00386         LIST
                      00008 
                      00009 #DEFINE  MOTOR_ESQ  PORTB,0
                      00010 #DEFINE  MOTOR_DIR  PORTB,1
                      00011 #DEFINE  SENSOR     PORTA,0
                      00012 #DEFINE  CHAVE      PORTA,1
                      00013     
  00000021            00014 CONT1   EQU 0X21
  00000022            00015 CONT2   EQU 0X22
  00000023            00016 CONT3   EQU 0X23
                      00017 
Warning[205]: Found directive in column 1. (ORG)
                      00018 ORG     0x00
0000   2???           00019     GOTO    INI
                      00020 
Warning[205]: Found directive in column 1. (ORG)
                      00021 ORG     0x04
0004   0009           00022     RETFIE
                      00023     
0005                  00024 INI:
                      00025   ; DESLIGANDO MODULO COMPARADOR 
0005   1283 1303      00026     BANKSEL CMCON
0007   3007           00027     MOVLW   0x07
0008   009F           00028     MOVWF   CMCON
                      00029     
                      00030   ; CONFIGURANDO PORTA COMO INPUT ATRAVES DO REGISTRADOR TRISA
0009   1683 1303      00031     BANKSEL TRISA
000B   30FF           00032     MOVLW   0xFF
Message[302]: Register in operand not in bank 0.  Ensure that bank bits are correct.
000C   0085           00033     MOVWF   TRISA
                      00034     
                      00035   ; CONFIGURANDO PORTB COMO OUTPUT ATRAVES DO REGISTRADOR TRISB
000D   1683 1303      00036     BANKSEL TRISB
000F   3000           00037     MOVLW   0x00
Message[302]: Register in operand not in bank 0.  Ensure that bank bits are correct.
0010   0086           00038     MOVWF   TRISB
                      00039     
MPASM 5.84                          CODE.ASM   10-11-2019  12:26:22         PAGE  2


LOC  OBJECT CODE     LINE SOURCE TEXT
  VALUE

                      00040   ; CONFIGURAÇAO INICIAL DOS MOTORES = ATIVO
0011   1283 1303      00041     BANKSEL PORTB
0013   1006           00042     BCF     MOTOR_ESQ
0014   1086           00043     BCF     MOTOR_DIR
                      00044 
0015                  00045 MAIN:
0015   1805           00046     BTFSC   SENSOR          ; SE FOR 1, QUER DIZER QUE A CURVA FOI DETECTADA.
0016   2???           00047     CALL    ANALISE_CURVA
0017   2???           00048     GOTO    MAIN    
                      00049 
0018                  00050 ANALISE_CURVA:
0018   1885           00051     BTFSC   CHAVE
0019   2???           00052     CALL    CURVA_DIREITA
001A   1C85           00053     BTFSS   CHAVE
001B   2???           00054     CALL    CURVA_ESQUERDA
001C   0008           00055     RETURN
                      00056 
001D                  00057 CURVA_DIREITA:
001D   1486           00058     BSF     MOTOR_DIR
001E   2???           00059     CALL    DELAY
001F   1086           00060     BCF     MOTOR_DIR
0020   0008           00061     RETURN
                      00062     
0021                  00063 CURVA_ESQUERDA:
0021   1406           00064     BSF     MOTOR_ESQ
0022   2???           00065     CALL    DELAY
0023   1006           00066     BCF     MOTOR_ESQ
0024   0008           00067     RETURN
                      00068 
0025                  00069 DELAY:
0025   306D           00070     MOVLW 0X6D
0026   00A1           00071     MOVWF CONT1
0027   305E           00072     MOVLW 0X5E
0028   00A2           00073     MOVWF CONT2
0029   301A           00074     MOVLW 0X1A
002A   00A3           00075     MOVWF CONT3
Warning[207]: Found label after column 1. (LOOP)
002B                  00076     LOOP
002B   0BA1           00077     DECFSZ CONT1, 1
002C   2???           00078     GOTO LOOP
002D   0BA2           00079     DECFSZ CONT2, 1
002E   2???           00080     GOTO LOOP
002F   0BA3           00081     DECFSZ CONT3, 1
0030   2???           00082     GOTO LOOP
0031   0008           00083     RETURN
                      00084 
Warning[205]: Found directive in column 1. (END)
                      00085 END
MPASM 5.84                          CODE.ASM   10-11-2019  12:26:22         PAGE  3


SYMBOL TABLE
  LABEL                             VALUE 

ADDEN                             00000003
ADEN                              00000003
ANALISE_CURVA                     00000018
BRGH                              00000002
C                                 00000000
C1INV                             00000004
C1OUT                             00000006
C2INV                             00000005
C2OUT                             00000007
CCP1CON                           00000017
CCP1IE                            00000002
CCP1IF                            00000002
CCP1M0                            00000000
CCP1M1                            00000001
CCP1M2                            00000002
CCP1M3                            00000003
CCP1X                             00000005
CCP1Y                             00000004
CCPR1                             00000015
CCPR1H                            00000016
CCPR1L                            00000015
CHAVE                             PORTA,1
CIS                               00000003
CM0                               00000000
CM1                               00000001
CM2                               00000002
CMCON                             0000001F
CMIE                              00000006
CMIF                              00000006
CONT1                             00000021
CONT2                             00000022
CONT3                             00000023
CREN                              00000004
CSRC                              00000007
CURVA_DIREITA                     0000001D
CURVA_ESQUERDA                    00000021
DATA_CP_OFF                       00003FFF
DATA_CP_ON                        00003EFF
DC                                00000001
DELAY                             00000025
EEADR                             0000009B
EECON1                            0000009C
EECON2                            0000009D
EEDATA                            0000009A
EEIE                              00000007
EEIF                              00000007
F                                 00000001
FERR                              00000002
FSR                               00000004
GIE                               00000007
INDF                              00000000
INI                               00000005
INTCON                            0000000B
MPASM 5.84                          CODE.ASM   10-11-2019  12:26:22         PAGE  4


SYMBOL TABLE
  LABEL                             VALUE 

INTE                              00000004
INTEDG                            00000006
INTF                              00000001
IRP                               00000007
LOOP                              0000002B
MAIN                              00000015
MOTOR_DIR                         PORTB,1
MOTOR_ESQ                         PORTB,0
NOT_BO                            00000000
NOT_BOD                           00000000
NOT_BOR                           00000000
NOT_PD                            00000003
NOT_POR                           00000001
NOT_RBPU                          00000007
NOT_T1SYNC                        00000002
NOT_TO                            00000004
OERR                              00000001
OPTION_REG                        00000081
OSCF                              00000003
PCL                               00000002
PCLATH                            0000000A
PCON                              0000008E
PEIE                              00000006
PIE1                              0000008C
PIR1                              0000000C
PORTA                             00000005
PORTB                             00000006
PR2                               00000092
PS0                               00000000
PS1                               00000001
PS2                               00000002
PSA                               00000003
RA0                               00000000
RA1                               00000001
RA2                               00000002
RA3                               00000003
RA4                               00000004
RA5                               00000005
RA6                               00000006
RA7                               00000007
RB0                               00000000
RB1                               00000001
RB2                               00000002
RB3                               00000003
RB4                               00000004
RB5                               00000005
RB6                               00000006
RB7                               00000007
RBIE                              00000003
RBIF                              00000000
RCIE                              00000005
RCIF                              00000005
RCREG                             0000001A
MPASM 5.84                          CODE.ASM   10-11-2019  12:26:22         PAGE  5


SYMBOL TABLE
  LABEL                             VALUE 

RCSTA                             00000018
RD                                00000000
RP0                               00000005
RP1                               00000006
RX9                               00000006
RX9D                              00000000
SENSOR                            PORTA,0
SPBRG                             00000099
SPEN                              00000007
SREN                              00000005
STATUS                            00000003
SYNC                              00000004
T0CS                              00000005
T0IE                              00000005
T0IF                              00000002
T0SE                              00000004
T1CKPS0                           00000004
T1CKPS1                           00000005
T1CON                             00000010
T1OSCEN                           00000003
T2CKPS0                           00000000
T2CKPS1                           00000001
T2CON                             00000012
TMR0                              00000001
TMR0IE                            00000005
TMR0IF                            00000002
TMR1                              0000000E
TMR1CS                            00000001
TMR1H                             0000000F
TMR1IE                            00000000
TMR1IF                            00000000
TMR1L                             0000000E
TMR1ON                            00000000
TMR2                              00000011
TMR2IE                            00000001
TMR2IF                            00000001
TMR2ON                            00000002
TOUTPS0                           00000003
TOUTPS1                           00000004
TOUTPS2                           00000005
TOUTPS3                           00000006
TRISA                             00000085
TRISA0                            00000000
TRISA1                            00000001
TRISA2                            00000002
TRISA3                            00000003
TRISA4                            00000004
TRISA5                            00000005
TRISA6                            00000006
TRISA7                            00000007
TRISB                             00000086
TRISB0                            00000000
TRISB1                            00000001
MPASM 5.84                          CODE.ASM   10-11-2019  12:26:22         PAGE  6


SYMBOL TABLE
  LABEL                             VALUE 

TRISB2                            00000002
TRISB3                            00000003
TRISB4                            00000004
TRISB5                            00000005
TRISB6                            00000006
TRISB7                            00000007
TRMT                              00000001
TX9                               00000006
TX9D                              00000000
TXEN                              00000005
TXIE                              00000004
TXIF                              00000004
TXREG                             00000019
TXSTA                             00000098
VR0                               00000000
VR1                               00000001
VR2                               00000002
VR3                               00000003
VRCON                             0000009F
VREN                              00000007
VROE                              00000006
VRR                               00000005
W                                 00000000
WR                                00000001
WREN                              00000002
WRERR                             00000003
Z                                 00000002
_BODEN_OFF                        00003FBF
_BODEN_ON                         00003FFF
_BOREN_OFF                        00003FBF
_BOREN_ON                         00003FFF
_CONFIG                           00002007
_CPD_OFF                          00003FFF
_CPD_ON                           00003EFF
_CP_OFF                           00003FFF
_CP_ON                            00001FFF
_DEVID1                           00002006
_ER_OSC_CLKOUT                    00003FFF
_ER_OSC_NOCLKOUT                  00003FFE
_EXTCLK_OSC                       00003FEF
_FOSC_ECIO                        00003FEF
_FOSC_EXTRCCLK                    00003FFF
_FOSC_EXTRCIO                     00003FFE
_FOSC_HS                          00003FEE
_FOSC_INTOSCCLK                   00003FFD
_FOSC_INTOSCIO                    00003FFC
_FOSC_LP                          00003FEC
_FOSC_XT                          00003FED
_HS_OSC                           00003FEE
_IDLOC0                           00002000
_IDLOC1                           00002001
_IDLOC2                           00002002
_IDLOC3                           00002003
MPASM 5.84                          CODE.ASM   10-11-2019  12:26:22         PAGE  7


SYMBOL TABLE
  LABEL                             VALUE 

_INTOSC_OSC_CLKOUT                00003FFD
_INTOSC_OSC_NOCLKOUT              00003FFC
_INTRC_OSC_CLKOUT                 00003FFD
_INTRC_OSC_NOCLKOUT               00003FFC
_LP_OSC                           00003FEC
_LVP_OFF                          00003F7F
_LVP_ON                           00003FFF
_MCLRE_OFF                        00003FDF
_MCLRE_ON                         00003FFF
_PWRTE_OFF                        00003FFF
_PWRTE_ON                         00003FF7
_RC_OSC_CLKOUT                    00003FFF
_RC_OSC_NOCLKOUT                  00003FFE
_WDTE_OFF                         00003FFB
_WDTE_ON                          00003FFF
_WDT_OFF                          00003FFB
_WDT_ON                           00003FFF
_XT_OSC                           00003FED
__16F628A                         00000001

Errors   :     0
Warnings :     4 reported,     0 suppressed
Messages :     2 reported,     0 suppressed

