MPASM 5.84                        PARTE3.ASM   8-29-2019  13:30:50         PAGE  1


LOC  OBJECT CODE     LINE SOURCE TEXT
  VALUE

                      00001 #INCLUDE <P16F628a.INC>
                      00001         LIST
                      00002 
                      00003 ;==========================================================================
                      00004 ; Build date : Mar 17 2019
                      00005 ;  MPASM PIC16F628A processor include
                      00006 ; 
                      00007 ;  (c) Copyright 1999-2019 Microchip Technology, All rights reserved
                      00008 ;==========================================================================
                      00009 
                      00386         LIST
                      00002  
  00000020            00003 TEMPO           EQU   0x20 
  00000021            00004 DESLOCAMENTO    EQU   0x21 
  00000022            00005 DIGITO          EQU   0x22 
                      00006  
Warning[205]: Found directive in column 1. (ORG)
                      00007 ORG 0x00 
0000   2???           00008   GOTO     INICIO 
                      00009   
Warning[205]: Found directive in column 1. (ORG)
                      00010 ORG 0x04 
0004   110B           00011   BCF      INTCON, T0IF 
0005   0BA0           00012   DECFSZ   TEMPO, F 
0006   0009           00013   RETFIE 
0007   300F           00014   MOVLW    .15 
0008   00A0           00015   MOVWF    TEMPO 
0009   0822           00016   MOVF     DIGITO, W 
000A   2???           00017   CALL     DECOD_DISPLAY  
000B   0086           00018   MOVWF    PORTB 
000C   1386           00019   BCF      PORTB, 7 
Message[305]: Using default destination of 1 (file).
000D   0AA2           00020   INCF     DIGITO 
000E   3010           00021   MOVLW   .16 
000F   0222           00022   SUBWF    DIGITO, W 
0010   1903           00023   BTFSC    STATUS, Z 
0011   2???           00024   CALL    ZERA 
0012   0009           00025   RETFIE 
                      00026   
0013                  00027 ZERA: 
0013   3000           00028   MOVLW   .0 
0014   00A2           00029   MOVWF   DIGITO 
0015   0008           00030   RETURN 
                      00031 
0016                  00032 INICIO: 
0016   1683 1303      00033   BANKSEL TRISB 
Message[302]: Register in operand not in bank 0.  Ensure that bank bits are correct.
0018   0186           00034   CLRF    TRISB 
0019   3087           00035   MOVLW   B'10000111' 
Message[302]: Register in operand not in bank 0.  Ensure that bank bits are correct.
001A   0081           00036   MOVWF   OPTION_REG 
001B   1283 1303      00037   BANKSEL PORTB 
001D   30A0           00038   MOVLW   B'10100000' 
MPASM 5.84                        PARTE3.ASM   8-29-2019  13:30:50         PAGE  2


LOC  OBJECT CODE     LINE SOURCE TEXT
  VALUE

001E   008B           00039   MOVWF   INTCON 
001F   300F           00040   MOVLW   D'15' 
0020   00A0           00041   MOVWF   TEMPO 
0021   3000           00042   MOVLW   D'0' 
0022   00A2           00043   MOVWF   DIGITO 
0023                  00044 FIM:  
0023   2???           00045   GOTO    FIM 
                      00046   
0024                  00047 DECOD_DISPLAY: 
0024   00A1           00048   MOVWF   DESLOCAMENTO   ; armazena o número na variável deslocamento 
0025   30??           00049   MOVLW   TABELA   ; copia em W os 8 bits LSB do endereço da TABELA 
0026   07A1           00050   ADDWF   DESLOCAMENTO, F   ; adiciona o valor à variável DESLOCAMENTO 
0027   0821           00051   MOVF    DESLOCAMENTO, W   ; copia o valor do DESLOCAMENTO para o W 
0028   0082           00052   MOVWF   PCL   ; copia o W para o PCL (desvia para a tabela) 
                      00053   
0029                  00054 TABELA: 
0029   343F           00055   RETLW    B'00111111'   ; número 0 
002A   3406           00056   RETLW    B'00000110'   ; número 1 
002B   345B           00057   RETLW    B'01011011'   ; número 2 
002C   344F           00058   RETLW    B'01001111'   ; número 3 
002D   3466           00059   RETLW    B'01100110'   ; número 4 
002E   346D           00060   RETLW    B'01101101'   ; número 5 
002F   347D           00061   RETLW    B'01111101'   ; número 6 
0030   3407           00062   RETLW    B'00000111'   ; número 7 
0031   347F           00063   RETLW    B'01111111'   ; número 8 
0032   3467           00064   RETLW    B'01100111'   ; número 9 
0033   3477           00065   RETLW    B'01110111'   ; dígito A 
0034   347C           00066   RETLW    B'01111100'   ; dígito B 
0035   3439           00067   RETLW    B'00111001'   ; dígito C 
0036   345E           00068   RETLW    B'01011110'   ; dígito D  
0037   3479           00069   RETLW    B'01111001'   ; dígito E 
0038   3471           00070   RETLW    B'01110001'   ; dígito F 
Warning[205]: Found directive in column 1. (END)
                      00071 END 
MPASM 5.84                        PARTE3.ASM   8-29-2019  13:30:50         PAGE  3


SYMBOL TABLE
  LABEL                             VALUE 

ADDEN                             00000003
ADEN                              00000003
BRGH                              00000002
C                                 00000000
C1INV                             00000004
C1OUT                             00000006
C2INV                             00000005
C2OUT                             00000007
CCP1CON                           00000017
CCP1IE                            00000002
CCP1IF                            00000002
CCP1M0                            00000000
CCP1M1                            00000001
CCP1M2                            00000002
CCP1M3                            00000003
CCP1X                             00000005
CCP1Y                             00000004
CCPR1                             00000015
CCPR1H                            00000016
CCPR1L                            00000015
CIS                               00000003
CM0                               00000000
CM1                               00000001
CM2                               00000002
CMCON                             0000001F
CMIE                              00000006
CMIF                              00000006
CREN                              00000004
CSRC                              00000007
DATA_CP_OFF                       00003FFF
DATA_CP_ON                        00003EFF
DC                                00000001
DECOD_DISPLAY                     00000024
DESLOCAMENTO                      00000021
DIGITO                            00000022
EEADR                             0000009B
EECON1                            0000009C
EECON2                            0000009D
EEDATA                            0000009A
EEIE                              00000007
EEIF                              00000007
F                                 00000001
FERR                              00000002
FIM                               00000023
FSR                               00000004
GIE                               00000007
INDF                              00000000
INICIO                            00000016
INTCON                            0000000B
INTE                              00000004
INTEDG                            00000006
INTF                              00000001
IRP                               00000007
MPASM 5.84                        PARTE3.ASM   8-29-2019  13:30:50         PAGE  4


SYMBOL TABLE
  LABEL                             VALUE 

NOT_BO                            00000000
NOT_BOD                           00000000
NOT_BOR                           00000000
NOT_PD                            00000003
NOT_POR                           00000001
NOT_RBPU                          00000007
NOT_T1SYNC                        00000002
NOT_TO                            00000004
OERR                              00000001
OPTION_REG                        00000081
OSCF                              00000003
PCL                               00000002
PCLATH                            0000000A
PCON                              0000008E
PEIE                              00000006
PIE1                              0000008C
PIR1                              0000000C
PORTA                             00000005
PORTB                             00000006
PR2                               00000092
PS0                               00000000
PS1                               00000001
PS2                               00000002
PSA                               00000003
RA0                               00000000
RA1                               00000001
RA2                               00000002
RA3                               00000003
RA4                               00000004
RA5                               00000005
RA6                               00000006
RA7                               00000007
RB0                               00000000
RB1                               00000001
RB2                               00000002
RB3                               00000003
RB4                               00000004
RB5                               00000005
RB6                               00000006
RB7                               00000007
RBIE                              00000003
RBIF                              00000000
RCIE                              00000005
RCIF                              00000005
RCREG                             0000001A
RCSTA                             00000018
RD                                00000000
RP0                               00000005
RP1                               00000006
RX9                               00000006
RX9D                              00000000
SPBRG                             00000099
SPEN                              00000007
MPASM 5.84                        PARTE3.ASM   8-29-2019  13:30:50         PAGE  5


SYMBOL TABLE
  LABEL                             VALUE 

SREN                              00000005
STATUS                            00000003
SYNC                              00000004
T0CS                              00000005
T0IE                              00000005
T0IF                              00000002
T0SE                              00000004
T1CKPS0                           00000004
T1CKPS1                           00000005
T1CON                             00000010
T1OSCEN                           00000003
T2CKPS0                           00000000
T2CKPS1                           00000001
T2CON                             00000012
TABELA                            00000029
TEMPO                             00000020
TMR0                              00000001
TMR0IE                            00000005
TMR0IF                            00000002
TMR1                              0000000E
TMR1CS                            00000001
TMR1H                             0000000F
TMR1IE                            00000000
TMR1IF                            00000000
TMR1L                             0000000E
TMR1ON                            00000000
TMR2                              00000011
TMR2IE                            00000001
TMR2IF                            00000001
TMR2ON                            00000002
TOUTPS0                           00000003
TOUTPS1                           00000004
TOUTPS2                           00000005
TOUTPS3                           00000006
TRISA                             00000085
TRISA0                            00000000
TRISA1                            00000001
TRISA2                            00000002
TRISA3                            00000003
TRISA4                            00000004
TRISA5                            00000005
TRISA6                            00000006
TRISA7                            00000007
TRISB                             00000086
TRISB0                            00000000
TRISB1                            00000001
TRISB2                            00000002
TRISB3                            00000003
TRISB4                            00000004
TRISB5                            00000005
TRISB6                            00000006
TRISB7                            00000007
TRMT                              00000001
MPASM 5.84                        PARTE3.ASM   8-29-2019  13:30:50         PAGE  6


SYMBOL TABLE
  LABEL                             VALUE 

TX9                               00000006
TX9D                              00000000
TXEN                              00000005
TXIE                              00000004
TXIF                              00000004
TXREG                             00000019
TXSTA                             00000098
VR0                               00000000
VR1                               00000001
VR2                               00000002
VR3                               00000003
VRCON                             0000009F
VREN                              00000007
VROE                              00000006
VRR                               00000005
W                                 00000000
WR                                00000001
WREN                              00000002
WRERR                             00000003
Z                                 00000002
ZERA                              00000013
_BODEN_OFF                        00003FBF
_BODEN_ON                         00003FFF
_BOREN_OFF                        00003FBF
_BOREN_ON                         00003FFF
_CONFIG                           00002007
_CPD_OFF                          00003FFF
_CPD_ON                           00003EFF
_CP_OFF                           00003FFF
_CP_ON                            00001FFF
_DEVID1                           00002006
_ER_OSC_CLKOUT                    00003FFF
_ER_OSC_NOCLKOUT                  00003FFE
_EXTCLK_OSC                       00003FEF
_FOSC_ECIO                        00003FEF
_FOSC_EXTRCCLK                    00003FFF
_FOSC_EXTRCIO                     00003FFE
_FOSC_HS                          00003FEE
_FOSC_INTOSCCLK                   00003FFD
_FOSC_INTOSCIO                    00003FFC
_FOSC_LP                          00003FEC
_FOSC_XT                          00003FED
_HS_OSC                           00003FEE
_IDLOC0                           00002000
_IDLOC1                           00002001
_IDLOC2                           00002002
_IDLOC3                           00002003
_INTOSC_OSC_CLKOUT                00003FFD
_INTOSC_OSC_NOCLKOUT              00003FFC
_INTRC_OSC_CLKOUT                 00003FFD
_INTRC_OSC_NOCLKOUT               00003FFC
_LP_OSC                           00003FEC
_LVP_OFF                          00003F7F
MPASM 5.84                        PARTE3.ASM   8-29-2019  13:30:50         PAGE  7


SYMBOL TABLE
  LABEL                             VALUE 

_LVP_ON                           00003FFF
_MCLRE_OFF                        00003FDF
_MCLRE_ON                         00003FFF
_PWRTE_OFF                        00003FFF
_PWRTE_ON                         00003FF7
_RC_OSC_CLKOUT                    00003FFF
_RC_OSC_NOCLKOUT                  00003FFE
_WDTE_OFF                         00003FFB
_WDTE_ON                          00003FFF
_WDT_OFF                          00003FFB
_WDT_ON                           00003FFF
_XT_OSC                           00003FED
__16F628A                         00000001

Errors   :     0
Warnings :     3 reported,     0 suppressed
Messages :     3 reported,     0 suppressed

