

Microchip MPLAB XC8 Assembler V2.10 build 88905656 
                                                                                               Sat Nov 02 20:27:54 2019

Microchip MPLAB XC8 C Compiler v2.10 (Free license) build 20190730164152 Og1 
     1                           	processor	16F628A
     2                           	opt	pw 120
     3                           	opt	flic
     4                           	psect	cinit,global,class=CODE,merge=1,delta=2
     5                           	psect	cstackCOMMON,global,class=COMMON,space=1,delta=1
     6                           	psect	maintext,global,class=CODE,split=1,delta=2
     7                           	dabs	1,0x7E,2
     8  0000                     
     9                           ; Version 2.10
    10                           ; Generated 31/07/2019 GMT
    11                           ; 
    12                           ; Copyright © 2019, Microchip Technology Inc. and its subsidiaries ("Microchip")
    13                           ; All rights reserved.
    14                           ; 
    15                           ; This software is developed by Microchip Technology Inc. and its subsidiaries ("Microch
      +                          ip").
    16                           ; 
    17                           ; Redistribution and use in source and binary forms, with or without modification, are
    18                           ; permitted provided that the following conditions are met:
    19                           ; 
    20                           ;     1. Redistributions of source code must retain the above copyright notice, this lis
      +                          t of
    21                           ;        conditions and the following disclaimer.
    22                           ; 
    23                           ;     2. Redistributions in binary form must reproduce the above copyright notice, this 
      +                          list
    24                           ;        of conditions and the following disclaimer in the documentation and/or other
    25                           ;        materials provided with the distribution.
    26                           ; 
    27                           ;     3. Microchip's name may not be used to endorse or promote products derived from th
      +                          is
    28                           ;        software without specific prior written permission.
    29                           ; 
    30                           ; THIS SOFTWARE IS PROVIDED BY MICROCHIP "AS IS" AND ANY EXPRESS OR IMPLIED WARRANTIES,
    31                           ; INCLUDING, BUT NOT LIMITED TO, THE IMPLIED WARRANTIES OF MERCHANTABILITY AND FITNESS F
      +                          OR
    32                           ; PURPOSE ARE DISCLAIMED.  IN NO EVENT SHALL MICROCHIP BE LIABLE FOR ANY DIRECT, INDIREC
      +                          T,
    33                           ; INCIDENTAL, SPECIAL, EXEMPLARY, OR CONSEQUENTIAL DAMAGES (INCLUDING BUT NOT LIMITED TO
    34                           ; PROCUREMENT OF SUBSTITUTE GOODS OR SERVICES; LOSS OF USE, DATA OR PROFITS; OR BUSINESS
    35                           ; INTERRUPTION) HOWSOEVER CAUSED AND ON ANY THEORY OF LIABILITY, WHETHER IN CONTRACT, ST
      +                          RICT
    36                           ; LIABILITY, OR TORT (INCLUDING NEGLIGENCE OR OTHERWISE) ARISING IN ANY WAY OUT OF THE U
      +                          SE OF
    37                           ; THIS SOFTWARE, EVEN IF ADVISED OF THE POSSIBILITY OF SUCH DAMAGE.
    38                           ; 
    39                           ; 
    40                           ; Code-generator required, PIC16F628A Definitions
    41                           ; 
    42                           ; SFR Addresses
    43  0000                     	;# 
    44  0001                     	;# 
    45  0002                     	;# 
    46  0003                     	;# 
    47  0004                     	;# 
    48  0005                     	;# 
    49  0006                     	;# 
    50  000A                     	;# 
    51  000B                     	;# 
    52  000C                     	;# 
    53  000E                     	;# 
    54  000E                     	;# 
    55  000F                     	;# 
    56  0010                     	;# 
    57  0011                     	;# 
    58  0012                     	;# 
    59  0015                     	;# 
    60  0015                     	;# 
    61  0016                     	;# 
    62  0017                     	;# 
    63  0018                     	;# 
    64  0019                     	;# 
    65  001A                     	;# 
    66  001F                     	;# 
    67  0081                     	;# 
    68  0085                     	;# 
    69  0086                     	;# 
    70  008C                     	;# 
    71  008E                     	;# 
    72  0092                     	;# 
    73  0098                     	;# 
    74  0099                     	;# 
    75  009A                     	;# 
    76  009B                     	;# 
    77  009C                     	;# 
    78  009D                     	;# 
    79  009F                     	;# 
    80  0000                     	;# 
    81  0001                     	;# 
    82  0002                     	;# 
    83  0003                     	;# 
    84  0004                     	;# 
    85  0005                     	;# 
    86  0006                     	;# 
    87  000A                     	;# 
    88  000B                     	;# 
    89  000C                     	;# 
    90  000E                     	;# 
    91  000E                     	;# 
    92  000F                     	;# 
    93  0010                     	;# 
    94  0011                     	;# 
    95  0012                     	;# 
    96  0015                     	;# 
    97  0015                     	;# 
    98  0016                     	;# 
    99  0017                     	;# 
   100  0018                     	;# 
   101  0019                     	;# 
   102  001A                     	;# 
   103  001F                     	;# 
   104  0081                     	;# 
   105  0085                     	;# 
   106  0086                     	;# 
   107  008C                     	;# 
   108  008E                     	;# 
   109  0092                     	;# 
   110  0098                     	;# 
   111  0099                     	;# 
   112  009A                     	;# 
   113  009B                     	;# 
   114  009C                     	;# 
   115  009D                     	;# 
   116  009F                     	;# 
   117  0028                     _RA0	set	40
   118  0428                     _TRISA0	set	1064
   119                           
   120                           	psect	cinit
   121  07FE                     start_initialization:	
   122                           ; #config settings
   123                           
   124  07FE                     __initialization:	
   125  07FE                     end_of_initialization:	
   126                           ;End of C runtime variable initialization code
   127                           
   128  07FE                     __end_of__initialization:	
   129  07FE  0183               	clrf	3
   130  07FF  2FD9               	ljmp	_main	;jump to C main() function
   131                           
   132                           	psect	cstackCOMMON
   133  0070                     __pcstackCOMMON:	
   134  0070                     ?_main:	
   135  0070                     ??_main:	
   136                           ; 1 bytes @ 0x0
   137                           
   138                           
   139                           ; 1 bytes @ 0x0
   140  0070                     	ds	3
   141                           
   142                           	psect	maintext
   143  07D9                     __pmaintext:	
   144 ;;
   145 ;;Main: autosize = 0, tempsize = 3, incstack = 0, save=0
   146 ;;
   147 ;; *************** function _main *****************
   148 ;; Defined at:
   149 ;;		line 11 in file "main.c"
   150 ;; Parameters:    Size  Location     Type
   151 ;;		None
   152 ;; Auto vars:     Size  Location     Type
   153 ;;		None
   154 ;; Return value:  Size  Location     Type
   155 ;;                  1    wreg      void 
   156 ;; Registers used:
   157 ;;		wreg
   158 ;; Tracked objects:
   159 ;;		On entry : B00/0
   160 ;;		On exit  : 0/0
   161 ;;		Unchanged: 0/0
   162 ;; Data sizes:     COMMON   BANK0   BANK1   BANK2
   163 ;;      Params:         0       0       0       0
   164 ;;      Locals:         0       0       0       0
   165 ;;      Temps:          3       0       0       0
   166 ;;      Totals:         3       0       0       0
   167 ;;Total ram usage:        3 bytes
   168 ;; This function calls:
   169 ;;		Nothing
   170 ;; This function is called by:
   171 ;;		Startup code after reset
   172 ;; This function uses a non-reentrant model
   173 ;;
   174                           
   175                           
   176                           ;psect for function _main
   177  07D9                     _main:	
   178  07D9                     l606:	
   179                           ;incstack = 0
   180                           ; Regs used in _main: [wreg]
   181                           
   182                           
   183                           ;main.c: 12:     TRISA0 = 0;
   184  07D9  1683               	bsf	3,5	;RP0=1, select bank1
   185  07DA  1303               	bcf	3,6	;RP1=0, select bank1
   186  07DB  1005               	bcf	5,0	;volatile
   187  07DC                     l11:	
   188                           ;main.c: 13:     while(1){
   189                           
   190                           
   191                           ;main.c: 14:         RA0 = 0;
   192  07DC  1283               	bcf	3,5	;RP0=0, select bank0
   193  07DD  1303               	bcf	3,6	;RP1=0, select bank0
   194  07DE  1005               	bcf	5,0	;volatile
   195  07DF                     l608:	
   196                           
   197                           ;main.c: 15:         _delay((unsigned long)((5000)*(10000000/4000.0)));
   198  07DF  3040               	movlw	64
   199  07E0  00F2               	movwf	??_main+2
   200  07E1  306A               	movlw	106
   201  07E2  00F1               	movwf	??_main+1
   202  07E3  3097               	movlw	151
   203  07E4  00F0               	movwf	??_main
   204  07E5                     u17:	
   205  07E5  0BF0               	decfsz	??_main,f
   206  07E6  2FE5               	goto	u17
   207  07E7  0BF1               	decfsz	??_main+1,f
   208  07E8  2FE5               	goto	u17
   209  07E9  0BF2               	decfsz	??_main+2,f
   210  07EA  2FE5               	goto	u17
   211  07EB  2FEC               	nop2
   212  07EC                     l610:	
   213                           
   214                           ;main.c: 16:         RA0 = 1;
   215  07EC  1283               	bcf	3,5	;RP0=0, select bank0
   216  07ED  1303               	bcf	3,6	;RP1=0, select bank0
   217  07EE  1405               	bsf	5,0	;volatile
   218                           
   219                           ;main.c: 17:         _delay((unsigned long)((5000)*(10000000/4000.0)));
   220  07EF  3040               	movlw	64
   221  07F0  00F2               	movwf	??_main+2
   222  07F1  306A               	movlw	106
   223  07F2  00F1               	movwf	??_main+1
   224  07F3  3097               	movlw	151
   225  07F4  00F0               	movwf	??_main
   226  07F5                     u27:	
   227  07F5  0BF0               	decfsz	??_main,f
   228  07F6  2FF5               	goto	u27
   229  07F7  0BF1               	decfsz	??_main+1,f
   230  07F8  2FF5               	goto	u27
   231  07F9  0BF2               	decfsz	??_main+2,f
   232  07FA  2FF5               	goto	u27
   233  07FB  2FFC               	nop2
   234  07FC  2FDC               	goto	l11
   235  07FD  2800               	ljmp	start
   236  07FE                     __end_of_main:	
   237  007E                     btemp	set	126	;btemp
   238  007E                     wtemp0	set	126


Data Sizes:
    Strings     0
    Constant    0
    Data        0
    BSS         0
    Persistent  0
    Stack       0

Auto Spaces:
    Space          Size  Autos    Used
    COMMON           14      3       3
    BANK0            80      0       0
    BANK1            80      0       0
    BANK2            48      0       0

Pointer List with Targets:

    None.

Critical Paths under _main in COMMON

    None.

Critical Paths under _main in BANK0

    None.

Critical Paths under _main in BANK1

    None.

Critical Paths under _main in BANK2

    None.

Call Graph Tables:

 ---------------------------------------------------------------------------------
 (Depth) Function   	        Calls       Base Space   Used Autos Params    Refs
 ---------------------------------------------------------------------------------
 (0) _main                                                 3     3      0       0
                                              0 COMMON     3     3      0
 ---------------------------------------------------------------------------------
 Estimated maximum stack depth 0
 ---------------------------------------------------------------------------------

 Call Graph Graphs:

 _main (ROOT)

 Address spaces:
Name               Size   Autos  Total    Cost      Usage
BITCOMMON            E      0       0       0        0.0%
EEDATA              80      0       0       0        0.0%
NULL                 0      0       0       0        0.0%
CODE                 0      0       0       0        0.0%
COMMON               E      3       3       1       21.4%
BITSFR0              0      0       0       1        0.0%
SFR0                 0      0       0       1        0.0%
BITSFR1              0      0       0       2        0.0%
SFR1                 0      0       0       2        0.0%
STACK                0      0       0       2        0.0%
BANK0               50      0       0       3        0.0%
BITSFR3              0      0       0       4        0.0%
SFR3                 0      0       0       4        0.0%
ABS                  0      0       0       4        0.0%
BITBANK0            50      0       0       5        0.0%
BITSFR2              0      0       0       5        0.0%
SFR2                 0      0       0       5        0.0%
BITBANK1            50      0       0       6        0.0%
BANK1               50      0       0       7        0.0%
BITBANK2            30      0       0       8        0.0%
BANK2               30      0       0       9        0.0%
DATA                 0      0       0      10        0.0%


Microchip Technology PIC Macro Assembler V2.10 build 88905656 
Symbol Table                                                                                   Sat Nov 02 20:27:54 2019

                     l11 07DC                       u17 07E5                       u27 07F5  
                    l610 07EC                      l606 07D9                      l608 07DF  
                    _RA0 0028                     _main 07D9                     btemp 007E  
                   start 0000                    ?_main 0070                    status 0003  
                  wtemp0 007E          __initialization 07FE             __end_of_main 07FE  
                 ??_main 0070                   _TRISA0 0428  __end_of__initialization 07FE  
         __pcstackCOMMON 0070               __pmaintext 07D9     end_of_initialization 07FE  
    start_initialization 07FE                ___latbits 0000            __size_of_main 0025  
