

Microchip MPLAB XC8 Assembler V2.10 build 88905656 
                                                                                               Wed Dec 04 17:36:32 2019

Microchip MPLAB XC8 C Compiler v2.10 (Free license) build 20190730164152 Og1 
     1                           	processor	16F628A
     2                           	opt	pw 120
     3                           	opt	flic
     4                           	psect	cinit,global,class=CODE,merge=1,delta=2
     5                           	psect	cstackCOMMON,global,class=COMMON,space=1,delta=1
     6                           	psect	maintext,global,class=CODE,split=1,delta=2
     7                           	psect	text1,local,class=CODE,merge=1,delta=2
     8                           	psect	text2,local,class=CODE,merge=1,delta=2
     9                           	psect	text3,local,class=CODE,merge=1,delta=2
    10                           	psect	text4,local,class=CODE,merge=1,delta=2
    11                           	psect	text5,local,class=CODE,merge=1,delta=2
    12                           	dabs	1,0x7E,2
    13  0000                     
    14                           ; Version 2.10
    15                           ; Generated 31/07/2019 GMT
    16                           ; 
    17                           ; Copyright © 2019, Microchip Technology Inc. and its subsidiaries ("Microchip")
    18                           ; All rights reserved.
    19                           ; 
    20                           ; This software is developed by Microchip Technology Inc. and its subsidiaries ("Microch
      +                          ip").
    21                           ; 
    22                           ; Redistribution and use in source and binary forms, with or without modification, are
    23                           ; permitted provided that the following conditions are met:
    24                           ; 
    25                           ;     1. Redistributions of source code must retain the above copyright notice, this lis
      +                          t of
    26                           ;        conditions and the following disclaimer.
    27                           ; 
    28                           ;     2. Redistributions in binary form must reproduce the above copyright notice, this 
      +                          list
    29                           ;        of conditions and the following disclaimer in the documentation and/or other
    30                           ;        materials provided with the distribution.
    31                           ; 
    32                           ;     3. Microchip's name may not be used to endorse or promote products derived from th
      +                          is
    33                           ;        software without specific prior written permission.
    34                           ; 
    35                           ; THIS SOFTWARE IS PROVIDED BY MICROCHIP "AS IS" AND ANY EXPRESS OR IMPLIED WARRANTIES,
    36                           ; INCLUDING, BUT NOT LIMITED TO, THE IMPLIED WARRANTIES OF MERCHANTABILITY AND FITNESS F
      +                          OR
    37                           ; PURPOSE ARE DISCLAIMED.  IN NO EVENT SHALL MICROCHIP BE LIABLE FOR ANY DIRECT, INDIREC
      +                          T,
    38                           ; INCIDENTAL, SPECIAL, EXEMPLARY, OR CONSEQUENTIAL DAMAGES (INCLUDING BUT NOT LIMITED TO
    39                           ; PROCUREMENT OF SUBSTITUTE GOODS OR SERVICES; LOSS OF USE, DATA OR PROFITS; OR BUSINESS
    40                           ; INTERRUPTION) HOWSOEVER CAUSED AND ON ANY THEORY OF LIABILITY, WHETHER IN CONTRACT, ST
      +                          RICT
    41                           ; LIABILITY, OR TORT (INCLUDING NEGLIGENCE OR OTHERWISE) ARISING IN ANY WAY OUT OF THE U
      +                          SE OF
    42                           ; THIS SOFTWARE, EVEN IF ADVISED OF THE POSSIBILITY OF SUCH DAMAGE.
    43                           ; 
    44                           ; 
    45                           ; Code-generator required, PIC16F628A Definitions
    46                           ; 
    47                           ; SFR Addresses
    48  0000                     	;# 
    49  0001                     	;# 
    50  0002                     	;# 
    51  0003                     	;# 
    52  0004                     	;# 
    53  0005                     	;# 
    54  0006                     	;# 
    55  000A                     	;# 
    56  000B                     	;# 
    57  000C                     	;# 
    58  000E                     	;# 
    59  000E                     	;# 
    60  000F                     	;# 
    61  0010                     	;# 
    62  0011                     	;# 
    63  0012                     	;# 
    64  0015                     	;# 
    65  0015                     	;# 
    66  0016                     	;# 
    67  0017                     	;# 
    68  0018                     	;# 
    69  0019                     	;# 
    70  001A                     	;# 
    71  001F                     	;# 
    72  0081                     	;# 
    73  0085                     	;# 
    74  0086                     	;# 
    75  008C                     	;# 
    76  008E                     	;# 
    77  0092                     	;# 
    78  0098                     	;# 
    79  0099                     	;# 
    80  009A                     	;# 
    81  009B                     	;# 
    82  009C                     	;# 
    83  009D                     	;# 
    84  009F                     	;# 
    85  0000                     	;# 
    86  0001                     	;# 
    87  0002                     	;# 
    88  0003                     	;# 
    89  0004                     	;# 
    90  0005                     	;# 
    91  0006                     	;# 
    92  000A                     	;# 
    93  000B                     	;# 
    94  000C                     	;# 
    95  000E                     	;# 
    96  000E                     	;# 
    97  000F                     	;# 
    98  0010                     	;# 
    99  0011                     	;# 
   100  0012                     	;# 
   101  0015                     	;# 
   102  0015                     	;# 
   103  0016                     	;# 
   104  0017                     	;# 
   105  0018                     	;# 
   106  0019                     	;# 
   107  001A                     	;# 
   108  001F                     	;# 
   109  0081                     	;# 
   110  0085                     	;# 
   111  0086                     	;# 
   112  008C                     	;# 
   113  008E                     	;# 
   114  0092                     	;# 
   115  0098                     	;# 
   116  0099                     	;# 
   117  009A                     	;# 
   118  009B                     	;# 
   119  009C                     	;# 
   120  009D                     	;# 
   121  009F                     	;# 
   122  0005                     _PORTAbits	set	5
   123  0005                     _PORTA	set	5
   124  001F                     _CMCON	set	31
   125  0006                     _PORTBbits	set	6
   126  0086                     _TRISB	set	134
   127  0085                     _TRISA	set	133
   128                           
   129                           	psect	cinit
   130  07FE                     start_initialization:	
   131                           ; #config settings
   132                           
   133  07FE                     __initialization:	
   134  07FE                     end_of_initialization:	
   135                           ;End of C runtime variable initialization code
   136                           
   137  07FE                     __end_of__initialization:	
   138  07FE  0183               	clrf	3
   139  07FF  2FA4               	ljmp	_main	;jump to C main() function
   140                           
   141                           	psect	cstackCOMMON
   142  0070                     __pcstackCOMMON:	
   143  0070                     ?_curvaEsquerda:	
   144  0070                     ??_curvaEsquerda:	
   145                           ; 1 bytes @ 0x0
   146                           
   147  0070                     ?_curvaDireita:	
   148                           ; 1 bytes @ 0x0
   149                           
   150  0070                     ??_curvaDireita:	
   151                           ; 1 bytes @ 0x0
   152                           
   153  0070                     ?_curva90Direita:	
   154                           ; 1 bytes @ 0x0
   155                           
   156  0070                     ??_curva90Direita:	
   157                           ; 1 bytes @ 0x0
   158                           
   159  0070                     ?_curva90Esquerda:	
   160                           ; 1 bytes @ 0x0
   161                           
   162  0070                     ??_curva90Esquerda:	
   163                           ; 1 bytes @ 0x0
   164                           
   165  0070                     ?_segueFrente:	
   166                           ; 1 bytes @ 0x0
   167                           
   168  0070                     ??_segueFrente:	
   169                           ; 1 bytes @ 0x0
   170                           
   171  0070                     ?_main:	
   172                           ; 1 bytes @ 0x0
   173                           
   174                           
   175                           ; 1 bytes @ 0x0
   176  0070                     	ds	3
   177  0073                     ??_main:	
   178  0073                     main@contador:	
   179                           ; 1 bytes @ 0x3
   180                           
   181                           
   182                           ; 2 bytes @ 0x3
   183  0073                     	ds	2
   184                           
   185                           	psect	maintext
   186  07A4                     __pmaintext:	
   187 ;;
   188 ;;Main: autosize = 0, tempsize = 0, incstack = 0, save=0
   189 ;;
   190 ;; *************** function _main *****************
   191 ;; Defined at:
   192 ;;		line 59 in file "main.c"
   193 ;; Parameters:    Size  Location     Type
   194 ;;		None
   195 ;; Auto vars:     Size  Location     Type
   196 ;;  contador        2    3[COMMON] int 
   197 ;; Return value:  Size  Location     Type
   198 ;;                  1    wreg      void 
   199 ;; Registers used:
   200 ;;		wreg, status,2, status,0, pclath, cstack
   201 ;; Tracked objects:
   202 ;;		On entry : B00/0
   203 ;;		On exit  : 0/0
   204 ;;		Unchanged: 0/0
   205 ;; Data sizes:     COMMON   BANK0   BANK1   BANK2
   206 ;;      Params:         0       0       0       0
   207 ;;      Locals:         2       0       0       0
   208 ;;      Temps:          0       0       0       0
   209 ;;      Totals:         2       0       0       0
   210 ;;Total ram usage:        2 bytes
   211 ;; Hardware stack levels required when called:    1
   212 ;; This function calls:
   213 ;;		_curva90Direita
   214 ;;		_curva90Esquerda
   215 ;;		_curvaDireita
   216 ;;		_curvaEsquerda
   217 ;;		_segueFrente
   218 ;; This function is called by:
   219 ;;		Startup code after reset
   220 ;; This function uses a non-reentrant model
   221 ;;
   222                           
   223                           
   224                           ;psect for function _main
   225  07A4                     _main:	
   226  07A4                     l661:	
   227                           ;incstack = 0
   228                           ; Regs used in _main: [wreg+status,2+status,0+pclath+cstack]
   229                           
   230                           
   231                           ;main.c: 60:     CMCON = 0x07;
   232  07A4  3007               	movlw	7
   233  07A5  1283               	bcf	3,5	;RP0=0, select bank0
   234  07A6  1303               	bcf	3,6	;RP1=0, select bank0
   235  07A7  009F               	movwf	31	;volatile
   236                           
   237                           ;main.c: 61:     TRISA = 0b10111111;
   238  07A8  30BF               	movlw	191
   239  07A9  1683               	bsf	3,5	;RP0=1, select bank1
   240  07AA  1303               	bcf	3,6	;RP1=0, select bank1
   241  07AB  0085               	movwf	5	;volatile
   242                           
   243                           ;main.c: 62:     TRISB = 0b11000000;
   244  07AC  30C0               	movlw	192
   245  07AD  0086               	movwf	6	;volatile
   246  07AE                     l663:	
   247                           
   248                           ;main.c: 63:     PORTA = 0x00;
   249  07AE  1283               	bcf	3,5	;RP0=0, select bank0
   250  07AF  1303               	bcf	3,6	;RP1=0, select bank0
   251  07B0  0185               	clrf	5	;volatile
   252  07B1                     l665:	
   253                           
   254                           ;main.c: 64:     int contador = 3;
   255  07B1  3003               	movlw	3
   256  07B2  00F3               	movwf	main@contador
   257  07B3  3000               	movlw	0
   258  07B4  00F4               	movwf	main@contador+1
   259  07B5                     l667:	
   260                           
   261                           ;main.c: 66:     PORTBbits.RB4 = 1;
   262  07B5  1606               	bsf	6,4	;volatile
   263  07B6                     l669:	
   264                           
   265                           ;main.c: 69:     segueFrente();
   266  07B6  276D               	fcall	_segueFrente
   267  07B7                     l671:	
   268                           
   269                           ;main.c: 72:         PORTBbits.RB0 = 1;
   270  07B7  1283               	bcf	3,5	;RP0=0, select bank0
   271  07B8  1303               	bcf	3,6	;RP1=0, select bank0
   272  07B9  1406               	bsf	6,0	;volatile
   273  07BA                     l673:	
   274                           
   275                           ;main.c: 73:         PORTBbits.RB1 = 0;
   276  07BA  1086               	bcf	6,1	;volatile
   277  07BB                     l675:	
   278                           
   279                           ;main.c: 74:         PORTBbits.RB2 = 1;
   280  07BB  1506               	bsf	6,2	;volatile
   281  07BC                     l677:	
   282                           
   283                           ;main.c: 75:         PORTBbits.RB3 = 0;
   284  07BC  1186               	bcf	6,3	;volatile
   285  07BD                     l679:	
   286                           
   287                           ;main.c: 76:         if (PORTAbits.RA7 == 1){
   288  07BD  1F85               	btfss	5,7	;volatile
   289  07BE  2FC0               	goto	u11
   290  07BF  2FC1               	goto	u10
   291  07C0                     u11:	
   292  07C0  2FC2               	goto	l683
   293  07C1                     u10:	
   294  07C1                     l681:	
   295                           
   296                           ;main.c: 77:             curvaEsquerda();
   297  07C1  2766               	fcall	_curvaEsquerda
   298  07C2                     l683:	
   299                           
   300                           ;main.c: 79:         if (PORTAbits.RA2 == 1){
   301  07C2  1283               	bcf	3,5	;RP0=0, select bank0
   302  07C3  1303               	bcf	3,6	;RP1=0, select bank0
   303  07C4  1D05               	btfss	5,2	;volatile
   304  07C5  2FC7               	goto	u21
   305  07C6  2FC8               	goto	u20
   306  07C7                     u21:	
   307  07C7  2FC9               	goto	l687
   308  07C8                     u20:	
   309  07C8                     l685:	
   310                           
   311                           ;main.c: 80:             curvaDireita();
   312  07C8  275F               	fcall	_curvaDireita
   313  07C9                     l687:	
   314                           
   315                           ;main.c: 82:         if (PORTAbits.RA7 == 0 && PORTAbits.RA2 == 0){
   316  07C9  1283               	bcf	3,5	;RP0=0, select bank0
   317  07CA  1303               	bcf	3,6	;RP1=0, select bank0
   318  07CB  1B85               	btfsc	5,7	;volatile
   319  07CC  2FCE               	goto	u31
   320  07CD  2FCF               	goto	u30
   321  07CE                     u31:	
   322  07CE  2FD4               	goto	l693
   323  07CF                     u30:	
   324  07CF                     l689:	
   325  07CF  1905               	btfsc	5,2	;volatile
   326  07D0  2FD2               	goto	u41
   327  07D1  2FD3               	goto	u40
   328  07D2                     u41:	
   329  07D2  2FD4               	goto	l693
   330  07D3                     u40:	
   331  07D3                     l691:	
   332                           
   333                           ;main.c: 83:             segueFrente();
   334  07D3  276D               	fcall	_segueFrente
   335  07D4                     l693:	
   336                           
   337                           ;main.c: 85:         if ( PORTAbits.RA4 == 0 && PORTAbits.RA0 == 1){
   338  07D4  1283               	bcf	3,5	;RP0=0, select bank0
   339  07D5  1303               	bcf	3,6	;RP1=0, select bank0
   340  07D6  1A05               	btfsc	5,4	;volatile
   341  07D7  2FD9               	goto	u51
   342  07D8  2FDA               	goto	u50
   343  07D9                     u51:	
   344  07D9  2FE5               	goto	l701
   345  07DA                     u50:	
   346  07DA                     l695:	
   347  07DA  1C05               	btfss	5,0	;volatile
   348  07DB  2FDD               	goto	u61
   349  07DC  2FDE               	goto	u60
   350  07DD                     u61:	
   351  07DD  2FE5               	goto	l701
   352  07DE                     u60:	
   353  07DE                     l697:	
   354                           
   355                           ;main.c: 86:             curva90Esquerda();
   356  07DE  278C               	fcall	_curva90Esquerda
   357  07DF                     l699:	
   358                           
   359                           ;main.c: 87:             contador--;
   360  07DF  30FF               	movlw	255
   361  07E0  07F3               	addwf	main@contador,f
   362  07E1  1803               	skipnc
   363  07E2  0AF4               	incf	main@contador+1,f
   364  07E3  30FF               	movlw	255
   365  07E4  07F4               	addwf	main@contador+1,f
   366  07E5                     l701:	
   367                           
   368                           ;main.c: 89:         if ( PORTAbits.RA4 == 1 && PORTAbits.RA0 == 0){
   369  07E5  1283               	bcf	3,5	;RP0=0, select bank0
   370  07E6  1303               	bcf	3,6	;RP1=0, select bank0
   371  07E7  1E05               	btfss	5,4	;volatile
   372  07E8  2FEA               	goto	u71
   373  07E9  2FEB               	goto	u70
   374  07EA                     u71:	
   375  07EA  2FF6               	goto	l709
   376  07EB                     u70:	
   377  07EB                     l703:	
   378  07EB  1805               	btfsc	5,0	;volatile
   379  07EC  2FEE               	goto	u81
   380  07ED  2FEF               	goto	u80
   381  07EE                     u81:	
   382  07EE  2FF6               	goto	l709
   383  07EF                     u80:	
   384  07EF                     l705:	
   385                           
   386                           ;main.c: 90:             curva90Direita();
   387  07EF  2774               	fcall	_curva90Direita
   388  07F0                     l707:	
   389                           
   390                           ;main.c: 91:             contador--;
   391  07F0  30FF               	movlw	255
   392  07F1  07F3               	addwf	main@contador,f
   393  07F2  1803               	skipnc
   394  07F3  0AF4               	incf	main@contador+1,f
   395  07F4  30FF               	movlw	255
   396  07F5  07F4               	addwf	main@contador+1,f
   397  07F6                     l709:	
   398                           
   399                           ;main.c: 93:         PORTBbits.RB0 = 0;
   400  07F6  1283               	bcf	3,5	;RP0=0, select bank0
   401  07F7  1303               	bcf	3,6	;RP1=0, select bank0
   402  07F8  1006               	bcf	6,0	;volatile
   403  07F9                     l711:	
   404                           
   405                           ;main.c: 94:         PORTBbits.RB1 = 0;
   406  07F9  1086               	bcf	6,1	;volatile
   407  07FA                     l713:	
   408                           
   409                           ;main.c: 95:         PORTBbits.RB2 = 0;
   410  07FA  1106               	bcf	6,2	;volatile
   411  07FB                     l715:	
   412                           
   413                           ;main.c: 96:         PORTBbits.RB3 = 0;
   414  07FB  1186               	bcf	6,3	;volatile
   415  07FC  2FB7               	goto	l671
   416  07FD  2800               	ljmp	start
   417  07FE                     __end_of_main:	
   418                           
   419                           	psect	text1
   420  076D                     __ptext1:	
   421 ;; *************** function _segueFrente *****************
   422 ;; Defined at:
   423 ;;		line 52 in file "main.c"
   424 ;; Parameters:    Size  Location     Type
   425 ;;		None
   426 ;; Auto vars:     Size  Location     Type
   427 ;;		None
   428 ;; Return value:  Size  Location     Type
   429 ;;                  1    wreg      void 
   430 ;; Registers used:
   431 ;;		None
   432 ;; Tracked objects:
   433 ;;		On entry : 0/0
   434 ;;		On exit  : 0/0
   435 ;;		Unchanged: 0/0
   436 ;; Data sizes:     COMMON   BANK0   BANK1   BANK2
   437 ;;      Params:         0       0       0       0
   438 ;;      Locals:         0       0       0       0
   439 ;;      Temps:          0       0       0       0
   440 ;;      Totals:         0       0       0       0
   441 ;;Total ram usage:        0 bytes
   442 ;; Hardware stack levels used:    1
   443 ;; This function calls:
   444 ;;		Nothing
   445 ;; This function is called by:
   446 ;;		_main
   447 ;; This function uses a non-reentrant model
   448 ;;
   449                           
   450                           
   451                           ;psect for function _segueFrente
   452  076D                     _segueFrente:	
   453  076D                     l657:	
   454                           ;incstack = 0
   455                           ; Regs used in _segueFrente: []
   456                           
   457                           
   458                           ;main.c: 53:     PORTBbits.RB0 = 1;
   459  076D  1283               	bcf	3,5	;RP0=0, select bank0
   460  076E  1303               	bcf	3,6	;RP1=0, select bank0
   461  076F  1406               	bsf	6,0	;volatile
   462                           
   463                           ;main.c: 54:     PORTBbits.RB1 = 0;
   464  0770  1086               	bcf	6,1	;volatile
   465                           
   466                           ;main.c: 55:     PORTBbits.RB2 = 1;
   467  0771  1506               	bsf	6,2	;volatile
   468                           
   469                           ;main.c: 56:     PORTBbits.RB3 = 0;
   470  0772  1186               	bcf	6,3	;volatile
   471  0773                     l32:	
   472  0773  0008               	return
   473  0774                     __end_of_segueFrente:	
   474                           
   475                           	psect	text2
   476  0766                     __ptext2:	
   477 ;; *************** function _curvaEsquerda *****************
   478 ;; Defined at:
   479 ;;		line 11 in file "main.c"
   480 ;; Parameters:    Size  Location     Type
   481 ;;		None
   482 ;; Auto vars:     Size  Location     Type
   483 ;;		None
   484 ;; Return value:  Size  Location     Type
   485 ;;                  1    wreg      void 
   486 ;; Registers used:
   487 ;;		None
   488 ;; Tracked objects:
   489 ;;		On entry : 0/0
   490 ;;		On exit  : 0/0
   491 ;;		Unchanged: 0/0
   492 ;; Data sizes:     COMMON   BANK0   BANK1   BANK2
   493 ;;      Params:         0       0       0       0
   494 ;;      Locals:         0       0       0       0
   495 ;;      Temps:          0       0       0       0
   496 ;;      Totals:         0       0       0       0
   497 ;;Total ram usage:        0 bytes
   498 ;; Hardware stack levels used:    1
   499 ;; This function calls:
   500 ;;		Nothing
   501 ;; This function is called by:
   502 ;;		_main
   503 ;; This function uses a non-reentrant model
   504 ;;
   505                           
   506                           
   507                           ;psect for function _curvaEsquerda
   508  0766                     _curvaEsquerda:	
   509  0766                     l637:	
   510                           ;incstack = 0
   511                           ; Regs used in _curvaEsquerda: []
   512                           
   513                           
   514                           ;main.c: 12:     PORTBbits.RB0 = 0;
   515  0766  1283               	bcf	3,5	;RP0=0, select bank0
   516  0767  1303               	bcf	3,6	;RP1=0, select bank0
   517  0768  1006               	bcf	6,0	;volatile
   518                           
   519                           ;main.c: 13:     PORTBbits.RB1 = 0;
   520  0769  1086               	bcf	6,1	;volatile
   521                           
   522                           ;main.c: 14:     PORTBbits.RB2 = 1;
   523  076A  1506               	bsf	6,2	;volatile
   524                           
   525                           ;main.c: 15:     PORTBbits.RB3 = 0;
   526  076B  1186               	bcf	6,3	;volatile
   527  076C                     l17:	
   528  076C  0008               	return
   529  076D                     __end_of_curvaEsquerda:	
   530                           
   531                           	psect	text3
   532  075F                     __ptext3:	
   533 ;; *************** function _curvaDireita *****************
   534 ;; Defined at:
   535 ;;		line 18 in file "main.c"
   536 ;; Parameters:    Size  Location     Type
   537 ;;		None
   538 ;; Auto vars:     Size  Location     Type
   539 ;;		None
   540 ;; Return value:  Size  Location     Type
   541 ;;                  1    wreg      void 
   542 ;; Registers used:
   543 ;;		None
   544 ;; Tracked objects:
   545 ;;		On entry : 0/0
   546 ;;		On exit  : 0/0
   547 ;;		Unchanged: 0/0
   548 ;; Data sizes:     COMMON   BANK0   BANK1   BANK2
   549 ;;      Params:         0       0       0       0
   550 ;;      Locals:         0       0       0       0
   551 ;;      Temps:          0       0       0       0
   552 ;;      Totals:         0       0       0       0
   553 ;;Total ram usage:        0 bytes
   554 ;; Hardware stack levels used:    1
   555 ;; This function calls:
   556 ;;		Nothing
   557 ;; This function is called by:
   558 ;;		_main
   559 ;; This function uses a non-reentrant model
   560 ;;
   561                           
   562                           
   563                           ;psect for function _curvaDireita
   564  075F                     _curvaDireita:	
   565  075F                     l639:	
   566                           ;incstack = 0
   567                           ; Regs used in _curvaDireita: []
   568                           
   569                           
   570                           ;main.c: 19:     PORTBbits.RB2 = 0;
   571  075F  1283               	bcf	3,5	;RP0=0, select bank0
   572  0760  1303               	bcf	3,6	;RP1=0, select bank0
   573  0761  1106               	bcf	6,2	;volatile
   574                           
   575                           ;main.c: 20:     PORTBbits.RB3 = 0;
   576  0762  1186               	bcf	6,3	;volatile
   577                           
   578                           ;main.c: 21:     PORTBbits.RB0 = 1;
   579  0763  1406               	bsf	6,0	;volatile
   580                           
   581                           ;main.c: 22:     PORTBbits.RB1 = 0;
   582  0764  1086               	bcf	6,1	;volatile
   583  0765                     l20:	
   584  0765  0008               	return
   585  0766                     __end_of_curvaDireita:	
   586                           
   587                           	psect	text4
   588  078C                     __ptext4:	
   589 ;; *************** function _curva90Esquerda *****************
   590 ;; Defined at:
   591 ;;		line 42 in file "main.c"
   592 ;; Parameters:    Size  Location     Type
   593 ;;		None
   594 ;; Auto vars:     Size  Location     Type
   595 ;;		None
   596 ;; Return value:  Size  Location     Type
   597 ;;                  1    wreg      void 
   598 ;; Registers used:
   599 ;;		wreg
   600 ;; Tracked objects:
   601 ;;		On entry : 0/0
   602 ;;		On exit  : 0/0
   603 ;;		Unchanged: 0/0
   604 ;; Data sizes:     COMMON   BANK0   BANK1   BANK2
   605 ;;      Params:         0       0       0       0
   606 ;;      Locals:         0       0       0       0
   607 ;;      Temps:          3       0       0       0
   608 ;;      Totals:         3       0       0       0
   609 ;;Total ram usage:        3 bytes
   610 ;; Hardware stack levels used:    1
   611 ;; This function calls:
   612 ;;		Nothing
   613 ;; This function is called by:
   614 ;;		_main
   615 ;; This function uses a non-reentrant model
   616 ;;
   617                           
   618                           
   619                           ;psect for function _curva90Esquerda
   620  078C                     _curva90Esquerda:	
   621  078C                     l649:	
   622                           ;incstack = 0
   623                           ; Regs used in _curva90Esquerda: [wreg]
   624                           
   625                           
   626                           ;main.c: 43:     PORTBbits.RB2 = 1;
   627  078C  1283               	bcf	3,5	;RP0=0, select bank0
   628  078D  1303               	bcf	3,6	;RP1=0, select bank0
   629  078E  1506               	bsf	6,2	;volatile
   630                           
   631                           ;main.c: 44:     PORTBbits.RB3 = 0;
   632  078F  1186               	bcf	6,3	;volatile
   633                           
   634                           ;main.c: 45:     PORTBbits.RB0 = 0;
   635  0790  1006               	bcf	6,0	;volatile
   636                           
   637                           ;main.c: 46:     PORTBbits.RB1 = 0;
   638  0791  1086               	bcf	6,1	;volatile
   639  0792                     l651:	
   640                           
   641                           ;main.c: 47:     _delay((unsigned long)((1200)*(4000000/4000.0)));
   642  0792  3007               	movlw	7
   643  0793  00F2               	movwf	??_curva90Esquerda+2
   644  0794  3017               	movlw	23
   645  0795  00F1               	movwf	??_curva90Esquerda+1
   646  0796  306A               	movlw	106
   647  0797  00F0               	movwf	??_curva90Esquerda
   648  0798                     u97:	
   649  0798  0BF0               	decfsz	??_curva90Esquerda,f
   650  0799  2F98               	goto	u97
   651  079A  0BF1               	decfsz	??_curva90Esquerda+1,f
   652  079B  2F98               	goto	u97
   653  079C  0BF2               	decfsz	??_curva90Esquerda+2,f
   654  079D  2F98               	goto	u97
   655  079E  0000               	nop
   656  079F                     l653:	
   657                           
   658                           ;main.c: 48:     PORTBbits.RB0 = 1;
   659  079F  1283               	bcf	3,5	;RP0=0, select bank0
   660  07A0  1303               	bcf	3,6	;RP1=0, select bank0
   661  07A1  1406               	bsf	6,0	;volatile
   662  07A2                     l655:	
   663                           
   664                           ;main.c: 49:     PORTBbits.RB1 = 0;
   665  07A2  1086               	bcf	6,1	;volatile
   666  07A3                     l29:	
   667  07A3  0008               	return
   668  07A4                     __end_of_curva90Esquerda:	
   669                           
   670                           	psect	text5
   671  0774                     __ptext5:	
   672 ;; *************** function _curva90Direita *****************
   673 ;; Defined at:
   674 ;;		line 32 in file "main.c"
   675 ;; Parameters:    Size  Location     Type
   676 ;;		None
   677 ;; Auto vars:     Size  Location     Type
   678 ;;		None
   679 ;; Return value:  Size  Location     Type
   680 ;;                  1    wreg      void 
   681 ;; Registers used:
   682 ;;		wreg
   683 ;; Tracked objects:
   684 ;;		On entry : 0/0
   685 ;;		On exit  : 0/0
   686 ;;		Unchanged: 0/0
   687 ;; Data sizes:     COMMON   BANK0   BANK1   BANK2
   688 ;;      Params:         0       0       0       0
   689 ;;      Locals:         0       0       0       0
   690 ;;      Temps:          3       0       0       0
   691 ;;      Totals:         3       0       0       0
   692 ;;Total ram usage:        3 bytes
   693 ;; Hardware stack levels used:    1
   694 ;; This function calls:
   695 ;;		Nothing
   696 ;; This function is called by:
   697 ;;		_main
   698 ;; This function uses a non-reentrant model
   699 ;;
   700                           
   701                           
   702                           ;psect for function _curva90Direita
   703  0774                     _curva90Direita:	
   704  0774                     l641:	
   705                           ;incstack = 0
   706                           ; Regs used in _curva90Direita: [wreg]
   707                           
   708                           
   709                           ;main.c: 33:     PORTBbits.RB0 = 1;
   710  0774  1283               	bcf	3,5	;RP0=0, select bank0
   711  0775  1303               	bcf	3,6	;RP1=0, select bank0
   712  0776  1406               	bsf	6,0	;volatile
   713                           
   714                           ;main.c: 34:     PORTBbits.RB1 = 0;
   715  0777  1086               	bcf	6,1	;volatile
   716                           
   717                           ;main.c: 35:     PORTBbits.RB2 = 0;
   718  0778  1106               	bcf	6,2	;volatile
   719                           
   720                           ;main.c: 36:     PORTBbits.RB3 = 0;
   721  0779  1186               	bcf	6,3	;volatile
   722  077A                     l643:	
   723                           
   724                           ;main.c: 37:     _delay((unsigned long)((1200)*(4000000/4000.0)));
   725  077A  3007               	movlw	7
   726  077B  00F2               	movwf	??_curva90Direita+2
   727  077C  3017               	movlw	23
   728  077D  00F1               	movwf	??_curva90Direita+1
   729  077E  306A               	movlw	106
   730  077F  00F0               	movwf	??_curva90Direita
   731  0780                     u107:	
   732  0780  0BF0               	decfsz	??_curva90Direita,f
   733  0781  2F80               	goto	u107
   734  0782  0BF1               	decfsz	??_curva90Direita+1,f
   735  0783  2F80               	goto	u107
   736  0784  0BF2               	decfsz	??_curva90Direita+2,f
   737  0785  2F80               	goto	u107
   738  0786  0000               	nop
   739  0787                     l645:	
   740                           
   741                           ;main.c: 38:     PORTBbits.RB2 = 1;
   742  0787  1283               	bcf	3,5	;RP0=0, select bank0
   743  0788  1303               	bcf	3,6	;RP1=0, select bank0
   744  0789  1506               	bsf	6,2	;volatile
   745  078A                     l647:	
   746                           
   747                           ;main.c: 39:     PORTBbits.RB3 = 0;
   748  078A  1186               	bcf	6,3	;volatile
   749  078B                     l26:	
   750  078B  0008               	return
   751  078C                     __end_of_curva90Direita:	
   752  007E                     btemp	set	126	;btemp
   753  007E                     wtemp0	set	126


Data Sizes:
    Strings     0
    Constant    0
    Data        0
    BSS         0
    Persistent  0
    Stack       0

Auto Spaces:
    Space          Size  Autos    Used
    COMMON           14      5       5
    BANK0            80      0       0
    BANK1            80      0       0
    BANK2            48      0       0

Pointer List with Targets:

    None.

Critical Paths under _main in COMMON

    _main->_curva90Direita
    _main->_curva90Esquerda

Critical Paths under _main in BANK0

    None.

Critical Paths under _main in BANK1

    None.

Critical Paths under _main in BANK2

    None.

Call Graph Tables:

 ---------------------------------------------------------------------------------
 (Depth) Function   	        Calls       Base Space   Used Autos Params    Refs
 ---------------------------------------------------------------------------------
 (0) _main                                                 2     2      0       0
                                              3 COMMON     2     2      0
                     _curva90Direita
                    _curva90Esquerda
                       _curvaDireita
                      _curvaEsquerda
                        _segueFrente
 ---------------------------------------------------------------------------------
 (1) _segueFrente                                          0     0      0       0
 ---------------------------------------------------------------------------------
 (1) _curvaEsquerda                                        0     0      0       0
 ---------------------------------------------------------------------------------
 (1) _curvaDireita                                         0     0      0       0
 ---------------------------------------------------------------------------------
 (1) _curva90Esquerda                                      3     3      0       0
                                              0 COMMON     3     3      0
 ---------------------------------------------------------------------------------
 (1) _curva90Direita                                       3     3      0       0
                                              0 COMMON     3     3      0
 ---------------------------------------------------------------------------------
 Estimated maximum stack depth 1
 ---------------------------------------------------------------------------------

 Call Graph Graphs:

 _main (ROOT)
   _curva90Direita
   _curva90Esquerda
   _curvaDireita
   _curvaEsquerda
   _segueFrente

 Address spaces:
Name               Size   Autos  Total    Cost      Usage
BITCOMMON            E      0       0       0        0.0%
EEDATA              80      0       0       0        0.0%
NULL                 0      0       0       0        0.0%
CODE                 0      0       0       0        0.0%
COMMON               E      5       5       1       35.7%
BITSFR0              0      0       0       1        0.0%
SFR0                 0      0       0       1        0.0%
BITSFR1              0      0       0       2        0.0%
SFR1                 0      0       0       2        0.0%
STACK                0      0       0       2        0.0%
BANK0               50      0       0       3        0.0%
BITSFR3              0      0       0       4        0.0%
SFR3                 0      0       0       4        0.0%
ABS                  0      0       0       4        0.0%
BITBANK0            50      0       0       5        0.0%
BITSFR2              0      0       0       5        0.0%
SFR2                 0      0       0       5        0.0%
BITBANK1            50      0       0       6        0.0%
BANK1               50      0       0       7        0.0%
BITBANK2            30      0       0       8        0.0%
BANK2               30      0       0       9        0.0%
DATA                 0      0       0      10        0.0%


Microchip Technology PIC Macro Assembler V2.10 build 88905656 
Symbol Table                                                                                   Wed Dec 04 17:36:32 2019

                      l20 0765                        l32 0773                        l17 076C  
                      l26 078B                        l29 07A3                        u10 07C1  
                      u11 07C0                        u20 07C8                        u21 07C7  
                      u30 07CF                        u31 07CE                        u40 07D3  
                      u41 07D2                        u50 07DA                        u51 07D9  
                      u60 07DE                        u61 07DD                        u70 07EB  
                      u71 07EA                        u80 07EF                        u81 07EE  
                      u97 0798                       l701 07E5                       l711 07F9  
                     l703 07EB                       l641 0774                       l713 07FA  
                     l705 07EF                       l643 077A                       l651 0792  
                     l715 07FB                       l707 07F0                       l645 0787  
                     l653 079F                       l637 0766                       l709 07F6  
                     l661 07A4                       l647 078A                       l655 07A2  
                     l639 075F                       l671 07B7                       l663 07AE  
                     l649 078C                       l657 076D                       l681 07C1  
                     l673 07BA                       l665 07B1                       l691 07D3  
                     l683 07C2                       l675 07BB                       l667 07B5  
                     l693 07D4                       l685 07C8                       l677 07BC  
                     l669 07B6                       l695 07DA                       l687 07C9  
                     l679 07BD                       l697 07DE                       l689 07CF  
                     l699 07DF                       u107 0780                      _main 07A4  
                    btemp 007E                      start 0000   __size_of_curva90Direita 0018  
            main@contador 0073                     ?_main 0070                     _CMCON 001F  
                   _PORTA 0005                     _TRISA 0085                     _TRISB 0086  
                   status 0003                     wtemp0 007E           __initialization 07FE  
            __end_of_main 07FE  __size_of_curva90Esquerda 0018             ?_curvaDireita 0070  
                  ??_main 0073    __size_of_curvaEsquerda 0007              ?_segueFrente 0070  
          ??_curvaDireita 0070   __end_of__initialization 07FE             _curvaEsquerda 0766  
          _curva90Direita 0774            __pcstackCOMMON 0070         ??_curva90Esquerda 0070  
          ?_curvaEsquerda 0070    __end_of_curva90Direita 078C                __pmaintext 07A4  
    __size_of_segueFrente 0007      __end_of_curvaDireita 0766           ?_curva90Direita 0070  
                 __ptext1 076D                   __ptext2 0766                   __ptext3 075F  
                 __ptext4 078C                   __ptext5 0774           ??_curvaEsquerda 0070  
    end_of_initialization 07FE                 _PORTAbits 0005                 _PORTBbits 0006  
         _curva90Esquerda 078C       start_initialization 07FE     __size_of_curvaDireita 0007  
            _curvaDireita 075F                 ___latbits 0000          ??_curva90Direita 0070  
 __end_of_curva90Esquerda 07A4             ??_segueFrente 0070     __end_of_curvaEsquerda 076D  
     __end_of_segueFrente 0774          ?_curva90Esquerda 0070             __size_of_main 005A  
             _segueFrente 076D  
